[2024-11-26 00:48:37,416][flwr][WARNING] - Both server and strategy were provided, ignoring strategy
[2024-11-26 00:48:37,416][flwr][INFO] - Starting Flower simulation, config: ServerConfig(num_rounds=2, round_timeout=None)
[2024-11-26 00:48:43,177][flwr][INFO] - Flower VCE: Ray initialized with resources: {'memory': 7939178496.0, 'node:__internal_head__': 1.0, 'object_store_memory': 3969589248.0, 'CPU': 12.0, 'node:192.168.1.62': 1.0, 'GPU': 1.0, 'accelerator_type:G': 1.0}
[2024-11-26 00:48:43,177][flwr][INFO] - Flower VCE: Resources for each Virtual Client: {'num_cpus': 12, 'num_gpus': 1}
[2024-11-26 00:48:43,187][flwr][INFO] - Flower VCE: Creating VirtualClientEngineActorPool with 1 actors
[2024-11-26 00:48:43,187][flwr][INFO] - Initializing global parameters
[2024-11-26 00:48:43,187][flwr][INFO] - Requesting initial parameters from one random client
[2024-11-26 00:48:47,925][flwr][INFO] - Received initial parameters from one random client
[2024-11-26 00:48:47,925][flwr][INFO] - Evaluating initial parameters
[2024-11-26 00:48:52,664][flwr][INFO] - initial parameters (loss, other metrics): 0.74535366546276, {'accuracy': 0.46511627906976744}
[2024-11-26 00:48:52,665][flwr][INFO] - FL starting
[2024-11-26 00:48:52,695][flwr][DEBUG] - fit_round 1: strategy sampled 2 clients (out of 4)
[2024-11-26 00:48:58,028][flwr][DEBUG] - fit_round 1 received 2 results and 0 failures
[2024-11-26 00:48:58,148][flwr][WARNING] - No fit_metrics_aggregation_fn provided
[2024-11-26 00:49:02,785][flwr][INFO] - fit progress: (1, 0.7503025032753168, {'accuracy': 0.46511627906976744}, 10.11981202899915)
[2024-11-26 00:49:02,785][flwr][INFO] - evaluate_round 1: no clients selected, cancel
[2024-11-26 00:49:02,821][flwr][DEBUG] - fit_round 2: strategy sampled 2 clients (out of 4)
[2024-11-26 00:49:07,009][flwr][DEBUG] - fit_round 2 received 2 results and 0 failures
[2024-11-26 00:49:11,787][flwr][INFO] - fit progress: (2, 0.7550256159878517, {'accuracy': 0.46511627906976744}, 19.122451982999337)
[2024-11-26 00:49:11,787][flwr][INFO] - evaluate_round 2: no clients selected, cancel
[2024-11-26 00:49:11,788][flwr][INFO] - FL finished in 19.12290772599954
[2024-11-26 00:49:11,792][flwr][INFO] - app_fit: losses_distributed []
[2024-11-26 00:49:11,792][flwr][INFO] - app_fit: metrics_distributed_fit {}
[2024-11-26 00:49:11,792][flwr][INFO] - app_fit: metrics_distributed {}
[2024-11-26 00:49:11,792][flwr][INFO] - app_fit: losses_centralized [(0, 0.74535366546276), (1, 0.7503025032753168), (2, 0.7550256159878517)]
[2024-11-26 00:49:11,792][flwr][INFO] - app_fit: metrics_centralized {'accuracy': [(0, 0.46511627906976744), (1, 0.46511627906976744), (2, 0.46511627906976744)]}
