[2024-11-11 23:10:03,047][flwr][WARNING] - Both server and strategy were provided, ignoring strategy
[2024-11-11 23:10:03,048][flwr][INFO] - Starting Flower simulation, config: ServerConfig(num_rounds=15, round_timeout=None)
[2024-11-11 23:10:08,815][flwr][INFO] - Flower VCE: Ray initialized with resources: {'memory': 7303780763.0, 'node:192.168.1.236': 1.0, 'CPU': 12.0, 'node:__internal_head__': 1.0, 'accelerator_type:G': 1.0, 'GPU': 1.0, 'object_store_memory': 3651890380.0}
[2024-11-11 23:10:08,815][flwr][INFO] - Flower VCE: Resources for each Virtual Client: {'num_cpus': 4, 'num_gpus': 0.5}
[2024-11-11 23:10:08,824][flwr][INFO] - Flower VCE: Creating VirtualClientEngineActorPool with 2 actors
[2024-11-11 23:10:08,824][flwr][INFO] - Initializing global parameters
[2024-11-11 23:10:08,824][flwr][INFO] - Requesting initial parameters from one random client
[2024-11-11 23:10:12,612][flwr][INFO] - Received initial parameters from one random client
[2024-11-11 23:10:12,612][flwr][INFO] - Evaluating initial parameters
[2024-11-11 23:10:14,913][flwr][INFO] - initial parameters (loss, other metrics): 0.6820097779616331, {'accuracy': 0.625}
[2024-11-11 23:10:14,913][flwr][INFO] - FL starting
[2024-11-11 23:10:14,913][flwr][DEBUG] - fit_round 1: strategy sampled 10 clients (out of 20)
[2024-11-11 23:10:59,105][flwr][DEBUG] - fit_round 1 received 10 results and 0 failures
[2024-11-11 23:10:59,154][flwr][WARNING] - No fit_metrics_aggregation_fn provided
[2024-11-11 23:11:01,784][flwr][INFO] - fit progress: (1, 0.6636403355842981, {'accuracy': 0.625}, 46.870607000999826)
[2024-11-11 23:11:01,784][flwr][INFO] - evaluate_round 1: no clients selected, cancel
[2024-11-11 23:11:01,784][flwr][DEBUG] - fit_round 2: strategy sampled 10 clients (out of 20)
[2024-11-11 23:11:45,621][flwr][DEBUG] - fit_round 2 received 10 results and 0 failures
[2024-11-11 23:11:48,390][flwr][INFO] - fit progress: (2, 0.6639655461678138, {'accuracy': 0.625}, 93.47656458499978)
[2024-11-11 23:11:48,390][flwr][INFO] - evaluate_round 2: no clients selected, cancel
[2024-11-11 23:11:48,390][flwr][DEBUG] - fit_round 3: strategy sampled 10 clients (out of 20)
[2024-11-11 23:12:39,910][flwr][DEBUG] - fit_round 3 received 10 results and 0 failures
[2024-11-11 23:12:43,285][flwr][INFO] - fit progress: (3, 0.6762632895738651, {'accuracy': 0.625}, 148.37228953399972)
[2024-11-11 23:12:43,286][flwr][INFO] - evaluate_round 3: no clients selected, cancel
[2024-11-11 23:12:43,286][flwr][DEBUG] - fit_round 4: strategy sampled 10 clients (out of 20)
[2024-11-11 23:13:33,738][flwr][DEBUG] - fit_round 4 received 10 results and 0 failures
[2024-11-11 23:13:36,741][flwr][INFO] - fit progress: (4, 0.6891053204353039, {'accuracy': 0.625}, 201.82829234600013)
[2024-11-11 23:13:36,742][flwr][INFO] - evaluate_round 4: no clients selected, cancel
[2024-11-11 23:13:36,742][flwr][DEBUG] - fit_round 5: strategy sampled 10 clients (out of 20)
[2024-11-11 23:14:26,756][flwr][DEBUG] - fit_round 5 received 10 results and 0 failures
[2024-11-11 23:14:29,654][flwr][INFO] - fit progress: (5, 0.6928629516026913, {'accuracy': 0.625}, 254.74111968099987)
[2024-11-11 23:14:29,654][flwr][INFO] - evaluate_round 5: no clients selected, cancel
[2024-11-11 23:14:29,655][flwr][DEBUG] - fit_round 6: strategy sampled 10 clients (out of 20)
[2024-11-11 23:15:17,177][flwr][DEBUG] - fit_round 6 received 10 results and 0 failures
[2024-11-11 23:15:20,031][flwr][INFO] - fit progress: (6, 0.6951033404240241, {'accuracy': 0.625}, 305.11813685200013)
[2024-11-11 23:15:20,032][flwr][INFO] - evaluate_round 6: no clients selected, cancel
[2024-11-11 23:15:20,032][flwr][DEBUG] - fit_round 7: strategy sampled 10 clients (out of 20)
[2024-11-11 23:16:07,297][flwr][DEBUG] - fit_round 7 received 10 results and 0 failures
[2024-11-11 23:16:09,976][flwr][INFO] - fit progress: (7, 0.6948190354383909, {'accuracy': 0.625}, 355.06347062899977)
[2024-11-11 23:16:09,977][flwr][INFO] - evaluate_round 7: no clients selected, cancel
[2024-11-11 23:16:09,977][flwr][DEBUG] - fit_round 8: strategy sampled 10 clients (out of 20)
[2024-11-11 23:16:57,801][flwr][DEBUG] - fit_round 8 received 10 results and 0 failures
[2024-11-11 23:17:00,544][flwr][INFO] - fit progress: (8, 0.6954203989261236, {'accuracy': 0.625}, 405.6310187739996)
[2024-11-11 23:17:00,544][flwr][INFO] - evaluate_round 8: no clients selected, cancel
[2024-11-11 23:17:00,545][flwr][DEBUG] - fit_round 9: strategy sampled 10 clients (out of 20)
[2024-11-11 23:17:48,273][flwr][DEBUG] - fit_round 9 received 10 results and 0 failures
[2024-11-11 23:17:51,023][flwr][INFO] - fit progress: (9, 0.6941647468469082, {'accuracy': 0.625}, 456.1096841630001)
[2024-11-11 23:17:51,023][flwr][INFO] - evaluate_round 9: no clients selected, cancel
[2024-11-11 23:17:51,023][flwr][DEBUG] - fit_round 10: strategy sampled 10 clients (out of 20)
[2024-11-11 23:18:39,411][flwr][DEBUG] - fit_round 10 received 10 results and 0 failures
[2024-11-11 23:18:42,284][flwr][INFO] - fit progress: (10, 0.693794017418837, {'accuracy': 0.625}, 507.37118383499956)
[2024-11-11 23:18:42,284][flwr][INFO] - evaluate_round 10: no clients selected, cancel
[2024-11-11 23:18:42,285][flwr][DEBUG] - fit_round 11: strategy sampled 10 clients (out of 20)
