[2024-11-27 01:44:19,490][flwr][WARNING] - Both server and strategy were provided, ignoring strategy
[2024-11-27 01:44:19,490][flwr][INFO] - Starting Flower simulation, config: ServerConfig(num_rounds=2, round_timeout=None)
[2024-11-27 01:44:24,891][flwr][INFO] - Flower VCE: Ray initialized with resources: {'object_store_memory': 4224411648.0, 'accelerator_type:G': 1.0, 'GPU': 1.0, 'memory': 8448823296.0, 'CPU': 12.0, 'node:192.168.1.62': 1.0, 'node:__internal_head__': 1.0}
[2024-11-27 01:44:24,891][flwr][INFO] - Flower VCE: Resources for each Virtual Client: {'num_cpus': 12, 'num_gpus': 1}
[2024-11-27 01:44:24,899][flwr][INFO] - Flower VCE: Creating VirtualClientEngineActorPool with 1 actors
[2024-11-27 01:44:24,899][flwr][INFO] - Initializing global parameters
[2024-11-27 01:44:24,899][flwr][INFO] - Requesting initial parameters from one random client
[2024-11-27 01:44:29,182][flwr][INFO] - Received initial parameters from one random client
[2024-11-27 01:44:29,183][flwr][INFO] - Evaluating initial parameters
[2024-11-27 01:44:33,378][flwr][INFO] - initial parameters (loss, other metrics): 0.7130948221960733, {'accuracy': 0.29457364341085274}
[2024-11-27 01:44:33,378][flwr][INFO] - FL starting
[2024-11-27 01:44:33,378][flwr][DEBUG] - fit_round 1: strategy sampled 2 clients (out of 4)
[2024-11-27 01:44:38,141][flwr][DEBUG] - fit_round 1 received 2 results and 0 failures
[2024-11-27 01:44:38,207][flwr][WARNING] - No fit_metrics_aggregation_fn provided
[2024-11-27 01:44:42,337][flwr][INFO] - fit progress: (1, 0.7149097013843152, {'accuracy': 0.4573643410852713}, 8.958275253000465)
[2024-11-27 01:44:42,337][flwr][INFO] - evaluate_round 1: no clients selected, cancel
[2024-11-27 01:44:42,337][flwr][DEBUG] - fit_round 2: strategy sampled 2 clients (out of 4)
[2024-11-27 01:44:46,079][flwr][DEBUG] - fit_round 2 received 2 results and 0 failures
[2024-11-27 01:44:50,444][flwr][INFO] - fit progress: (2, 0.7218687811563181, {'accuracy': 0.46511627906976744}, 17.06570344099964)
[2024-11-27 01:44:50,444][flwr][INFO] - evaluate_round 2: no clients selected, cancel
[2024-11-27 01:44:50,445][flwr][INFO] - FL finished in 17.066277211000852
[2024-11-27 01:44:50,445][flwr][INFO] - app_fit: losses_distributed []
[2024-11-27 01:44:50,445][flwr][INFO] - app_fit: metrics_distributed_fit {}
[2024-11-27 01:44:50,446][flwr][INFO] - app_fit: metrics_distributed {}
[2024-11-27 01:44:50,446][flwr][INFO] - app_fit: losses_centralized [(0, 0.7130948221960733), (1, 0.7149097013843152), (2, 0.7218687811563181)]
[2024-11-27 01:44:50,446][flwr][INFO] - app_fit: metrics_centralized {'accuracy': [(0, 0.29457364341085274), (1, 0.4573643410852713), (2, 0.46511627906976744)]}
