[2024-11-10 01:24:49,412][flwr][WARNING] - Both server and strategy were provided, ignoring strategy
[2024-11-10 01:24:49,412][flwr][INFO] - Starting Flower simulation, config: ServerConfig(num_rounds=5, round_timeout=None)
[2024-11-10 01:24:54,040][flwr][INFO] - Flower VCE: Ray initialized with resources: {'node:__internal_head__': 1.0, 'node:192.168.1.234': 1.0, 'memory': 6034260788.0, 'object_store_memory': 3017130393.0, 'CPU': 12.0, 'GPU': 1.0, 'accelerator_type:G': 1.0}
[2024-11-10 01:24:54,041][flwr][INFO] - Flower VCE: Resources for each Virtual Client: {'num_cpus': 4, 'num_gpus': 0.0}
[2024-11-10 01:24:54,050][flwr][INFO] - Flower VCE: Creating VirtualClientEngineActorPool with 3 actors
[2024-11-10 01:24:54,050][flwr][INFO] - Initializing global parameters
[2024-11-10 01:24:54,050][flwr][INFO] - Requesting initial parameters from one random client
[2024-11-10 01:24:55,652][flwr][INFO] - Received initial parameters from one random client
[2024-11-10 01:24:55,652][flwr][INFO] - Evaluating initial parameters
[2024-11-10 01:24:57,981][flwr][INFO] - initial parameters (loss, other metrics): 2.2897011928069286, {'accuracy': 0.0}
[2024-11-10 01:24:57,981][flwr][INFO] - FL starting
[2024-11-10 01:24:57,981][flwr][DEBUG] - fit_round 1: strategy sampled 10 clients (out of 10)
[2024-11-10 01:25:05,666][flwr][DEBUG] - fit_round 1 received 10 results and 0 failures
[2024-11-10 01:25:05,729][flwr][WARNING] - No fit_metrics_aggregation_fn provided
[2024-11-10 01:25:07,995][flwr][INFO] - fit progress: (1, 2.214148765955216, {'accuracy': 0.625}, 10.014137614998617)
[2024-11-10 01:25:07,995][flwr][INFO] - evaluate_round 1: no clients selected, cancel
[2024-11-10 01:25:07,995][flwr][DEBUG] - fit_round 2: strategy sampled 10 clients (out of 10)
[2024-11-10 01:25:15,709][flwr][DEBUG] - fit_round 2 received 10 results and 0 failures
[2024-11-10 01:25:18,197][flwr][INFO] - fit progress: (2, 2.120894566560403, {'accuracy': 0.625}, 20.215609271996072)
[2024-11-10 01:25:18,197][flwr][INFO] - evaluate_round 2: no clients selected, cancel
[2024-11-10 01:25:18,197][flwr][DEBUG] - fit_round 3: strategy sampled 10 clients (out of 10)
