[2024-11-10 02:15:09,770][flwr][WARNING] - Both server and strategy were provided, ignoring strategy
[2024-11-10 02:15:09,771][flwr][INFO] - Starting Flower simulation, config: ServerConfig(num_rounds=5, round_timeout=None)
[2024-11-10 02:15:15,034][flwr][INFO] - Flower VCE: Ray initialized with resources: {'node:192.168.1.234': 1.0, 'object_store_memory': 2953440460.0, 'memory': 5906880923.0, 'CPU': 12.0, 'node:__internal_head__': 1.0, 'accelerator_type:G': 1.0, 'GPU': 1.0}
[2024-11-10 02:15:15,034][flwr][INFO] - Flower VCE: Resources for each Virtual Client: {'num_cpus': 4, 'num_gpus': 0.0}
[2024-11-10 02:15:15,042][flwr][INFO] - Flower VCE: Creating VirtualClientEngineActorPool with 3 actors
[2024-11-10 02:15:15,042][flwr][INFO] - Initializing global parameters
[2024-11-10 02:15:15,042][flwr][INFO] - Requesting initial parameters from one random client
[2024-11-10 02:15:16,833][flwr][INFO] - Received initial parameters from one random client
[2024-11-10 02:15:16,833][flwr][INFO] - Evaluating initial parameters
[2024-11-10 02:15:18,738][flwr][INFO] - initial parameters (loss, other metrics): 2.3194796427702293, {'accuracy': 0.0}
[2024-11-10 02:15:18,738][flwr][INFO] - FL starting
[2024-11-10 02:15:18,738][flwr][DEBUG] - fit_round 1: strategy sampled 10 clients (out of 10)
[2024-11-10 02:15:26,224][flwr][DEBUG] - fit_round 1 received 10 results and 0 failures
[2024-11-10 02:15:26,261][flwr][WARNING] - No fit_metrics_aggregation_fn provided
[2024-11-10 02:15:28,145][flwr][INFO] - fit progress: (1, 2.0014232152547593, {'accuracy': 0.625}, 9.406335567000497)
[2024-11-10 02:15:28,145][flwr][INFO] - evaluate_round 1: no clients selected, cancel
[2024-11-10 02:15:28,145][flwr][DEBUG] - fit_round 2: strategy sampled 10 clients (out of 10)
[2024-11-10 02:15:34,931][flwr][DEBUG] - fit_round 2 received 10 results and 0 failures
[2024-11-10 02:15:36,872][flwr][INFO] - fit progress: (2, 2.0454418358798976, {'accuracy': 0.625}, 18.133604802002083)
[2024-11-10 02:15:36,872][flwr][INFO] - evaluate_round 2: no clients selected, cancel
[2024-11-10 02:15:36,872][flwr][DEBUG] - fit_round 3: strategy sampled 10 clients (out of 10)
[2024-11-10 02:15:43,631][flwr][DEBUG] - fit_round 3 received 10 results and 0 failures
[2024-11-10 02:15:45,619][flwr][INFO] - fit progress: (3, 0.7898588608472775, {'accuracy': 0.625}, 26.881071766998502)
[2024-11-10 02:15:45,620][flwr][INFO] - evaluate_round 3: no clients selected, cancel
[2024-11-10 02:15:45,620][flwr][DEBUG] - fit_round 4: strategy sampled 10 clients (out of 10)
[2024-11-10 02:15:52,199][flwr][DEBUG] - fit_round 4 received 10 results and 0 failures
[2024-11-10 02:15:54,183][flwr][INFO] - fit progress: (4, 1.2716210753871844, {'accuracy': 0.625}, 35.44448051299696)
[2024-11-10 02:15:54,183][flwr][INFO] - evaluate_round 4: no clients selected, cancel
[2024-11-10 02:15:54,183][flwr][DEBUG] - fit_round 5: strategy sampled 10 clients (out of 10)
[2024-11-10 02:16:01,222][flwr][DEBUG] - fit_round 5 received 10 results and 0 failures
[2024-11-10 02:16:03,371][flwr][INFO] - fit progress: (5, 0.7185867046698545, {'accuracy': 0.625}, 44.63307787499798)
[2024-11-10 02:16:03,372][flwr][INFO] - evaluate_round 5: no clients selected, cancel
[2024-11-10 02:16:03,372][flwr][INFO] - FL finished in 44.63350316799915
[2024-11-10 02:16:03,372][flwr][INFO] - app_fit: losses_distributed []
[2024-11-10 02:16:03,372][flwr][INFO] - app_fit: metrics_distributed_fit {}
[2024-11-10 02:16:03,373][flwr][INFO] - app_fit: metrics_distributed {}
[2024-11-10 02:16:03,373][flwr][INFO] - app_fit: losses_centralized [(0, 2.3194796427702293), (1, 2.0014232152547593), (2, 2.0454418358798976), (3, 0.7898588608472775), (4, 1.2716210753871844), (5, 0.7185867046698545)]
[2024-11-10 02:16:03,373][flwr][INFO] - app_fit: metrics_centralized {'accuracy': [(0, 0.0), (1, 0.625), (2, 0.625), (3, 0.625), (4, 0.625), (5, 0.625)]}
