[2024-11-09 23:59:34,233][flwr][WARNING] - Both server and strategy were provided, ignoring strategy
[2024-11-09 23:59:34,233][flwr][INFO] - Starting Flower simulation, config: ServerConfig(num_rounds=5, round_timeout=None)
[2024-11-09 23:59:38,935][flwr][INFO] - Flower VCE: Ray initialized with resources: {'node:__internal_head__': 1.0, 'GPU': 1.0, 'accelerator_type:G': 1.0, 'memory': 6362193102.0, 'node:192.168.1.234': 1.0, 'object_store_memory': 3181096550.0, 'CPU': 12.0}
[2024-11-09 23:59:38,935][flwr][INFO] - Flower VCE: Resources for each Virtual Client: {'num_cpus': 4, 'num_gpus': 0.0}
[2024-11-09 23:59:38,943][flwr][INFO] - Flower VCE: Creating VirtualClientEngineActorPool with 3 actors
[2024-11-09 23:59:38,943][flwr][INFO] - Initializing global parameters
[2024-11-09 23:59:38,943][flwr][INFO] - Requesting initial parameters from one random client
[2024-11-09 23:59:40,595][flwr][INFO] - Received initial parameters from one random client
[2024-11-09 23:59:40,596][flwr][INFO] - Evaluating initial parameters
[2024-11-09 23:59:42,955][flwr][INFO] - initial parameters (loss, other metrics): 2.304843071179512, {'accuracy': 0.33653846153846156}
[2024-11-09 23:59:42,955][flwr][INFO] - FL starting
[2024-11-09 23:59:42,955][flwr][DEBUG] - fit_round 1: strategy sampled 10 clients (out of 10)
[2024-11-09 23:59:51,477][flwr][DEBUG] - fit_round 1 received 10 results and 0 failures
[2024-11-09 23:59:51,548][flwr][WARNING] - No fit_metrics_aggregation_fn provided
[2024-11-09 23:59:53,826][flwr][INFO] - fit progress: (1, 2.221083482106527, {'accuracy': 0.42788461538461536}, 10.870697548998578)
[2024-11-09 23:59:53,826][flwr][INFO] - evaluate_round 1: no clients selected, cancel
[2024-11-09 23:59:53,827][flwr][DEBUG] - fit_round 2: strategy sampled 10 clients (out of 10)
[2024-11-10 00:00:01,656][flwr][DEBUG] - fit_round 2 received 10 results and 0 failures
[2024-11-10 00:00:04,359][flwr][INFO] - fit progress: (2, 2.119797388712565, {'accuracy': 0.625}, 21.404039112996543)
[2024-11-10 00:00:04,359][flwr][INFO] - evaluate_round 2: no clients selected, cancel
[2024-11-10 00:00:04,360][flwr][DEBUG] - fit_round 3: strategy sampled 10 clients (out of 10)
[2024-11-10 00:00:12,932][flwr][DEBUG] - fit_round 3 received 10 results and 0 failures
[2024-11-10 00:00:15,580][flwr][INFO] - fit progress: (3, 1.9159236076550605, {'accuracy': 0.625}, 32.62440823500219)
[2024-11-10 00:00:15,580][flwr][INFO] - evaluate_round 3: no clients selected, cancel
[2024-11-10 00:00:15,580][flwr][DEBUG] - fit_round 4: strategy sampled 10 clients (out of 10)
[2024-11-10 00:00:24,117][flwr][DEBUG] - fit_round 4 received 10 results and 0 failures
[2024-11-10 00:00:26,616][flwr][INFO] - fit progress: (4, 1.4599827436300425, {'accuracy': 0.625}, 43.66092818600009)
[2024-11-10 00:00:26,616][flwr][INFO] - evaluate_round 4: no clients selected, cancel
[2024-11-10 00:00:26,617][flwr][DEBUG] - fit_round 5: strategy sampled 10 clients (out of 10)
[2024-11-10 00:00:34,993][flwr][DEBUG] - fit_round 5 received 10 results and 0 failures
[2024-11-10 00:00:37,567][flwr][INFO] - fit progress: (5, 1.463942371117763, {'accuracy': 0.625}, 54.61222919399734)
[2024-11-10 00:00:37,568][flwr][INFO] - evaluate_round 5: no clients selected, cancel
[2024-11-10 00:00:37,568][flwr][INFO] - FL finished in 54.61261357799958
[2024-11-10 00:00:37,568][flwr][INFO] - app_fit: losses_distributed []
[2024-11-10 00:00:37,569][flwr][INFO] - app_fit: metrics_distributed_fit {}
[2024-11-10 00:00:37,569][flwr][INFO] - app_fit: metrics_distributed {}
[2024-11-10 00:00:37,569][flwr][INFO] - app_fit: losses_centralized [(0, 2.304843071179512), (1, 2.221083482106527), (2, 2.119797388712565), (3, 1.9159236076550605), (4, 1.4599827436300425), (5, 1.463942371117763)]
[2024-11-10 00:00:37,569][flwr][INFO] - app_fit: metrics_centralized {'accuracy': [(0, 0.33653846153846156), (1, 0.42788461538461536), (2, 0.625), (3, 0.625), (4, 0.625), (5, 0.625)]}
