[2024-11-22 07:54:41,128][flwr][WARNING] - Both server and strategy were provided, ignoring strategy
[2024-11-22 07:54:41,128][flwr][INFO] - Starting Flower simulation, config: ServerConfig(num_rounds=2, round_timeout=None)
[2024-11-22 07:54:46,431][flwr][INFO] - Flower VCE: Ray initialized with resources: {'node:10.13.52.102': 1.0, 'memory': 7913152512.0, 'CPU': 12.0, 'node:__internal_head__': 1.0, 'GPU': 1.0, 'accelerator_type:G': 1.0, 'object_store_memory': 3956576256.0}
[2024-11-22 07:54:46,431][flwr][INFO] - Flower VCE: Resources for each Virtual Client: {'num_cpus': 4, 'num_gpus': 0.5}
[2024-11-22 07:54:46,446][flwr][INFO] - Flower VCE: Creating VirtualClientEngineActorPool with 2 actors
[2024-11-22 07:54:46,446][flwr][INFO] - Initializing global parameters
[2024-11-22 07:54:46,446][flwr][INFO] - Requesting initial parameters from one random client
[2024-11-22 07:54:50,538][flwr][INFO] - Received initial parameters from one random client
[2024-11-22 07:54:50,539][flwr][INFO] - Evaluating initial parameters
[2024-11-22 07:54:53,474][flwr][INFO] - initial parameters (loss, other metrics): 0.6542725193408109, {'accuracy': 0.6589147286821705}
[2024-11-22 07:54:53,474][flwr][INFO] - FL starting
[2024-11-22 07:54:53,475][flwr][DEBUG] - fit_round 1: strategy sampled 10 clients (out of 20)
[2024-11-22 07:55:05,630][flwr][DEBUG] - fit_round 1 received 10 results and 0 failures
[2024-11-22 07:55:06,000][flwr][WARNING] - No fit_metrics_aggregation_fn provided
[2024-11-22 07:55:09,156][flwr][INFO] - fit progress: (1, 0.6689507129580475, {'accuracy': 0.5736434108527132}, 15.681131160000405)
[2024-11-22 07:55:09,156][flwr][INFO] - evaluate_round 1: no clients selected, cancel
[2024-11-22 07:55:09,156][flwr][DEBUG] - fit_round 2: strategy sampled 10 clients (out of 20)
[2024-11-22 07:55:18,711][flwr][DEBUG] - fit_round 2 received 10 results and 0 failures
[2024-11-22 07:55:22,001][flwr][INFO] - fit progress: (2, 0.6979035407073738, {'accuracy': 0.4728682170542636}, 28.526806291000412)
[2024-11-22 07:55:22,002][flwr][INFO] - evaluate_round 2: no clients selected, cancel
[2024-11-22 07:55:22,002][flwr][INFO] - FL finished in 28.52735390099997
[2024-11-22 07:55:22,010][flwr][INFO] - app_fit: losses_distributed []
[2024-11-22 07:55:22,011][flwr][INFO] - app_fit: metrics_distributed_fit {}
[2024-11-22 07:55:22,011][flwr][INFO] - app_fit: metrics_distributed {}
[2024-11-22 07:55:22,011][flwr][INFO] - app_fit: losses_centralized [(0, 0.6542725193408109), (1, 0.6689507129580475), (2, 0.6979035407073738)]
[2024-11-22 07:55:22,011][flwr][INFO] - app_fit: metrics_centralized {'accuracy': [(0, 0.6589147286821705), (1, 0.5736434108527132), (2, 0.4728682170542636)]}
