[2024-11-23 17:16:50,719][flwr][WARNING] - Both server and strategy were provided, ignoring strategy
[2024-11-23 17:16:50,719][flwr][INFO] - Starting Flower simulation, config: ServerConfig(num_rounds=2, round_timeout=None)
[2024-11-23 17:16:55,925][flwr][INFO] - Flower VCE: Ray initialized with resources: {'node:192.168.1.62': 1.0, 'CPU': 12.0, 'memory': 7082191259.0, 'object_store_memory': 3541095628.0, 'GPU': 1.0, 'accelerator_type:G': 1.0, 'node:__internal_head__': 1.0}
[2024-11-23 17:16:55,925][flwr][INFO] - Flower VCE: Resources for each Virtual Client: {'num_cpus': 4, 'num_gpus': 0.5}
[2024-11-23 17:16:55,932][flwr][INFO] - Flower VCE: Creating VirtualClientEngineActorPool with 2 actors
[2024-11-23 17:16:55,933][flwr][INFO] - Initializing global parameters
[2024-11-23 17:16:55,933][flwr][INFO] - Requesting initial parameters from one random client
[2024-11-23 17:17:00,009][flwr][INFO] - Received initial parameters from one random client
[2024-11-23 17:17:00,010][flwr][INFO] - Evaluating initial parameters
[2024-11-23 17:17:03,861][flwr][INFO] - initial parameters (loss, other metrics): 0.7089365286420483, {'accuracy': 0.4108527131782946}
[2024-11-23 17:17:03,861][flwr][INFO] - FL starting
[2024-11-23 17:17:03,861][flwr][DEBUG] - fit_round 1: strategy sampled 6 clients (out of 60)
[2024-11-23 17:17:10,969][flwr][DEBUG] - fit_round 1 received 6 results and 0 failures
[2024-11-23 17:17:11,114][flwr][WARNING] - No fit_metrics_aggregation_fn provided
[2024-11-23 17:17:15,660][flwr][INFO] - fit progress: (1, 0.7093025769374167, {'accuracy': 0.3798449612403101}, 11.799172218001331)
[2024-11-23 17:17:15,660][flwr][INFO] - evaluate_round 1: no clients selected, cancel
[2024-11-23 17:17:15,661][flwr][DEBUG] - fit_round 2: strategy sampled 6 clients (out of 60)
[2024-11-23 17:17:20,948][flwr][DEBUG] - fit_round 2 received 6 results and 0 failures
[2024-11-23 17:17:25,196][flwr][INFO] - fit progress: (2, 0.7094817087631817, {'accuracy': 0.3333333333333333}, 21.334469374996843)
[2024-11-23 17:17:25,196][flwr][INFO] - evaluate_round 2: no clients selected, cancel
[2024-11-23 17:17:25,196][flwr][INFO] - FL finished in 21.334803330995783
[2024-11-23 17:17:25,207][flwr][INFO] - app_fit: losses_distributed []
[2024-11-23 17:17:25,207][flwr][INFO] - app_fit: metrics_distributed_fit {}
[2024-11-23 17:17:25,207][flwr][INFO] - app_fit: metrics_distributed {}
[2024-11-23 17:17:25,207][flwr][INFO] - app_fit: losses_centralized [(0, 0.7089365286420483), (1, 0.7093025769374167), (2, 0.7094817087631817)]
[2024-11-23 17:17:25,207][flwr][INFO] - app_fit: metrics_centralized {'accuracy': [(0, 0.4108527131782946), (1, 0.3798449612403101), (2, 0.3333333333333333)]}
