[2024-11-10 01:49:41,966][flwr][WARNING] - Both server and strategy were provided, ignoring strategy
[2024-11-10 01:49:41,968][flwr][INFO] - Starting Flower simulation, config: ServerConfig(num_rounds=5, round_timeout=None)
[2024-11-10 01:49:47,196][flwr][INFO] - Flower VCE: Ray initialized with resources: {'node:__internal_head__': 1.0, 'CPU': 12.0, 'memory': 5982098228.0, 'GPU': 1.0, 'accelerator_type:G': 1.0, 'node:192.168.1.234': 1.0, 'object_store_memory': 2991049113.0}
[2024-11-10 01:49:47,196][flwr][INFO] - Flower VCE: Resources for each Virtual Client: {'num_cpus': 4, 'num_gpus': 0.0}
[2024-11-10 01:49:47,208][flwr][INFO] - Flower VCE: Creating VirtualClientEngineActorPool with 3 actors
[2024-11-10 01:49:47,208][flwr][INFO] - Initializing global parameters
[2024-11-10 01:49:47,208][flwr][INFO] - Requesting initial parameters from one random client
[2024-11-10 01:49:49,042][flwr][INFO] - Received initial parameters from one random client
[2024-11-10 01:49:49,042][flwr][INFO] - Evaluating initial parameters
[2024-11-10 01:49:51,127][flwr][INFO] - initial parameters (loss, other metrics): 2.4197980134915085, {'accuracy': 0.0}
[2024-11-10 01:49:51,128][flwr][INFO] - FL starting
[2024-11-10 01:49:51,128][flwr][DEBUG] - fit_round 1: strategy sampled 10 clients (out of 10)
[2024-11-10 01:49:59,264][flwr][DEBUG] - fit_round 1 received 10 results and 0 failures
[2024-11-10 01:49:59,353][flwr][WARNING] - No fit_metrics_aggregation_fn provided
[2024-11-10 01:50:01,360][flwr][INFO] - fit progress: (1, 2.126809801810827, {'accuracy': 0.625}, 10.232648528995924)
[2024-11-10 01:50:01,361][flwr][INFO] - evaluate_round 1: no clients selected, cancel
[2024-11-10 01:50:01,361][flwr][DEBUG] - fit_round 2: strategy sampled 10 clients (out of 10)
[2024-11-10 01:50:09,532][flwr][DEBUG] - fit_round 2 received 10 results and 0 failures
[2024-11-10 01:50:11,764][flwr][INFO] - fit progress: (2, 1.7262064187954633, {'accuracy': 0.625}, 20.63631426700158)
[2024-11-10 01:50:11,764][flwr][INFO] - evaluate_round 2: no clients selected, cancel
[2024-11-10 01:50:11,765][flwr][DEBUG] - fit_round 3: strategy sampled 10 clients (out of 10)
[2024-11-10 01:50:19,598][flwr][DEBUG] - fit_round 3 received 10 results and 0 failures
[2024-11-10 01:50:21,796][flwr][INFO] - fit progress: (3, 0.7439587918611673, {'accuracy': 0.625}, 30.66830370599928)
[2024-11-10 01:50:21,796][flwr][INFO] - evaluate_round 3: no clients selected, cancel
[2024-11-10 01:50:21,797][flwr][DEBUG] - fit_round 4: strategy sampled 10 clients (out of 10)
[2024-11-10 01:50:29,853][flwr][DEBUG] - fit_round 4 received 10 results and 0 failures
[2024-11-10 01:50:32,136][flwr][INFO] - fit progress: (4, 0.9181593232429944, {'accuracy': 0.625}, 41.0083716109948)
[2024-11-10 01:50:32,136][flwr][INFO] - evaluate_round 4: no clients selected, cancel
[2024-11-10 01:50:32,137][flwr][DEBUG] - fit_round 5: strategy sampled 10 clients (out of 10)
[2024-11-10 01:50:40,174][flwr][DEBUG] - fit_round 5 received 10 results and 0 failures
[2024-11-10 01:50:42,330][flwr][INFO] - fit progress: (5, 0.8613424560962579, {'accuracy': 0.625}, 51.20247350399586)
[2024-11-10 01:50:42,331][flwr][INFO] - evaluate_round 5: no clients selected, cancel
[2024-11-10 01:50:42,331][flwr][INFO] - FL finished in 51.203333379999094
[2024-11-10 01:50:42,333][flwr][INFO] - app_fit: losses_distributed []
[2024-11-10 01:50:42,333][flwr][INFO] - app_fit: metrics_distributed_fit {}
[2024-11-10 01:50:42,333][flwr][INFO] - app_fit: metrics_distributed {}
[2024-11-10 01:50:42,333][flwr][INFO] - app_fit: losses_centralized [(0, 2.4197980134915085), (1, 2.126809801810827), (2, 1.7262064187954633), (3, 0.7439587918611673), (4, 0.9181593232429944), (5, 0.8613424560962579)]
[2024-11-10 01:50:42,333][flwr][INFO] - app_fit: metrics_centralized {'accuracy': [(0, 0.0), (1, 0.625), (2, 0.625), (3, 0.625), (4, 0.625), (5, 0.625)]}
