[2024-11-11 22:39:39,528][flwr][WARNING] - Both server and strategy were provided, ignoring strategy
[2024-11-11 22:39:39,528][flwr][INFO] - Starting Flower simulation, config: ServerConfig(num_rounds=15, round_timeout=None)
[2024-11-11 22:39:45,401][flwr][INFO] - Flower VCE: Ray initialized with resources: {'object_store_memory': 3685226496.0, 'memory': 7370452992.0, 'node:192.168.1.236': 1.0, 'CPU': 12.0, 'accelerator_type:G': 1.0, 'GPU': 1.0, 'node:__internal_head__': 1.0}
[2024-11-11 22:39:45,402][flwr][INFO] - Flower VCE: Resources for each Virtual Client: {'num_cpus': 4, 'num_gpus': 0.5}
[2024-11-11 22:39:45,410][flwr][INFO] - Flower VCE: Creating VirtualClientEngineActorPool with 2 actors
[2024-11-11 22:39:45,410][flwr][INFO] - Initializing global parameters
[2024-11-11 22:39:45,410][flwr][INFO] - Requesting initial parameters from one random client
[2024-11-11 22:39:49,049][flwr][INFO] - Received initial parameters from one random client
[2024-11-11 22:39:49,049][flwr][INFO] - Evaluating initial parameters
[2024-11-11 22:39:51,336][flwr][INFO] - initial parameters (loss, other metrics): 0.6910956028180245, {'accuracy': 0.625}
[2024-11-11 22:39:51,336][flwr][INFO] - FL starting
[2024-11-11 22:39:51,337][flwr][DEBUG] - fit_round 1: strategy sampled 10 clients (out of 20)
[2024-11-11 22:40:18,385][flwr][DEBUG] - fit_round 1 received 10 results and 0 failures
[2024-11-11 22:40:18,431][flwr][WARNING] - No fit_metrics_aggregation_fn provided
[2024-11-11 22:40:20,831][flwr][INFO] - fit progress: (1, 0.6859675951493092, {'accuracy': 0.625}, 29.494592750000038)
[2024-11-11 22:40:20,831][flwr][INFO] - evaluate_round 1: no clients selected, cancel
[2024-11-11 22:40:20,832][flwr][DEBUG] - fit_round 2: strategy sampled 10 clients (out of 20)
[2024-11-11 22:40:50,889][flwr][DEBUG] - fit_round 2 received 10 results and 0 failures
[2024-11-11 22:40:53,538][flwr][INFO] - fit progress: (2, 0.6640733770835094, {'accuracy': 0.625}, 62.20169597900008)
[2024-11-11 22:40:53,538][flwr][INFO] - evaluate_round 2: no clients selected, cancel
[2024-11-11 22:40:53,539][flwr][DEBUG] - fit_round 3: strategy sampled 10 clients (out of 20)
[2024-11-11 22:41:20,919][flwr][DEBUG] - fit_round 3 received 10 results and 0 failures
[2024-11-11 22:41:23,460][flwr][INFO] - fit progress: (3, 0.6900322368511786, {'accuracy': 0.625}, 92.12344931100006)
[2024-11-11 22:41:23,460][flwr][INFO] - evaluate_round 3: no clients selected, cancel
[2024-11-11 22:41:23,460][flwr][DEBUG] - fit_round 4: strategy sampled 10 clients (out of 20)
[2024-11-11 22:41:53,163][flwr][DEBUG] - fit_round 4 received 10 results and 0 failures
[2024-11-11 22:41:55,771][flwr][INFO] - fit progress: (4, 0.7294691866024946, {'accuracy': 0.625}, 124.4342689340001)
[2024-11-11 22:41:55,771][flwr][INFO] - evaluate_round 4: no clients selected, cancel
[2024-11-11 22:41:55,771][flwr][DEBUG] - fit_round 5: strategy sampled 10 clients (out of 20)
[2024-11-11 22:42:24,482][flwr][DEBUG] - fit_round 5 received 10 results and 0 failures
[2024-11-11 22:42:27,019][flwr][INFO] - fit progress: (5, 0.6841050837284479, {'accuracy': 0.625}, 155.68243251600006)
[2024-11-11 22:42:27,019][flwr][INFO] - evaluate_round 5: no clients selected, cancel
[2024-11-11 22:42:27,019][flwr][DEBUG] - fit_round 6: strategy sampled 10 clients (out of 20)
[2024-11-11 22:42:51,924][flwr][DEBUG] - fit_round 6 received 10 results and 0 failures
[2024-11-11 22:42:54,517][flwr][INFO] - fit progress: (6, 0.9937959940005572, {'accuracy': 0.625}, 183.1806649749999)
[2024-11-11 22:42:54,517][flwr][INFO] - evaluate_round 6: no clients selected, cancel
[2024-11-11 22:42:54,518][flwr][DEBUG] - fit_round 7: strategy sampled 10 clients (out of 20)
[2024-11-11 22:43:27,039][flwr][DEBUG] - fit_round 7 received 10 results and 0 failures
[2024-11-11 22:43:29,964][flwr][INFO] - fit progress: (7, 0.6523336523618454, {'accuracy': 0.625}, 218.627116591)
[2024-11-11 22:43:29,964][flwr][INFO] - evaluate_round 7: no clients selected, cancel
[2024-11-11 22:43:29,964][flwr][DEBUG] - fit_round 8: strategy sampled 10 clients (out of 20)
[2024-11-11 22:43:53,364][flwr][DEBUG] - fit_round 8 received 10 results and 0 failures
[2024-11-11 22:43:56,337][flwr][INFO] - fit progress: (8, 1.0355196438538723, {'accuracy': 0.625}, 245.00094270800014)
[2024-11-11 22:43:56,338][flwr][INFO] - evaluate_round 8: no clients selected, cancel
[2024-11-11 22:43:56,338][flwr][DEBUG] - fit_round 9: strategy sampled 10 clients (out of 20)
[2024-11-11 22:44:18,232][flwr][DEBUG] - fit_round 9 received 10 results and 0 failures
[2024-11-11 22:44:21,440][flwr][INFO] - fit progress: (9, 1.1806658928593, {'accuracy': 0.625}, 270.1037627850003)
[2024-11-11 22:44:21,441][flwr][INFO] - evaluate_round 9: no clients selected, cancel
[2024-11-11 22:44:21,441][flwr][DEBUG] - fit_round 10: strategy sampled 10 clients (out of 20)
[2024-11-11 22:44:56,216][flwr][DEBUG] - fit_round 10 received 10 results and 0 failures
[2024-11-11 22:44:59,001][flwr][INFO] - fit progress: (10, 0.6467583599763039, {'accuracy': 0.625}, 307.66428430400015)
[2024-11-11 22:44:59,001][flwr][INFO] - evaluate_round 10: no clients selected, cancel
[2024-11-11 22:44:59,001][flwr][DEBUG] - fit_round 11: strategy sampled 10 clients (out of 20)
[2024-11-11 22:45:23,706][flwr][DEBUG] - fit_round 11 received 10 results and 0 failures
[2024-11-11 22:45:26,573][flwr][INFO] - fit progress: (11, 1.0627476615019333, {'accuracy': 0.625}, 335.23680197)
[2024-11-11 22:45:26,574][flwr][INFO] - evaluate_round 11: no clients selected, cancel
[2024-11-11 22:45:26,574][flwr][DEBUG] - fit_round 12: strategy sampled 10 clients (out of 20)
[2024-11-11 22:45:58,192][flwr][DEBUG] - fit_round 12 received 10 results and 0 failures
[2024-11-11 22:46:01,292][flwr][INFO] - fit progress: (12, 0.6440648085031754, {'accuracy': 0.625}, 369.95545602000016)
[2024-11-11 22:46:01,292][flwr][INFO] - evaluate_round 12: no clients selected, cancel
[2024-11-11 22:46:01,292][flwr][DEBUG] - fit_round 13: strategy sampled 10 clients (out of 20)
[2024-11-11 22:46:23,944][flwr][DEBUG] - fit_round 13 received 10 results and 0 failures
[2024-11-11 22:46:26,693][flwr][INFO] - fit progress: (13, 0.8941933061832037, {'accuracy': 0.625}, 395.3563666990001)
[2024-11-11 22:46:26,693][flwr][INFO] - evaluate_round 13: no clients selected, cancel
[2024-11-11 22:46:26,693][flwr][DEBUG] - fit_round 14: strategy sampled 10 clients (out of 20)
[2024-11-11 22:46:59,331][flwr][DEBUG] - fit_round 14 received 10 results and 0 failures
[2024-11-11 22:47:02,012][flwr][INFO] - fit progress: (14, 0.6430473480469141, {'accuracy': 0.6506410256410257}, 430.6751674990003)
[2024-11-11 22:47:02,012][flwr][INFO] - evaluate_round 14: no clients selected, cancel
[2024-11-11 22:47:02,012][flwr][DEBUG] - fit_round 15: strategy sampled 10 clients (out of 20)
[2024-11-11 22:47:31,925][flwr][DEBUG] - fit_round 15 received 10 results and 0 failures
[2024-11-11 22:47:34,793][flwr][INFO] - fit progress: (15, 1.1645436861003056, {'accuracy': 0.625}, 463.45636743399996)
[2024-11-11 22:47:34,793][flwr][INFO] - evaluate_round 15: no clients selected, cancel
[2024-11-11 22:47:34,793][flwr][INFO] - FL finished in 463.4567796419999
[2024-11-11 22:47:34,794][flwr][INFO] - app_fit: losses_distributed []
[2024-11-11 22:47:34,794][flwr][INFO] - app_fit: metrics_distributed_fit {}
[2024-11-11 22:47:34,794][flwr][INFO] - app_fit: metrics_distributed {}
[2024-11-11 22:47:34,794][flwr][INFO] - app_fit: losses_centralized [(0, 0.6910956028180245), (1, 0.6859675951493092), (2, 0.6640733770835094), (3, 0.6900322368511786), (4, 0.7294691866024946), (5, 0.6841050837284479), (6, 0.9937959940005572), (7, 0.6523336523618454), (8, 1.0355196438538723), (9, 1.1806658928593), (10, 0.6467583599763039), (11, 1.0627476615019333), (12, 0.6440648085031754), (13, 0.8941933061832037), (14, 0.6430473480469141), (15, 1.1645436861003056)]
[2024-11-11 22:47:34,794][flwr][INFO] - app_fit: metrics_centralized {'accuracy': [(0, 0.625), (1, 0.625), (2, 0.625), (3, 0.625), (4, 0.625), (5, 0.625), (6, 0.625), (7, 0.625), (8, 0.625), (9, 0.625), (10, 0.625), (11, 0.625), (12, 0.625), (13, 0.625), (14, 0.6506410256410257), (15, 0.625)]}
