[2024-11-25 23:38:36,297][flwr][WARNING] - Both server and strategy were provided, ignoring strategy
[2024-11-25 23:38:36,297][flwr][INFO] - Starting Flower simulation, config: ServerConfig(num_rounds=1, round_timeout=None)
[2024-11-25 23:38:42,100][flwr][INFO] - Flower VCE: Ray initialized with resources: {'object_store_memory': 3654072729.0, 'node:__internal_head__': 1.0, 'node:192.168.1.62': 1.0, 'CPU': 12.0, 'GPU': 1.0, 'accelerator_type:G': 1.0, 'memory': 7308145460.0}
[2024-11-25 23:38:42,100][flwr][INFO] - Flower VCE: Resources for each Virtual Client: {'num_cpus': 4, 'num_gpus': 0}
[2024-11-25 23:38:42,115][flwr][INFO] - Flower VCE: Creating VirtualClientEngineActorPool with 3 actors
[2024-11-25 23:38:42,116][flwr][INFO] - Initializing global parameters
[2024-11-25 23:38:42,116][flwr][INFO] - Requesting initial parameters from one random client
[2024-11-25 23:38:45,385][flwr][INFO] - Received initial parameters from one random client
[2024-11-25 23:38:45,399][flwr][INFO] - Evaluating initial parameters
[2024-11-25 23:38:49,960][flwr][INFO] - initial parameters (loss, other metrics): 0.704873243967692, {'accuracy': 0.46511627906976744}
[2024-11-25 23:38:49,960][flwr][INFO] - FL starting
[2024-11-25 23:38:49,991][flwr][DEBUG] - fit_round 1: strategy sampled 10 clients (out of 20)
[2024-11-25 23:39:00,968][flwr][DEBUG] - fit_round 1 received 10 results and 0 failures
[2024-11-25 23:39:01,420][flwr][WARNING] - No fit_metrics_aggregation_fn provided
[2024-11-25 23:39:05,931][flwr][INFO] - fit progress: (1, 0.7049994062083637, {'accuracy': 0.43410852713178294}, 15.97044952000033)
[2024-11-25 23:39:05,931][flwr][INFO] - evaluate_round 1: no clients selected, cancel
[2024-11-25 23:39:05,931][flwr][INFO] - FL finished in 15.970879794000211
[2024-11-25 23:39:05,958][flwr][INFO] - app_fit: losses_distributed []
[2024-11-25 23:39:05,958][flwr][INFO] - app_fit: metrics_distributed_fit {}
[2024-11-25 23:39:05,958][flwr][INFO] - app_fit: metrics_distributed {}
[2024-11-25 23:39:05,958][flwr][INFO] - app_fit: losses_centralized [(0, 0.704873243967692), (1, 0.7049994062083637)]
[2024-11-25 23:39:05,958][flwr][INFO] - app_fit: metrics_centralized {'accuracy': [(0, 0.46511627906976744), (1, 0.43410852713178294)]}
