[2024-11-26 00:51:10,791][flwr][WARNING] - Both server and strategy were provided, ignoring strategy
[2024-11-26 00:51:10,791][flwr][INFO] - Starting Flower simulation, config: ServerConfig(num_rounds=2, round_timeout=None)
[2024-11-26 00:51:16,393][flwr][INFO] - Flower VCE: Ray initialized with resources: {'memory': 7889758619.0, 'node:192.168.1.62': 1.0, 'CPU': 12.0, 'accelerator_type:G': 1.0, 'GPU': 1.0, 'node:__internal_head__': 1.0, 'object_store_memory': 3944879308.0}
[2024-11-26 00:51:16,393][flwr][INFO] - Flower VCE: Resources for each Virtual Client: {'num_cpus': 4, 'num_gpus': 0.3}
[2024-11-26 00:51:16,404][flwr][INFO] - Flower VCE: Creating VirtualClientEngineActorPool with 3 actors
[2024-11-26 00:51:16,404][flwr][INFO] - Initializing global parameters
[2024-11-26 00:51:16,404][flwr][INFO] - Requesting initial parameters from one random client
[2024-11-26 00:51:21,118][flwr][INFO] - Received initial parameters from one random client
[2024-11-26 00:51:21,119][flwr][INFO] - Evaluating initial parameters
[2024-11-26 00:51:25,897][flwr][INFO] - initial parameters (loss, other metrics): 0.7042936613393385, {'accuracy': 0.3953488372093023}
[2024-11-26 00:51:25,897][flwr][INFO] - FL starting
[2024-11-26 00:51:25,932][flwr][DEBUG] - fit_round 1: strategy sampled 2 clients (out of 4)
[2024-11-26 00:51:32,142][flwr][DEBUG] - fit_round 1 received 2 results and 0 failures
[2024-11-26 00:51:32,270][flwr][WARNING] - No fit_metrics_aggregation_fn provided
[2024-11-26 00:51:36,815][flwr][INFO] - fit progress: (1, 0.7085291914237563, {'accuracy': 0.43410852713178294}, 10.917663333999371)
[2024-11-26 00:51:36,816][flwr][INFO] - evaluate_round 1: no clients selected, cancel
[2024-11-26 00:51:36,852][flwr][DEBUG] - fit_round 2: strategy sampled 2 clients (out of 4)
[2024-11-26 00:51:39,688][flwr][DEBUG] - fit_round 2 received 2 results and 0 failures
[2024-11-26 00:51:44,449][flwr][INFO] - fit progress: (2, 0.7100071870079336, {'accuracy': 0.43410852713178294}, 18.55132970699924)
[2024-11-26 00:51:44,449][flwr][INFO] - evaluate_round 2: no clients selected, cancel
[2024-11-26 00:51:44,449][flwr][INFO] - FL finished in 18.55171852100102
[2024-11-26 00:51:44,453][flwr][INFO] - app_fit: losses_distributed []
[2024-11-26 00:51:44,454][flwr][INFO] - app_fit: metrics_distributed_fit {}
[2024-11-26 00:51:44,454][flwr][INFO] - app_fit: metrics_distributed {}
[2024-11-26 00:51:44,454][flwr][INFO] - app_fit: losses_centralized [(0, 0.7042936613393385), (1, 0.7085291914237563), (2, 0.7100071870079336)]
[2024-11-26 00:51:44,454][flwr][INFO] - app_fit: metrics_centralized {'accuracy': [(0, 0.3953488372093023), (1, 0.43410852713178294), (2, 0.43410852713178294)]}
