[2024-11-23 11:42:47,957][flwr][WARNING] - Both server and strategy were provided, ignoring strategy
[2024-11-23 11:42:47,958][flwr][INFO] - Starting Flower simulation, config: ServerConfig(num_rounds=2, round_timeout=None)
[2024-11-23 11:42:53,186][flwr][INFO] - Flower VCE: Ray initialized with resources: {'memory': 6520720590.0, 'node:__internal_head__': 1.0, 'GPU': 1.0, 'accelerator_type:G': 1.0, 'node:192.168.1.62': 1.0, 'CPU': 12.0, 'object_store_memory': 3260360294.0}
[2024-11-23 11:42:53,186][flwr][INFO] - Flower VCE: Resources for each Virtual Client: {'num_cpus': 6, 'num_gpus': 0.5}
[2024-11-23 11:42:53,193][flwr][INFO] - Flower VCE: Creating VirtualClientEngineActorPool with 2 actors
[2024-11-23 11:42:53,193][flwr][INFO] - Initializing global parameters
[2024-11-23 11:42:53,193][flwr][INFO] - Requesting initial parameters from one random client
[2024-11-23 11:42:56,338][flwr][INFO] - Received initial parameters from one random client
[2024-11-23 11:42:56,339][flwr][INFO] - Evaluating initial parameters
[2024-11-23 11:42:57,022][flwr][INFO] - initial parameters (loss, other metrics): 0.7002851907597032, {'accuracy': 0.46511627906976744}
[2024-11-23 11:42:57,023][flwr][INFO] - FL starting
[2024-11-23 11:42:57,023][flwr][DEBUG] - fit_round 1: strategy sampled 2 clients (out of 4)
[2024-11-23 11:43:00,955][flwr][DEBUG] - fit_round 1 received 2 results and 0 failures
[2024-11-23 11:43:01,042][flwr][WARNING] - No fit_metrics_aggregation_fn provided
[2024-11-23 11:43:01,760][flwr][INFO] - fit progress: (1, 0.7075250389039979, {'accuracy': 0.46511627906976744}, 4.736768553000729)
[2024-11-23 11:43:01,760][flwr][INFO] - evaluate_round 1: no clients selected, cancel
[2024-11-23 11:43:01,760][flwr][DEBUG] - fit_round 2: strategy sampled 2 clients (out of 4)
[2024-11-23 11:43:02,443][flwr][DEBUG] - fit_round 2 received 2 results and 0 failures
[2024-11-23 11:43:03,282][flwr][INFO] - fit progress: (2, 0.7160091584967089, {'accuracy': 0.46511627906976744}, 6.259627550000005)
[2024-11-23 11:43:03,283][flwr][INFO] - evaluate_round 2: no clients selected, cancel
[2024-11-23 11:43:03,283][flwr][INFO] - FL finished in 6.260039849999885
[2024-11-23 11:43:03,283][flwr][INFO] - app_fit: losses_distributed []
[2024-11-23 11:43:03,284][flwr][INFO] - app_fit: metrics_distributed_fit {}
[2024-11-23 11:43:03,284][flwr][INFO] - app_fit: metrics_distributed {}
[2024-11-23 11:43:03,284][flwr][INFO] - app_fit: losses_centralized [(0, 0.7002851907597032), (1, 0.7075250389039979), (2, 0.7160091584967089)]
[2024-11-23 11:43:03,284][flwr][INFO] - app_fit: metrics_centralized {'accuracy': [(0, 0.46511627906976744), (1, 0.46511627906976744), (2, 0.46511627906976744)]}
