[2024-11-23 02:14:22,409][flwr][WARNING] - Both server and strategy were provided, ignoring strategy
[2024-11-23 02:14:22,410][flwr][INFO] - Starting Flower simulation, config: ServerConfig(num_rounds=2, round_timeout=None)
[2024-11-23 02:14:29,140][flwr][INFO] - Flower VCE: Ray initialized with resources: {'object_store_memory': 3708388147.0, 'node:192.168.1.62': 1.0, 'CPU': 12.0, 'memory': 7416776295.0, 'GPU': 1.0, 'accelerator_type:G': 1.0, 'node:__internal_head__': 1.0}
[2024-11-23 02:14:29,141][flwr][INFO] - Flower VCE: Resources for each Virtual Client: {'num_cpus': 4, 'num_gpus': 0.5}
[2024-11-23 02:14:29,163][flwr][INFO] - Flower VCE: Creating VirtualClientEngineActorPool with 2 actors
[2024-11-23 02:14:29,164][flwr][INFO] - Initializing global parameters
[2024-11-23 02:14:29,164][flwr][INFO] - Requesting initial parameters from one random client
[2024-11-23 02:14:32,628][flwr][INFO] - Received initial parameters from one random client
[2024-11-23 02:14:32,628][flwr][INFO] - Evaluating initial parameters
[2024-11-23 02:14:38,080][flwr][INFO] - initial parameters (loss, other metrics): 0.7340072809263717, {'accuracy': 0.43410852713178294}
[2024-11-23 02:14:38,082][flwr][INFO] - FL starting
[2024-11-23 02:14:38,084][flwr][DEBUG] - fit_round 1: strategy sampled 2 clients (out of 4)
[2024-11-23 02:14:42,500][flwr][DEBUG] - fit_round 1 received 2 results and 0 failures
[2024-11-23 02:14:42,612][flwr][WARNING] - No fit_metrics_aggregation_fn provided
[2024-11-23 02:14:47,708][flwr][INFO] - fit progress: (1, 0.7535475353861965, {'accuracy': 0.4418604651162791}, 9.624603229000058)
[2024-11-23 02:14:47,709][flwr][INFO] - evaluate_round 1: no clients selected, cancel
[2024-11-23 02:14:47,709][flwr][DEBUG] - fit_round 2: strategy sampled 2 clients (out of 4)
[2024-11-23 02:14:48,700][flwr][DEBUG] - fit_round 2 received 2 results and 0 failures
[2024-11-23 02:14:53,954][flwr][INFO] - fit progress: (2, 0.7537454708602077, {'accuracy': 0.4573643410852713}, 15.87129410199941)
[2024-11-23 02:14:53,955][flwr][INFO] - evaluate_round 2: no clients selected, cancel
[2024-11-23 02:14:53,955][flwr][INFO] - FL finished in 15.872103322999465
[2024-11-23 02:14:53,956][flwr][INFO] - app_fit: losses_distributed []
[2024-11-23 02:14:53,957][flwr][INFO] - app_fit: metrics_distributed_fit {}
[2024-11-23 02:14:53,957][flwr][INFO] - app_fit: metrics_distributed {}
[2024-11-23 02:14:53,957][flwr][INFO] - app_fit: losses_centralized [(0, 0.7340072809263717), (1, 0.7535475353861965), (2, 0.7537454708602077)]
[2024-11-23 02:14:53,957][flwr][INFO] - app_fit: metrics_centralized {'accuracy': [(0, 0.43410852713178294), (1, 0.4418604651162791), (2, 0.4573643410852713)]}
