[2024-11-05 15:26:05,186][flwr][INFO] - Starting Flower simulation, config: num_rounds=10, no round_timeout
[2024-11-05 15:26:08,849][flwr][INFO] - Flower VCE: Ray initialized with resources: {'node:__internal_head__': 1.0, 'object_store_memory': 3002701824.0, 'memory': 6005403648.0, 'CPU': 12.0, 'node:172.16.1.72': 1.0}
[2024-11-05 15:26:08,850][flwr][INFO] - Optimize your simulation with Flower VCE: https://flower.ai/docs/framework/how-to-run-simulations.html
[2024-11-05 15:26:08,850][flwr][INFO] - Flower VCE: Resources for each Virtual Client: {'num_cpus': 2, 'num_gpus': 0.0}
[2024-11-05 15:26:08,857][flwr][INFO] - Flower VCE: Creating VirtualClientEngineActorPool with 6 actors
[2024-11-05 15:26:08,858][flwr][INFO] - [INIT]
[2024-11-05 15:26:08,858][flwr][INFO] - Requesting initial parameters from one random client
[2024-11-05 15:26:10,831][flwr][INFO] - Received initial parameters from one random client
[2024-11-05 15:26:10,831][flwr][INFO] - Starting evaluation of initial global parameters
[2024-11-05 15:26:15,220][flwr][INFO] - initial parameters (loss, other metrics): 0.022510796307753295, {'accuracy': 0.375}
[2024-11-05 15:26:15,221][flwr][INFO] - 
[2024-11-05 15:26:15,221][flwr][INFO] - [ROUND 1]
[2024-11-05 15:26:15,221][flwr][INFO] - configure_fit: strategy sampled 10 clients (out of 20)
[2024-11-05 15:26:41,283][flwr][INFO] - aggregate_fit: received 10 results and 0 failures
[2024-11-05 15:26:41,323][flwr][WARNING] - No fit_metrics_aggregation_fn provided
[2024-11-05 15:26:45,682][flwr][INFO] - fit progress: (1, 0.020638815581034392, {'accuracy': 0.625}, 30.461385403999884)
[2024-11-05 15:26:45,682][flwr][INFO] - configure_evaluate: strategy sampled 10 clients (out of 20)
[2024-11-05 15:26:47,255][flwr][INFO] - aggregate_evaluate: received 10 results and 0 failures
[2024-11-05 15:26:47,255][root][INFO] - EVALUATE_METRICS_AGGREGATION: 0.7472934472934474
[2024-11-05 15:26:47,255][flwr][INFO] - 
[2024-11-05 15:26:47,255][flwr][INFO] - [ROUND 2]
[2024-11-05 15:26:47,255][flwr][INFO] - configure_fit: strategy sampled 10 clients (out of 20)
[2024-11-05 15:27:12,104][flwr][INFO] - aggregate_fit: received 10 results and 0 failures
[2024-11-05 15:27:16,550][flwr][INFO] - fit progress: (2, 0.01572127428908761, {'accuracy': 0.7051282051282052}, 61.32963625600132)
[2024-11-05 15:27:16,551][flwr][INFO] - configure_evaluate: strategy sampled 10 clients (out of 20)
[2024-11-05 15:27:17,895][flwr][INFO] - aggregate_evaluate: received 10 results and 0 failures
[2024-11-05 15:27:17,895][root][INFO] - EVALUATE_METRICS_AGGREGATION: 0.8891737891737893
[2024-11-05 15:27:17,896][flwr][INFO] - 
[2024-11-05 15:27:17,896][flwr][INFO] - [ROUND 3]
[2024-11-05 15:27:17,896][flwr][INFO] - configure_fit: strategy sampled 10 clients (out of 20)
[2024-11-05 15:27:42,392][flwr][INFO] - aggregate_fit: received 10 results and 0 failures
[2024-11-05 15:27:46,775][flwr][INFO] - fit progress: (3, 0.015138643074374741, {'accuracy': 0.7548076923076923}, 91.55404601300143)
[2024-11-05 15:27:46,775][flwr][INFO] - configure_evaluate: strategy sampled 10 clients (out of 20)
[2024-11-05 15:27:48,270][flwr][INFO] - aggregate_evaluate: received 10 results and 0 failures
[2024-11-05 15:27:48,271][root][INFO] - EVALUATE_METRICS_AGGREGATION: 0.931054131054131
[2024-11-05 15:27:48,271][flwr][INFO] - 
[2024-11-05 15:27:48,271][flwr][INFO] - [ROUND 4]
[2024-11-05 15:27:48,271][flwr][INFO] - configure_fit: strategy sampled 10 clients (out of 20)
[2024-11-05 15:28:13,757][flwr][INFO] - aggregate_fit: received 10 results and 0 failures
[2024-11-05 15:28:18,149][flwr][INFO] - fit progress: (4, 0.01780882892377961, {'accuracy': 0.75}, 122.92822479500137)
[2024-11-05 15:28:18,149][flwr][INFO] - configure_evaluate: strategy sampled 10 clients (out of 20)
[2024-11-05 15:28:19,563][flwr][INFO] - aggregate_evaluate: received 10 results and 0 failures
[2024-11-05 15:28:19,563][root][INFO] - EVALUATE_METRICS_AGGREGATION: 0.9538461538461538
[2024-11-05 15:28:19,563][flwr][INFO] - 
[2024-11-05 15:28:19,563][flwr][INFO] - [ROUND 5]
[2024-11-05 15:28:19,563][flwr][INFO] - configure_fit: strategy sampled 10 clients (out of 20)
[2024-11-05 15:28:44,293][flwr][INFO] - aggregate_fit: received 10 results and 0 failures
[2024-11-05 15:28:48,659][flwr][INFO] - fit progress: (5, 0.015709601217307724, {'accuracy': 0.7788461538461539}, 153.43872515800103)
[2024-11-05 15:28:48,660][flwr][INFO] - configure_evaluate: strategy sampled 10 clients (out of 20)
[2024-11-05 15:28:50,289][flwr][INFO] - aggregate_evaluate: received 10 results and 0 failures
[2024-11-05 15:28:50,289][root][INFO] - EVALUATE_METRICS_AGGREGATION: 0.9461538461538461
[2024-11-05 15:28:50,289][flwr][INFO] - 
[2024-11-05 15:28:50,289][flwr][INFO] - [ROUND 6]
[2024-11-05 15:28:50,290][flwr][INFO] - configure_fit: strategy sampled 10 clients (out of 20)
[2024-11-05 15:29:15,165][flwr][INFO] - aggregate_fit: received 10 results and 0 failures
[2024-11-05 15:29:19,641][flwr][INFO] - fit progress: (6, 0.018908158850629266, {'accuracy': 0.7708333333333334}, 184.4205436150005)
[2024-11-05 15:29:19,641][flwr][INFO] - configure_evaluate: strategy sampled 10 clients (out of 20)
[2024-11-05 15:29:21,254][flwr][INFO] - aggregate_evaluate: received 10 results and 0 failures
[2024-11-05 15:29:21,254][root][INFO] - EVALUATE_METRICS_AGGREGATION: 0.9655270655270657
[2024-11-05 15:29:21,254][flwr][INFO] - 
[2024-11-05 15:29:21,254][flwr][INFO] - [ROUND 7]
[2024-11-05 15:29:21,254][flwr][INFO] - configure_fit: strategy sampled 10 clients (out of 20)
[2024-11-05 15:29:46,099][flwr][INFO] - aggregate_fit: received 10 results and 0 failures
[2024-11-05 15:29:50,581][flwr][INFO] - fit progress: (7, 0.0213396234336333, {'accuracy': 0.7692307692307693}, 215.36068416600028)
[2024-11-05 15:29:50,582][flwr][INFO] - configure_evaluate: strategy sampled 10 clients (out of 20)
[2024-11-05 15:29:52,017][flwr][INFO] - aggregate_evaluate: received 10 results and 0 failures
[2024-11-05 15:29:52,017][root][INFO] - EVALUATE_METRICS_AGGREGATION: 0.9462962962962964
[2024-11-05 15:29:52,017][flwr][INFO] - 
[2024-11-05 15:29:52,017][flwr][INFO] - [ROUND 8]
[2024-11-05 15:29:52,018][flwr][INFO] - configure_fit: strategy sampled 10 clients (out of 20)
[2024-11-05 15:30:17,673][flwr][INFO] - aggregate_fit: received 10 results and 0 failures
[2024-11-05 15:30:22,168][flwr][INFO] - fit progress: (8, 0.02490555210552441, {'accuracy': 0.7435897435897436}, 246.94752208499995)
[2024-11-05 15:30:22,168][flwr][INFO] - configure_evaluate: strategy sampled 10 clients (out of 20)
[2024-11-05 15:30:23,617][flwr][INFO] - aggregate_evaluate: received 10 results and 0 failures
[2024-11-05 15:30:23,617][root][INFO] - EVALUATE_METRICS_AGGREGATION: 0.9576923076923076
[2024-11-05 15:30:23,617][flwr][INFO] - 
[2024-11-05 15:30:23,617][flwr][INFO] - [ROUND 9]
[2024-11-05 15:30:23,617][flwr][INFO] - configure_fit: strategy sampled 10 clients (out of 20)
[2024-11-05 15:30:49,082][flwr][INFO] - aggregate_fit: received 10 results and 0 failures
[2024-11-05 15:30:53,628][flwr][INFO] - fit progress: (9, 0.024436482105207127, {'accuracy': 0.75}, 278.4077609579999)
[2024-11-05 15:30:53,629][flwr][INFO] - configure_evaluate: strategy sampled 10 clients (out of 20)
[2024-11-05 15:30:54,952][flwr][INFO] - aggregate_evaluate: received 10 results and 0 failures
[2024-11-05 15:30:54,952][root][INFO] - EVALUATE_METRICS_AGGREGATION: 0.9655270655270656
[2024-11-05 15:30:54,952][flwr][INFO] - 
[2024-11-05 15:30:54,952][flwr][INFO] - [ROUND 10]
[2024-11-05 15:30:54,953][flwr][INFO] - configure_fit: strategy sampled 10 clients (out of 20)
[2024-11-05 15:31:20,453][flwr][INFO] - aggregate_fit: received 10 results and 0 failures
[2024-11-05 15:31:25,168][flwr][INFO] - fit progress: (10, 0.024535129844503574, {'accuracy': 0.7596153846153846}, 309.9469466850005)
[2024-11-05 15:31:25,168][flwr][INFO] - configure_evaluate: strategy sampled 10 clients (out of 20)
[2024-11-05 15:31:26,697][flwr][INFO] - aggregate_evaluate: received 10 results and 0 failures
[2024-11-05 15:31:26,697][root][INFO] - EVALUATE_METRICS_AGGREGATION: 0.95
[2024-11-05 15:31:26,704][flwr][INFO] - 
[2024-11-05 15:31:26,704][flwr][INFO] - [SUMMARY]
[2024-11-05 15:31:26,704][flwr][INFO] - Run finished 10 round(s) in 311.48s
[2024-11-05 15:31:26,705][flwr][INFO] - 	History (loss, distributed):
[2024-11-05 15:31:26,705][flwr][INFO] - 		round 1: 0.02059112895078469
[2024-11-05 15:31:26,705][flwr][INFO] - 		round 2: 0.011883544198043664
[2024-11-05 15:31:26,705][flwr][INFO] - 		round 3: 0.007342798950580452
[2024-11-05 15:31:26,705][flwr][INFO] - 		round 4: 0.006391259717975248
[2024-11-05 15:31:26,705][flwr][INFO] - 		round 5: 0.005182902370062139
[2024-11-05 15:31:26,705][flwr][INFO] - 		round 6: 0.00478693738929991
[2024-11-05 15:31:26,705][flwr][INFO] - 		round 7: 0.004909400954481713
[2024-11-05 15:31:26,705][flwr][INFO] - 		round 8: 0.005440900393859869
[2024-11-05 15:31:26,705][flwr][INFO] - 		round 9: 0.003104695705882674
[2024-11-05 15:31:26,705][flwr][INFO] - 		round 10: 0.005105543251220998
[2024-11-05 15:31:26,705][flwr][INFO] - 	History (loss, centralized):
[2024-11-05 15:31:26,705][flwr][INFO] - 		round 0: 0.022510796307753295
[2024-11-05 15:31:26,705][flwr][INFO] - 		round 1: 0.020638815581034392
[2024-11-05 15:31:26,705][flwr][INFO] - 		round 2: 0.01572127428908761
[2024-11-05 15:31:26,706][flwr][INFO] - 		round 3: 0.015138643074374741
[2024-11-05 15:31:26,706][flwr][INFO] - 		round 4: 0.01780882892377961
[2024-11-05 15:31:26,706][flwr][INFO] - 		round 5: 0.015709601217307724
[2024-11-05 15:31:26,706][flwr][INFO] - 		round 6: 0.018908158850629266
[2024-11-05 15:31:26,706][flwr][INFO] - 		round 7: 0.0213396234336333
[2024-11-05 15:31:26,706][flwr][INFO] - 		round 8: 0.02490555210552441
[2024-11-05 15:31:26,706][flwr][INFO] - 		round 9: 0.024436482105207127
[2024-11-05 15:31:26,706][flwr][INFO] - 		round 10: 0.024535129844503574
[2024-11-05 15:31:26,706][flwr][INFO] - 	History (metrics, distributed, evaluate):
[2024-11-05 15:31:26,706][flwr][INFO] - 	{'federated_evaluate_accuracy': [(1, 0.7472934472934474),
[2024-11-05 15:31:26,706][flwr][INFO] - 	                                 (2, 0.8891737891737893),
[2024-11-05 15:31:26,706][flwr][INFO] - 	                                 (3, 0.931054131054131),
[2024-11-05 15:31:26,706][flwr][INFO] - 	                                 (4, 0.9538461538461538),
[2024-11-05 15:31:26,706][flwr][INFO] - 	                                 (5, 0.9461538461538461),
[2024-11-05 15:31:26,706][flwr][INFO] - 	                                 (6, 0.9655270655270657),
[2024-11-05 15:31:26,706][flwr][INFO] - 	                                 (7, 0.9462962962962964),
[2024-11-05 15:31:26,706][flwr][INFO] - 	                                 (8, 0.9576923076923076),
[2024-11-05 15:31:26,706][flwr][INFO] - 	                                 (9, 0.9655270655270656),
[2024-11-05 15:31:26,706][flwr][INFO] - 	                                 (10, 0.95)]}
[2024-11-05 15:31:26,706][flwr][INFO] - 	History (metrics, centralized):
[2024-11-05 15:31:26,706][flwr][INFO] - 	{'accuracy': [(0, 0.375),
[2024-11-05 15:31:26,706][flwr][INFO] - 	              (1, 0.625),
[2024-11-05 15:31:26,706][flwr][INFO] - 	              (2, 0.7051282051282052),
[2024-11-05 15:31:26,707][flwr][INFO] - 	              (3, 0.7548076923076923),
[2024-11-05 15:31:26,707][flwr][INFO] - 	              (4, 0.75),
[2024-11-05 15:31:26,707][flwr][INFO] - 	              (5, 0.7788461538461539),
[2024-11-05 15:31:26,707][flwr][INFO] - 	              (6, 0.7708333333333334),
[2024-11-05 15:31:26,707][flwr][INFO] - 	              (7, 0.7692307692307693),
[2024-11-05 15:31:26,707][flwr][INFO] - 	              (8, 0.7435897435897436),
[2024-11-05 15:31:26,707][flwr][INFO] - 	              (9, 0.75),
[2024-11-05 15:31:26,707][flwr][INFO] - 	              (10, 0.7596153846153846)]}
[2024-11-05 15:31:26,707][flwr][INFO] - 
