[2024-11-10 01:47:26,714][flwr][WARNING] - Both server and strategy were provided, ignoring strategy
[2024-11-10 01:47:26,714][flwr][INFO] - Starting Flower simulation, config: ServerConfig(num_rounds=2, round_timeout=None)
[2024-11-10 01:47:32,232][flwr][INFO] - Flower VCE: Ray initialized with resources: {'object_store_memory': 2982903398.0, 'node:__internal_head__': 1.0, 'memory': 5965806798.0, 'node:192.168.1.234': 1.0, 'CPU': 12.0, 'GPU': 1.0, 'accelerator_type:G': 1.0}
[2024-11-10 01:47:32,232][flwr][INFO] - Flower VCE: Resources for each Virtual Client: {'num_cpus': 4, 'num_gpus': 0.0}
[2024-11-10 01:47:32,240][flwr][INFO] - Flower VCE: Creating VirtualClientEngineActorPool with 3 actors
[2024-11-10 01:47:32,240][flwr][INFO] - Initializing global parameters
[2024-11-10 01:47:32,241][flwr][INFO] - Requesting initial parameters from one random client
[2024-11-10 01:47:34,260][flwr][INFO] - Received initial parameters from one random client
[2024-11-10 01:47:34,260][flwr][INFO] - Evaluating initial parameters
[2024-11-10 01:47:36,496][flwr][INFO] - initial parameters (loss, other metrics): 2.3131878192608175, {'accuracy': 0.375}
[2024-11-10 01:47:36,496][flwr][INFO] - FL starting
[2024-11-10 01:47:36,497][flwr][DEBUG] - fit_round 1: strategy sampled 10 clients (out of 10)
[2024-11-10 01:47:45,631][flwr][DEBUG] - fit_round 1 received 10 results and 0 failures
[2024-11-10 01:47:45,755][flwr][WARNING] - No fit_metrics_aggregation_fn provided
[2024-11-10 01:47:47,943][flwr][INFO] - fit progress: (1, 1.5884171141645846, {'accuracy': 0.625}, 11.446604891003517)
[2024-11-10 01:47:47,943][flwr][INFO] - evaluate_round 1: no clients selected, cancel
[2024-11-10 01:47:47,944][flwr][DEBUG] - fit_round 2: strategy sampled 10 clients (out of 10)
[2024-11-10 01:47:56,597][flwr][DEBUG] - fit_round 2 received 10 results and 0 failures
[2024-11-10 01:47:58,939][flwr][INFO] - fit progress: (2, 0.7731999411032751, {'accuracy': 0.625}, 22.442245844002173)
[2024-11-10 01:47:58,939][flwr][INFO] - evaluate_round 2: no clients selected, cancel
[2024-11-10 01:47:58,939][flwr][INFO] - FL finished in 22.442600097005197
[2024-11-10 01:47:58,940][flwr][INFO] - app_fit: losses_distributed []
[2024-11-10 01:47:58,940][flwr][INFO] - app_fit: metrics_distributed_fit {}
[2024-11-10 01:47:58,940][flwr][INFO] - app_fit: metrics_distributed {}
[2024-11-10 01:47:58,940][flwr][INFO] - app_fit: losses_centralized [(0, 2.3131878192608175), (1, 1.5884171141645846), (2, 0.7731999411032751)]
[2024-11-10 01:47:58,940][flwr][INFO] - app_fit: metrics_centralized {'accuracy': [(0, 0.375), (1, 0.625), (2, 0.625)]}
