[2024-11-23 10:26:28,895][flwr][WARNING] - Both server and strategy were provided, ignoring strategy
[2024-11-23 10:26:28,895][flwr][INFO] - Starting Flower simulation, config: ServerConfig(num_rounds=2, round_timeout=None)
[2024-11-23 10:26:34,328][flwr][INFO] - Flower VCE: Ray initialized with resources: {'object_store_memory': 3713895628.0, 'accelerator_type:G': 1.0, 'GPU': 1.0, 'node:__internal_head__': 1.0, 'memory': 7427791259.0, 'CPU': 12.0, 'node:192.168.1.62': 1.0}
[2024-11-23 10:26:34,328][flwr][INFO] - Flower VCE: Resources for each Virtual Client: {'num_cpus': 4, 'num_gpus': 0.5}
[2024-11-23 10:26:34,341][flwr][INFO] - Flower VCE: Creating VirtualClientEngineActorPool with 2 actors
[2024-11-23 10:26:34,341][flwr][INFO] - Initializing global parameters
[2024-11-23 10:26:34,341][flwr][INFO] - Requesting initial parameters from one random client
[2024-11-23 10:26:37,628][flwr][INFO] - Received initial parameters from one random client
[2024-11-23 10:26:37,628][flwr][INFO] - Evaluating initial parameters
[2024-11-23 10:26:40,142][flwr][INFO] - initial parameters (loss, other metrics): 0.7177130436712458, {'accuracy': 0.5348837209302325}
[2024-11-23 10:26:40,142][flwr][INFO] - FL starting
[2024-11-23 10:26:40,142][flwr][DEBUG] - fit_round 1: strategy sampled 2 clients (out of 4)
[2024-11-23 10:26:45,077][flwr][DEBUG] - fit_round 1 received 2 results and 0 failures
[2024-11-23 10:26:45,237][flwr][WARNING] - No fit_metrics_aggregation_fn provided
[2024-11-23 10:26:47,999][flwr][INFO] - fit progress: (1, 0.6929725750472194, {'accuracy': 0.5581395348837209}, 7.8572831969995605)
[2024-11-23 10:26:48,000][flwr][INFO] - evaluate_round 1: no clients selected, cancel
[2024-11-23 10:26:48,000][flwr][DEBUG] - fit_round 2: strategy sampled 2 clients (out of 4)
[2024-11-23 10:26:49,392][flwr][DEBUG] - fit_round 2 received 2 results and 0 failures
[2024-11-23 10:26:52,642][flwr][INFO] - fit progress: (2, 0.6830941651218622, {'accuracy': 0.5736434108527132}, 12.500384451999707)
[2024-11-23 10:26:52,643][flwr][INFO] - evaluate_round 2: no clients selected, cancel
[2024-11-23 10:26:52,643][flwr][INFO] - FL finished in 12.500795375999587
[2024-11-23 10:26:52,643][flwr][INFO] - app_fit: losses_distributed []
[2024-11-23 10:26:52,644][flwr][INFO] - app_fit: metrics_distributed_fit {}
[2024-11-23 10:26:52,644][flwr][INFO] - app_fit: metrics_distributed {}
[2024-11-23 10:26:52,644][flwr][INFO] - app_fit: losses_centralized [(0, 0.7177130436712458), (1, 0.6929725750472194), (2, 0.6830941651218622)]
[2024-11-23 10:26:52,644][flwr][INFO] - app_fit: metrics_centralized {'accuracy': [(0, 0.5348837209302325), (1, 0.5581395348837209), (2, 0.5736434108527132)]}
