[2024-11-23 15:38:57,174][flwr][WARNING] - Both server and strategy were provided, ignoring strategy
[2024-11-23 15:38:57,174][flwr][INFO] - Starting Flower simulation, config: ServerConfig(num_rounds=2, round_timeout=None)
[2024-11-23 15:39:02,513][flwr][INFO] - Flower VCE: Ray initialized with resources: {'node:__internal_head__': 1.0, 'CPU': 12.0, 'node:192.168.1.62': 1.0, 'memory': 6939117159.0, 'object_store_memory': 3469558579.0, 'GPU': 1.0, 'accelerator_type:G': 1.0}
[2024-11-23 15:39:02,514][flwr][INFO] - Flower VCE: Resources for each Virtual Client: {'num_cpus': 4, 'num_gpus': 0.5}
[2024-11-23 15:39:02,521][flwr][INFO] - Flower VCE: Creating VirtualClientEngineActorPool with 2 actors
[2024-11-23 15:39:02,521][flwr][INFO] - Initializing global parameters
[2024-11-23 15:39:02,521][flwr][INFO] - Requesting initial parameters from one random client
[2024-11-23 15:39:38,065][flwr][INFO] - Received initial parameters from one random client
[2024-11-23 15:39:38,065][flwr][INFO] - Evaluating initial parameters
[2024-11-23 15:39:42,000][flwr][INFO] - initial parameters (loss, other metrics): 0.7016068244165228, {'accuracy': 0.5193798449612403}
[2024-11-23 15:39:42,000][flwr][INFO] - FL starting
[2024-11-23 15:39:42,000][flwr][DEBUG] - fit_round 1: strategy sampled 2 clients (out of 4)
[2024-11-23 15:39:47,507][flwr][DEBUG] - fit_round 1 received 2 results and 0 failures
[2024-11-23 15:39:47,560][flwr][WARNING] - No fit_metrics_aggregation_fn provided
[2024-11-23 15:39:51,917][flwr][INFO] - fit progress: (1, 0.7013243298197902, {'accuracy': 0.43410852713178294}, 9.916371587998583)
[2024-11-23 15:39:51,917][flwr][INFO] - evaluate_round 1: no clients selected, cancel
[2024-11-23 15:39:51,917][flwr][DEBUG] - fit_round 2: strategy sampled 2 clients (out of 4)
[2024-11-23 15:39:54,221][flwr][DEBUG] - fit_round 2 received 2 results and 0 failures
[2024-11-23 15:39:58,591][flwr][INFO] - fit progress: (2, 0.7018790725589723, {'accuracy': 0.40310077519379844}, 16.590889849998348)
[2024-11-23 15:39:58,592][flwr][INFO] - evaluate_round 2: no clients selected, cancel
[2024-11-23 15:39:58,592][flwr][INFO] - FL finished in 16.59132111999861
[2024-11-23 15:39:58,592][flwr][INFO] - app_fit: losses_distributed []
[2024-11-23 15:39:58,592][flwr][INFO] - app_fit: metrics_distributed_fit {}
[2024-11-23 15:39:58,593][flwr][INFO] - app_fit: metrics_distributed {}
[2024-11-23 15:39:58,593][flwr][INFO] - app_fit: losses_centralized [(0, 0.7016068244165228), (1, 0.7013243298197902), (2, 0.7018790725589723)]
[2024-11-23 15:39:58,593][flwr][INFO] - app_fit: metrics_centralized {'accuracy': [(0, 0.5193798449612403), (1, 0.43410852713178294), (2, 0.40310077519379844)]}
