[2024-11-24 10:44:20,608][flwr][WARNING] - Both server and strategy were provided, ignoring strategy
[2024-11-24 10:44:20,609][flwr][INFO] - Starting Flower simulation, config: ServerConfig(num_rounds=2, round_timeout=None)
[2024-11-24 10:44:26,741][flwr][INFO] - Flower VCE: Ray initialized with resources: {'object_store_memory': 3614126899.0, 'accelerator_type:G': 1.0, 'GPU': 1.0, 'node:__internal_head__': 1.0, 'memory': 7228253799.0, 'node:192.168.1.62': 1.0, 'CPU': 12.0}
[2024-11-24 10:44:26,741][flwr][INFO] - Flower VCE: Resources for each Virtual Client: {'num_cpus': 4, 'num_gpus': 1}
[2024-11-24 10:44:26,750][flwr][INFO] - Flower VCE: Creating VirtualClientEngineActorPool with 1 actors
[2024-11-24 10:44:26,750][flwr][INFO] - Initializing global parameters
[2024-11-24 10:44:26,750][flwr][INFO] - Requesting initial parameters from one random client
[2024-11-24 10:44:32,411][flwr][INFO] - Received initial parameters from one random client
[2024-11-24 10:44:32,411][flwr][INFO] - Evaluating initial parameters
[2024-11-24 10:44:37,123][flwr][INFO] - initial parameters (loss, other metrics): 0.6856598817100821, {'accuracy': 0.46511627906976744}
[2024-11-24 10:44:37,123][flwr][INFO] - FL starting
[2024-11-24 10:44:37,124][flwr][DEBUG] - fit_round 1: strategy sampled 6 clients (out of 60)
[2024-11-24 10:44:50,987][flwr][DEBUG] - fit_round 1 received 6 results and 0 failures
[2024-11-24 10:44:51,316][flwr][WARNING] - No fit_metrics_aggregation_fn provided
[2024-11-24 10:44:55,838][flwr][INFO] - fit progress: (1, 0.7750901547513267, {'accuracy': 0.46511627906976744}, 18.714224195000497)
[2024-11-24 10:44:55,838][flwr][INFO] - evaluate_round 1: no clients selected, cancel
[2024-11-24 10:44:55,838][flwr][DEBUG] - fit_round 2: strategy sampled 6 clients (out of 60)
[2024-11-24 10:45:07,698][flwr][DEBUG] - fit_round 2 received 6 results and 0 failures
[2024-11-24 10:45:12,844][flwr][INFO] - fit progress: (2, 0.7710746406584748, {'accuracy': 0.46511627906976744}, 35.72041759700005)
[2024-11-24 10:45:12,844][flwr][INFO] - evaluate_round 2: no clients selected, cancel
[2024-11-24 10:45:12,844][flwr][INFO] - FL finished in 35.720852333999574
[2024-11-24 10:45:12,857][flwr][INFO] - app_fit: losses_distributed []
[2024-11-24 10:45:12,857][flwr][INFO] - app_fit: metrics_distributed_fit {}
[2024-11-24 10:45:12,857][flwr][INFO] - app_fit: metrics_distributed {}
[2024-11-24 10:45:12,857][flwr][INFO] - app_fit: losses_centralized [(0, 0.6856598817100821), (1, 0.7750901547513267), (2, 0.7710746406584748)]
[2024-11-24 10:45:12,857][flwr][INFO] - app_fit: metrics_centralized {'accuracy': [(0, 0.46511627906976744), (1, 0.46511627906976744), (2, 0.46511627906976744)]}
