[2024-11-11 22:21:24,132][flwr][WARNING] - Both server and strategy were provided, ignoring strategy
[2024-11-11 22:21:24,132][flwr][INFO] - Starting Flower simulation, config: ServerConfig(num_rounds=15, round_timeout=None)
[2024-11-11 22:21:29,414][flwr][INFO] - Flower VCE: Ray initialized with resources: {'object_store_memory': 3955376947.0, 'GPU': 1.0, 'accelerator_type:G': 1.0, 'CPU': 12.0, 'node:192.168.1.236': 1.0, 'memory': 7910753895.0, 'node:__internal_head__': 1.0}
[2024-11-11 22:21:29,414][flwr][INFO] - Flower VCE: Resources for each Virtual Client: {'num_cpus': 4, 'num_gpus': 1.0}
[2024-11-11 22:21:29,421][flwr][INFO] - Flower VCE: Creating VirtualClientEngineActorPool with 1 actors
[2024-11-11 22:21:29,422][flwr][INFO] - Initializing global parameters
[2024-11-11 22:21:29,422][flwr][INFO] - Requesting initial parameters from one random client
[2024-11-11 22:21:32,443][flwr][INFO] - Received initial parameters from one random client
[2024-11-11 22:21:32,443][flwr][INFO] - Evaluating initial parameters
[2024-11-11 22:21:34,499][flwr][INFO] - initial parameters (loss, other metrics): 0.6946129172276228, {'accuracy': 0.375}
[2024-11-11 22:21:34,499][flwr][INFO] - FL starting
[2024-11-11 22:21:34,499][flwr][DEBUG] - fit_round 1: strategy sampled 10 clients (out of 20)
[2024-11-11 22:22:13,685][flwr][DEBUG] - fit_round 1 received 10 results and 0 failures
[2024-11-11 22:22:13,725][flwr][WARNING] - No fit_metrics_aggregation_fn provided
[2024-11-11 22:22:15,888][flwr][INFO] - fit progress: (1, 0.7133451448037074, {'accuracy': 0.625}, 41.38877327099999)
[2024-11-11 22:22:15,888][flwr][INFO] - evaluate_round 1: no clients selected, cancel
[2024-11-11 22:22:15,888][flwr][DEBUG] - fit_round 2: strategy sampled 10 clients (out of 20)
[2024-11-11 22:22:57,976][flwr][DEBUG] - fit_round 2 received 10 results and 0 failures
[2024-11-11 22:23:00,147][flwr][INFO] - fit progress: (2, 0.6944390413088676, {'accuracy': 0.625}, 85.64777091600001)
[2024-11-11 22:23:00,147][flwr][INFO] - evaluate_round 2: no clients selected, cancel
[2024-11-11 22:23:00,147][flwr][DEBUG] - fit_round 3: strategy sampled 10 clients (out of 20)
[2024-11-11 22:23:41,975][flwr][DEBUG] - fit_round 3 received 10 results and 0 failures
[2024-11-11 22:23:44,459][flwr][INFO] - fit progress: (3, 0.695654184390337, {'accuracy': 0.625}, 129.96020173500006)
[2024-11-11 22:23:44,460][flwr][INFO] - evaluate_round 3: no clients selected, cancel
[2024-11-11 22:23:44,460][flwr][DEBUG] - fit_round 4: strategy sampled 10 clients (out of 20)
[2024-11-11 22:24:27,440][flwr][DEBUG] - fit_round 4 received 10 results and 0 failures
[2024-11-11 22:24:29,716][flwr][INFO] - fit progress: (4, 0.6967333234273471, {'accuracy': 0.625}, 175.217165755)
[2024-11-11 22:24:29,717][flwr][INFO] - evaluate_round 4: no clients selected, cancel
[2024-11-11 22:24:29,717][flwr][DEBUG] - fit_round 5: strategy sampled 10 clients (out of 20)
[2024-11-11 22:25:16,211][flwr][DEBUG] - fit_round 5 received 10 results and 0 failures
[2024-11-11 22:25:18,610][flwr][INFO] - fit progress: (5, 0.6938962646019764, {'accuracy': 0.625}, 224.11058005100006)
[2024-11-11 22:25:18,610][flwr][INFO] - evaluate_round 5: no clients selected, cancel
[2024-11-11 22:25:18,610][flwr][DEBUG] - fit_round 6: strategy sampled 10 clients (out of 20)
