[2024-11-23 10:28:15,742][flwr][WARNING] - Both server and strategy were provided, ignoring strategy
[2024-11-23 10:28:15,742][flwr][INFO] - Starting Flower simulation, config: ServerConfig(num_rounds=2, round_timeout=None)
[2024-11-23 10:28:21,119][flwr][INFO] - Flower VCE: Ray initialized with resources: {'object_store_memory': 3717438259.0, 'accelerator_type:G': 1.0, 'GPU': 1.0, 'memory': 7434876519.0, 'node:__internal_head__': 1.0, 'CPU': 12.0, 'node:192.168.1.62': 1.0}
[2024-11-23 10:28:21,119][flwr][INFO] - Flower VCE: Resources for each Virtual Client: {'num_cpus': 4, 'num_gpus': 0.5}
[2024-11-23 10:28:21,127][flwr][INFO] - Flower VCE: Creating VirtualClientEngineActorPool with 2 actors
[2024-11-23 10:28:21,127][flwr][INFO] - Initializing global parameters
[2024-11-23 10:28:21,127][flwr][INFO] - Requesting initial parameters from one random client
[2024-11-23 10:28:24,419][flwr][INFO] - Received initial parameters from one random client
[2024-11-23 10:28:24,419][flwr][INFO] - Evaluating initial parameters
[2024-11-23 10:28:26,900][flwr][INFO] - initial parameters (loss, other metrics): 0.6878100051436313, {'accuracy': 0.5348837209302325}
[2024-11-23 10:28:26,900][flwr][INFO] - FL starting
[2024-11-23 10:28:26,900][flwr][DEBUG] - fit_round 1: strategy sampled 2 clients (out of 4)
[2024-11-23 10:28:31,283][flwr][DEBUG] - fit_round 1 received 2 results and 0 failures
[2024-11-23 10:28:31,361][flwr][WARNING] - No fit_metrics_aggregation_fn provided
[2024-11-23 10:28:34,272][flwr][INFO] - fit progress: (1, 0.6896894846775735, {'accuracy': 0.5271317829457365}, 7.371940797000207)
[2024-11-23 10:28:34,272][flwr][INFO] - evaluate_round 1: no clients selected, cancel
[2024-11-23 10:28:34,273][flwr][DEBUG] - fit_round 2: strategy sampled 2 clients (out of 4)
[2024-11-23 10:28:35,329][flwr][DEBUG] - fit_round 2 received 2 results and 0 failures
[2024-11-23 10:28:38,050][flwr][INFO] - fit progress: (2, 0.7347402646560077, {'accuracy': 0.40310077519379844}, 11.149583251000877)
[2024-11-23 10:28:38,050][flwr][INFO] - evaluate_round 2: no clients selected, cancel
[2024-11-23 10:28:38,050][flwr][INFO] - FL finished in 11.149964877000457
[2024-11-23 10:28:38,051][flwr][INFO] - app_fit: losses_distributed []
[2024-11-23 10:28:38,051][flwr][INFO] - app_fit: metrics_distributed_fit {}
[2024-11-23 10:28:38,051][flwr][INFO] - app_fit: metrics_distributed {}
[2024-11-23 10:28:38,051][flwr][INFO] - app_fit: losses_centralized [(0, 0.6878100051436313), (1, 0.6896894846775735), (2, 0.7347402646560077)]
[2024-11-23 10:28:38,051][flwr][INFO] - app_fit: metrics_centralized {'accuracy': [(0, 0.5348837209302325), (1, 0.5271317829457365), (2, 0.40310077519379844)]}
