[2024-11-17 00:32:55,683][flwr][WARNING] - Both server and strategy were provided, ignoring strategy
[2024-11-17 00:32:55,683][flwr][INFO] - Starting Flower simulation, config: ServerConfig(num_rounds=5, round_timeout=None)
[2024-11-17 00:33:01,049][flwr][INFO] - Flower VCE: Ray initialized with resources: {'object_store_memory': 3561142272.0, 'accelerator_type:G': 1.0, 'GPU': 1.0, 'CPU': 12.0, 'memory': 7122284544.0, 'node:192.168.1.29': 1.0, 'node:__internal_head__': 1.0}
[2024-11-17 00:33:01,050][flwr][INFO] - Flower VCE: Resources for each Virtual Client: {'num_cpus': 6, 'num_gpus': 0.5}
[2024-11-17 00:33:01,057][flwr][INFO] - Flower VCE: Creating VirtualClientEngineActorPool with 2 actors
[2024-11-17 00:33:01,057][flwr][INFO] - Initializing global parameters
[2024-11-17 00:33:01,057][flwr][INFO] - Requesting initial parameters from one random client
[2024-11-17 00:33:04,531][flwr][INFO] - Received initial parameters from one random client
[2024-11-17 00:33:04,532][flwr][INFO] - Evaluating initial parameters
[2024-11-17 00:33:17,406][flwr][INFO] - initial parameters (loss, other metrics): 0.7231684755056332, {'accuracy': 0.4439102564102564}
[2024-11-17 00:33:17,407][flwr][INFO] - FL starting
[2024-11-17 00:33:17,407][flwr][DEBUG] - fit_round 1: strategy sampled 10 clients (out of 20)
[2024-11-17 00:33:34,261][flwr][DEBUG] - fit_round 1 received 10 results and 0 failures
[2024-11-17 00:33:34,605][flwr][WARNING] - No fit_metrics_aggregation_fn provided
[2024-11-17 00:33:49,192][flwr][INFO] - fit progress: (1, 0.6124030909477136, {'accuracy': 0.6298076923076923}, 31.78558838999743)
[2024-11-17 00:33:49,193][flwr][INFO] - evaluate_round 1: no clients selected, cancel
[2024-11-17 00:33:49,193][flwr][DEBUG] - fit_round 2: strategy sampled 10 clients (out of 20)
[2024-11-17 00:34:04,025][flwr][DEBUG] - fit_round 2 received 10 results and 0 failures
[2024-11-17 00:34:19,453][flwr][INFO] - fit progress: (2, 0.5859562655289968, {'accuracy': 0.6378205128205128}, 62.04616967699985)
[2024-11-17 00:34:19,453][flwr][INFO] - evaluate_round 2: no clients selected, cancel
[2024-11-17 00:34:19,454][flwr][DEBUG] - fit_round 3: strategy sampled 10 clients (out of 20)
[2024-11-17 00:34:35,073][flwr][DEBUG] - fit_round 3 received 10 results and 0 failures
[2024-11-17 00:34:50,113][flwr][INFO] - fit progress: (3, 0.5599180880265359, {'accuracy': 0.6650641025641025}, 92.70602707700164)
[2024-11-17 00:34:50,113][flwr][INFO] - evaluate_round 3: no clients selected, cancel
[2024-11-17 00:34:50,114][flwr][DEBUG] - fit_round 4: strategy sampled 10 clients (out of 20)
[2024-11-17 00:35:05,505][flwr][DEBUG] - fit_round 4 received 10 results and 0 failures
[2024-11-17 00:35:21,419][flwr][INFO] - fit progress: (4, 0.5455556970376235, {'accuracy': 0.7211538461538461}, 124.01176386400039)
[2024-11-17 00:35:21,419][flwr][INFO] - evaluate_round 4: no clients selected, cancel
[2024-11-17 00:35:21,419][flwr][DEBUG] - fit_round 5: strategy sampled 10 clients (out of 20)
[2024-11-17 00:35:36,878][flwr][DEBUG] - fit_round 5 received 10 results and 0 failures
[2024-11-17 00:35:52,596][flwr][INFO] - fit progress: (5, 0.5434858050101843, {'accuracy': 0.7307692307692307}, 155.18929062400275)
[2024-11-17 00:35:52,597][flwr][INFO] - evaluate_round 5: no clients selected, cancel
[2024-11-17 00:35:52,597][flwr][INFO] - FL finished in 155.18991397100035
[2024-11-17 00:35:52,599][flwr][INFO] - app_fit: losses_distributed []
[2024-11-17 00:35:52,600][flwr][INFO] - app_fit: metrics_distributed_fit {}
[2024-11-17 00:35:52,600][flwr][INFO] - app_fit: metrics_distributed {}
[2024-11-17 00:35:52,600][flwr][INFO] - app_fit: losses_centralized [(0, 0.7231684755056332), (1, 0.6124030909477136), (2, 0.5859562655289968), (3, 0.5599180880265359), (4, 0.5455556970376235), (5, 0.5434858050101843)]
[2024-11-17 00:35:52,600][flwr][INFO] - app_fit: metrics_centralized {'accuracy': [(0, 0.4439102564102564), (1, 0.6298076923076923), (2, 0.6378205128205128), (3, 0.6650641025641025), (4, 0.7211538461538461), (5, 0.7307692307692307)]}
