[2024-11-10 01:33:03,128][flwr][WARNING] - Both server and strategy were provided, ignoring strategy
[2024-11-10 01:33:03,129][flwr][INFO] - Starting Flower simulation, config: ServerConfig(num_rounds=5, round_timeout=None)
[2024-11-10 01:33:07,751][flwr][INFO] - Flower VCE: Ray initialized with resources: {'node:192.168.1.234': 1.0, 'node:__internal_head__': 1.0, 'object_store_memory': 3162687897.0, 'accelerator_type:G': 1.0, 'GPU': 1.0, 'CPU': 12.0, 'memory': 6325375796.0}
[2024-11-10 01:33:07,751][flwr][INFO] - Flower VCE: Resources for each Virtual Client: {'num_cpus': 4, 'num_gpus': 0.0}
[2024-11-10 01:33:07,759][flwr][INFO] - Flower VCE: Creating VirtualClientEngineActorPool with 3 actors
[2024-11-10 01:33:07,760][flwr][INFO] - Initializing global parameters
[2024-11-10 01:33:07,760][flwr][INFO] - Requesting initial parameters from one random client
[2024-11-10 01:33:09,341][flwr][INFO] - Received initial parameters from one random client
[2024-11-10 01:33:09,341][flwr][INFO] - Evaluating initial parameters
[2024-11-10 01:33:11,723][flwr][INFO] - initial parameters (loss, other metrics): 2.278904743683644, {'accuracy': 0.375}
[2024-11-10 01:33:11,723][flwr][INFO] - FL starting
[2024-11-10 01:33:11,724][flwr][DEBUG] - fit_round 1: strategy sampled 10 clients (out of 10)
[2024-11-10 01:33:19,700][flwr][DEBUG] - fit_round 1 received 10 results and 0 failures
[2024-11-10 01:33:19,763][flwr][WARNING] - No fit_metrics_aggregation_fn provided
[2024-11-10 01:33:22,061][flwr][INFO] - fit progress: (1, 2.093428758474497, {'accuracy': 0.625}, 10.337333193005179)
[2024-11-10 01:33:22,061][flwr][INFO] - evaluate_round 1: no clients selected, cancel
[2024-11-10 01:33:22,061][flwr][DEBUG] - fit_round 2: strategy sampled 10 clients (out of 10)
[2024-11-10 01:33:30,501][flwr][DEBUG] - fit_round 2 received 10 results and 0 failures
[2024-11-10 01:33:33,256][flwr][INFO] - fit progress: (2, 1.7614353375557141, {'accuracy': 0.625}, 21.532829518000653)
[2024-11-10 01:33:33,257][flwr][INFO] - evaluate_round 2: no clients selected, cancel
[2024-11-10 01:33:33,257][flwr][DEBUG] - fit_round 3: strategy sampled 10 clients (out of 10)
