[2024-11-24 09:31:53,422][flwr][WARNING] - Both server and strategy were provided, ignoring strategy
[2024-11-24 09:31:53,422][flwr][INFO] - Starting Flower simulation, config: ServerConfig(num_rounds=2, round_timeout=None)
[2024-11-24 09:31:58,805][flwr][INFO] - Flower VCE: Ray initialized with resources: {'memory': 6850641102.0, 'object_store_memory': 3425320550.0, 'node:__internal_head__': 1.0, 'GPU': 1.0, 'accelerator_type:G': 1.0, 'node:192.168.1.62': 1.0, 'CPU': 12.0}
[2024-11-24 09:31:58,805][flwr][INFO] - Flower VCE: Resources for each Virtual Client: {'num_cpus': 4, 'num_gpus': 1}
[2024-11-24 09:31:58,813][flwr][INFO] - Flower VCE: Creating VirtualClientEngineActorPool with 1 actors
[2024-11-24 09:31:58,813][flwr][INFO] - Initializing global parameters
[2024-11-24 09:31:58,813][flwr][INFO] - Requesting initial parameters from one random client
[2024-11-24 09:32:03,691][flwr][INFO] - Received initial parameters from one random client
[2024-11-24 09:32:03,691][flwr][INFO] - Evaluating initial parameters
[2024-11-24 09:32:08,032][flwr][INFO] - initial parameters (loss, other metrics): 0.7031949287237123, {'accuracy': 0.46511627906976744}
[2024-11-24 09:32:08,032][flwr][INFO] - FL starting
[2024-11-24 09:32:08,032][flwr][DEBUG] - fit_round 1: strategy sampled 6 clients (out of 60)
[2024-11-24 09:32:18,740][flwr][DEBUG] - fit_round 1 received 6 results and 0 failures
[2024-11-24 09:32:18,899][flwr][WARNING] - No fit_metrics_aggregation_fn provided
[2024-11-24 09:32:23,038][flwr][INFO] - fit progress: (1, 0.7040372375369996, {'accuracy': 0.46511627906976744}, 15.005908854000154)
[2024-11-24 09:32:23,038][flwr][INFO] - evaluate_round 1: no clients selected, cancel
[2024-11-24 09:32:23,038][flwr][DEBUG] - fit_round 2: strategy sampled 6 clients (out of 60)
[2024-11-24 09:32:31,867][flwr][DEBUG] - fit_round 2 received 6 results and 0 failures
[2024-11-24 09:32:37,049][flwr][INFO] - fit progress: (2, 0.7039709904397181, {'accuracy': 0.46511627906976744}, 29.017173922999973)
[2024-11-24 09:32:37,050][flwr][INFO] - evaluate_round 2: no clients selected, cancel
[2024-11-24 09:32:37,050][flwr][INFO] - FL finished in 29.017722755999785
[2024-11-24 09:32:37,067][flwr][INFO] - app_fit: losses_distributed []
[2024-11-24 09:32:37,068][flwr][INFO] - app_fit: metrics_distributed_fit {}
[2024-11-24 09:32:37,068][flwr][INFO] - app_fit: metrics_distributed {}
[2024-11-24 09:32:37,068][flwr][INFO] - app_fit: losses_centralized [(0, 0.7031949287237123), (1, 0.7040372375369996), (2, 0.7039709904397181)]
[2024-11-24 09:32:37,068][flwr][INFO] - app_fit: metrics_centralized {'accuracy': [(0, 0.46511627906976744), (1, 0.46511627906976744), (2, 0.46511627906976744)]}
