[2024-11-11 22:29:23,452][flwr][WARNING] - Both server and strategy were provided, ignoring strategy
[2024-11-11 22:29:23,453][flwr][INFO] - Starting Flower simulation, config: ServerConfig(num_rounds=15, round_timeout=None)
[2024-11-11 22:29:29,359][flwr][INFO] - Flower VCE: Ray initialized with resources: {'memory': 7780488807.0, 'node:__internal_head__': 1.0, 'CPU': 12.0, 'node:192.168.1.236': 1.0, 'object_store_memory': 3890244403.0, 'GPU': 1.0, 'accelerator_type:G': 1.0}
[2024-11-11 22:29:29,359][flwr][INFO] - Flower VCE: Resources for each Virtual Client: {'num_cpus': 4, 'num_gpus': 0.5}
[2024-11-11 22:29:29,368][flwr][INFO] - Flower VCE: Creating VirtualClientEngineActorPool with 2 actors
[2024-11-11 22:29:29,368][flwr][INFO] - Initializing global parameters
[2024-11-11 22:29:29,368][flwr][INFO] - Requesting initial parameters from one random client
[2024-11-11 22:29:33,011][flwr][INFO] - Received initial parameters from one random client
[2024-11-11 22:29:33,011][flwr][INFO] - Evaluating initial parameters
[2024-11-11 22:29:35,178][flwr][INFO] - initial parameters (loss, other metrics): 0.688959708580604, {'accuracy': 0.625}
[2024-11-11 22:29:35,178][flwr][INFO] - FL starting
[2024-11-11 22:29:35,178][flwr][DEBUG] - fit_round 1: strategy sampled 10 clients (out of 20)
[2024-11-11 22:30:03,502][flwr][DEBUG] - fit_round 1 received 10 results and 0 failures
[2024-11-11 22:30:03,545][flwr][WARNING] - No fit_metrics_aggregation_fn provided
[2024-11-11 22:30:05,865][flwr][INFO] - fit progress: (1, 0.8769437009707476, {'accuracy': 0.625}, 30.687150111999927)
[2024-11-11 22:30:05,865][flwr][INFO] - evaluate_round 1: no clients selected, cancel
[2024-11-11 22:30:05,866][flwr][DEBUG] - fit_round 2: strategy sampled 10 clients (out of 20)
[2024-11-11 22:30:40,958][flwr][DEBUG] - fit_round 2 received 10 results and 0 failures
[2024-11-11 22:30:43,804][flwr][INFO] - fit progress: (2, 0.678081390949396, {'accuracy': 0.625}, 68.626010899)
[2024-11-11 22:30:43,804][flwr][INFO] - evaluate_round 2: no clients selected, cancel
[2024-11-11 22:30:43,805][flwr][DEBUG] - fit_round 3: strategy sampled 10 clients (out of 20)
[2024-11-11 22:31:22,334][flwr][DEBUG] - fit_round 3 received 10 results and 0 failures
[2024-11-11 22:31:24,729][flwr][INFO] - fit progress: (3, 0.6954971888126471, {'accuracy': 0.625}, 109.55139984800007)
[2024-11-11 22:31:24,730][flwr][INFO] - evaluate_round 3: no clients selected, cancel
[2024-11-11 22:31:24,730][flwr][DEBUG] - fit_round 4: strategy sampled 10 clients (out of 20)
[2024-11-11 22:32:05,690][flwr][DEBUG] - fit_round 4 received 10 results and 0 failures
[2024-11-11 22:32:08,274][flwr][INFO] - fit progress: (4, 0.7234231982475672, {'accuracy': 0.625}, 153.09617209299995)
[2024-11-11 22:32:08,275][flwr][INFO] - evaluate_round 4: no clients selected, cancel
[2024-11-11 22:32:08,275][flwr][DEBUG] - fit_round 5: strategy sampled 10 clients (out of 20)
[2024-11-11 22:32:42,794][flwr][DEBUG] - fit_round 5 received 10 results and 0 failures
[2024-11-11 22:32:45,283][flwr][INFO] - fit progress: (5, 0.7290276399789712, {'accuracy': 0.625}, 190.1046534300001)
[2024-11-11 22:32:45,283][flwr][INFO] - evaluate_round 5: no clients selected, cancel
[2024-11-11 22:32:45,283][flwr][DEBUG] - fit_round 6: strategy sampled 10 clients (out of 20)
[2024-11-11 22:33:22,739][flwr][DEBUG] - fit_round 6 received 10 results and 0 failures
[2024-11-11 22:33:25,264][flwr][INFO] - fit progress: (6, 0.6413672619905227, {'accuracy': 0.625}, 230.085419968)
[2024-11-11 22:33:25,264][flwr][INFO] - evaluate_round 6: no clients selected, cancel
[2024-11-11 22:33:25,264][flwr][DEBUG] - fit_round 7: strategy sampled 10 clients (out of 20)
[2024-11-11 22:34:02,375][flwr][DEBUG] - fit_round 7 received 10 results and 0 failures
[2024-11-11 22:34:04,781][flwr][INFO] - fit progress: (7, 0.8282570468309598, {'accuracy': 0.625}, 269.60252802700006)
[2024-11-11 22:34:04,781][flwr][INFO] - evaluate_round 7: no clients selected, cancel
[2024-11-11 22:34:04,781][flwr][DEBUG] - fit_round 8: strategy sampled 10 clients (out of 20)
[2024-11-11 22:34:35,578][flwr][DEBUG] - fit_round 8 received 10 results and 0 failures
[2024-11-11 22:34:37,988][flwr][INFO] - fit progress: (8, 0.7414670781447337, {'accuracy': 0.625}, 302.81025668100006)
[2024-11-11 22:34:37,989][flwr][INFO] - evaluate_round 8: no clients selected, cancel
[2024-11-11 22:34:37,989][flwr][DEBUG] - fit_round 9: strategy sampled 10 clients (out of 20)
[2024-11-11 22:35:14,233][flwr][DEBUG] - fit_round 9 received 10 results and 0 failures
[2024-11-11 22:35:16,821][flwr][INFO] - fit progress: (9, 0.759622719234381, {'accuracy': 0.625}, 341.6425490900001)
[2024-11-11 22:35:16,821][flwr][INFO] - evaluate_round 9: no clients selected, cancel
[2024-11-11 22:35:16,821][flwr][DEBUG] - fit_round 10: strategy sampled 10 clients (out of 20)
[2024-11-11 22:35:43,587][flwr][DEBUG] - fit_round 10 received 10 results and 0 failures
[2024-11-11 22:35:46,048][flwr][INFO] - fit progress: (10, 0.5855515629817278, {'accuracy': 0.625}, 370.87036577599997)
[2024-11-11 22:35:46,049][flwr][INFO] - evaluate_round 10: no clients selected, cancel
[2024-11-11 22:35:46,049][flwr][DEBUG] - fit_round 11: strategy sampled 10 clients (out of 20)
[2024-11-11 22:36:28,716][flwr][DEBUG] - fit_round 11 received 10 results and 0 failures
[2024-11-11 22:36:31,513][flwr][INFO] - fit progress: (11, 0.5780615760729864, {'accuracy': 0.6362179487179487}, 416.3353795109999)
[2024-11-11 22:36:31,514][flwr][INFO] - evaluate_round 11: no clients selected, cancel
[2024-11-11 22:36:31,514][flwr][DEBUG] - fit_round 12: strategy sampled 10 clients (out of 20)
[2024-11-11 22:37:01,968][flwr][DEBUG] - fit_round 12 received 10 results and 0 failures
[2024-11-11 22:37:04,984][flwr][INFO] - fit progress: (12, 0.5929323664078345, {'accuracy': 0.6794871794871795}, 449.805656411)
[2024-11-11 22:37:04,984][flwr][INFO] - evaluate_round 12: no clients selected, cancel
[2024-11-11 22:37:04,984][flwr][DEBUG] - fit_round 13: strategy sampled 10 clients (out of 20)
[2024-11-11 22:37:43,667][flwr][DEBUG] - fit_round 13 received 10 results and 0 failures
[2024-11-11 22:37:46,452][flwr][INFO] - fit progress: (13, 1.0070826324323814, {'accuracy': 0.625}, 491.2741527789999)
[2024-11-11 22:37:46,453][flwr][INFO] - evaluate_round 13: no clients selected, cancel
[2024-11-11 22:37:46,453][flwr][DEBUG] - fit_round 14: strategy sampled 10 clients (out of 20)
[2024-11-11 22:38:24,397][flwr][DEBUG] - fit_round 14 received 10 results and 0 failures
