[2024-11-10 01:39:45,580][flwr][WARNING] - Both server and strategy were provided, ignoring strategy
[2024-11-10 01:39:45,580][flwr][INFO] - Starting Flower simulation, config: ServerConfig(num_rounds=2, round_timeout=None)
[2024-11-10 01:39:50,155][flwr][INFO] - Flower VCE: Ray initialized with resources: {'node:__internal_head__': 1.0, 'CPU': 12.0, 'object_store_memory': 3138439987.0, 'memory': 6276879975.0, 'accelerator_type:G': 1.0, 'GPU': 1.0, 'node:192.168.1.234': 1.0}
[2024-11-10 01:39:50,155][flwr][INFO] - Flower VCE: Resources for each Virtual Client: {'num_cpus': 4, 'num_gpus': 0.0}
[2024-11-10 01:39:50,162][flwr][INFO] - Flower VCE: Creating VirtualClientEngineActorPool with 3 actors
[2024-11-10 01:39:50,162][flwr][INFO] - Initializing global parameters
[2024-11-10 01:39:50,162][flwr][INFO] - Requesting initial parameters from one random client
[2024-11-10 01:39:51,751][flwr][INFO] - Received initial parameters from one random client
[2024-11-10 01:39:51,751][flwr][INFO] - Evaluating initial parameters
[2024-11-10 01:39:53,715][flwr][INFO] - initial parameters (loss, other metrics): 2.25691111271198, {'accuracy': 0.625}
[2024-11-10 01:39:53,715][flwr][INFO] - FL starting
[2024-11-10 01:39:53,715][flwr][DEBUG] - fit_round 1: strategy sampled 10 clients (out of 10)
[2024-11-10 01:40:01,963][flwr][DEBUG] - fit_round 1 received 10 results and 0 failures
[2024-11-10 01:40:02,028][flwr][WARNING] - No fit_metrics_aggregation_fn provided
[2024-11-10 01:40:04,081][flwr][INFO] - fit progress: (1, 2.019969545877897, {'accuracy': 0.625}, 10.365693886000372)
[2024-11-10 01:40:04,081][flwr][INFO] - evaluate_round 1: no clients selected, cancel
[2024-11-10 01:40:04,081][flwr][DEBUG] - fit_round 2: strategy sampled 10 clients (out of 10)
[2024-11-10 01:40:12,048][flwr][DEBUG] - fit_round 2 received 10 results and 0 failures
[2024-11-10 01:40:14,174][flwr][INFO] - fit progress: (2, 1.6105566590260236, {'accuracy': 0.625}, 20.459407723006734)
[2024-11-10 01:40:14,175][flwr][INFO] - evaluate_round 2: no clients selected, cancel
[2024-11-10 01:40:14,175][flwr][INFO] - FL finished in 20.46002865199989
[2024-11-10 01:40:14,176][flwr][INFO] - app_fit: losses_distributed []
[2024-11-10 01:40:14,176][flwr][INFO] - app_fit: metrics_distributed_fit {}
[2024-11-10 01:40:14,176][flwr][INFO] - app_fit: metrics_distributed {}
[2024-11-10 01:40:14,176][flwr][INFO] - app_fit: losses_centralized [(0, 2.25691111271198), (1, 2.019969545877897), (2, 1.6105566590260236)]
[2024-11-10 01:40:14,176][flwr][INFO] - app_fit: metrics_centralized {'accuracy': [(0, 0.625), (1, 0.625), (2, 0.625)]}
