[2024-11-26 00:23:05,202][flwr][WARNING] - Both server and strategy were provided, ignoring strategy
[2024-11-26 00:23:05,202][flwr][INFO] - Starting Flower simulation, config: ServerConfig(num_rounds=30, round_timeout=None)
[2024-11-26 00:23:10,894][flwr][INFO] - Flower VCE: Ray initialized with resources: {'object_store_memory': 4072071168.0, 'node:__internal_head__': 1.0, 'accelerator_type:G': 1.0, 'GPU': 1.0, 'memory': 8144142336.0, 'node:192.168.1.62': 1.0, 'CPU': 12.0}
[2024-11-26 00:23:10,895][flwr][INFO] - Flower VCE: Resources for each Virtual Client: {'num_cpus': 4, 'num_gpus': 0}
[2024-11-26 00:23:10,904][flwr][INFO] - Flower VCE: Creating VirtualClientEngineActorPool with 3 actors
[2024-11-26 00:23:10,905][flwr][INFO] - Initializing global parameters
[2024-11-26 00:23:10,905][flwr][INFO] - Requesting initial parameters from one random client
[2024-11-26 00:23:14,114][flwr][INFO] - Received initial parameters from one random client
[2024-11-26 00:23:14,129][flwr][INFO] - Evaluating initial parameters
[2024-11-26 00:23:18,656][flwr][INFO] - initial parameters (loss, other metrics): 0.708940021751463, {'accuracy': 0.4496124031007752}
[2024-11-26 00:23:18,656][flwr][INFO] - FL starting
[2024-11-26 00:23:18,688][flwr][DEBUG] - fit_round 1: strategy sampled 2 clients (out of 4)
[2024-11-26 00:23:23,952][flwr][DEBUG] - fit_round 1 received 2 results and 0 failures
[2024-11-26 00:23:24,068][flwr][WARNING] - No fit_metrics_aggregation_fn provided
[2024-11-26 00:23:28,624][flwr][INFO] - fit progress: (1, 0.7143505894860556, {'accuracy': 0.4573643410852713}, 9.967866316001164)
[2024-11-26 00:23:28,625][flwr][INFO] - evaluate_round 1: no clients selected, cancel
[2024-11-26 00:23:28,657][flwr][DEBUG] - fit_round 2: strategy sampled 2 clients (out of 4)
[2024-11-26 00:23:33,406][flwr][DEBUG] - fit_round 2 received 2 results and 0 failures
[2024-11-26 00:23:38,183][flwr][INFO] - fit progress: (2, 0.7181354677954386, {'accuracy': 0.4573643410852713}, 19.52627604600093)
[2024-11-26 00:23:38,183][flwr][INFO] - evaluate_round 2: no clients selected, cancel
[2024-11-26 00:23:38,223][flwr][DEBUG] - fit_round 3: strategy sampled 2 clients (out of 4)
[2024-11-26 00:23:42,772][flwr][DEBUG] - fit_round 3 received 2 results and 0 failures
[2024-11-26 00:23:47,490][flwr][INFO] - fit progress: (3, 0.7208074599273445, {'accuracy': 0.46511627906976744}, 28.833129070000723)
[2024-11-26 00:23:47,490][flwr][INFO] - evaluate_round 3: no clients selected, cancel
[2024-11-26 00:23:47,529][flwr][DEBUG] - fit_round 4: strategy sampled 2 clients (out of 4)
[2024-11-26 00:23:52,315][flwr][DEBUG] - fit_round 4 received 2 results and 0 failures
[2024-11-26 00:23:57,453][flwr][INFO] - fit progress: (4, 0.727172197297562, {'accuracy': 0.46511627906976744}, 38.79651658500006)
[2024-11-26 00:23:57,453][flwr][INFO] - evaluate_round 4: no clients selected, cancel
[2024-11-26 00:23:57,506][flwr][DEBUG] - fit_round 5: strategy sampled 2 clients (out of 4)
[2024-11-26 00:24:02,352][flwr][DEBUG] - fit_round 5 received 2 results and 0 failures
[2024-11-26 00:24:07,553][flwr][INFO] - fit progress: (5, 0.7308162792708522, {'accuracy': 0.46511627906976744}, 48.89648241800023)
[2024-11-26 00:24:07,554][flwr][INFO] - evaluate_round 5: no clients selected, cancel
[2024-11-26 00:24:07,602][flwr][DEBUG] - fit_round 6: strategy sampled 2 clients (out of 4)
[2024-11-26 00:24:12,455][flwr][DEBUG] - fit_round 6 received 2 results and 0 failures
[2024-11-26 00:24:17,578][flwr][INFO] - fit progress: (6, 0.7346937083458716, {'accuracy': 0.46511627906976744}, 58.921575098000176)
[2024-11-26 00:24:17,579][flwr][INFO] - evaluate_round 6: no clients selected, cancel
[2024-11-26 00:24:17,628][flwr][DEBUG] - fit_round 7: strategy sampled 2 clients (out of 4)
[2024-11-26 00:24:22,456][flwr][DEBUG] - fit_round 7 received 2 results and 0 failures
[2024-11-26 00:24:27,556][flwr][INFO] - fit progress: (7, 0.7417713542317235, {'accuracy': 0.46511627906976744}, 68.8994789190001)
[2024-11-26 00:24:27,556][flwr][INFO] - evaluate_round 7: no clients selected, cancel
[2024-11-26 00:24:27,609][flwr][DEBUG] - fit_round 8: strategy sampled 2 clients (out of 4)
[2024-11-26 00:24:32,373][flwr][DEBUG] - fit_round 8 received 2 results and 0 failures
[2024-11-26 00:24:37,716][flwr][INFO] - fit progress: (8, 0.7457010136094204, {'accuracy': 0.46511627906976744}, 79.05904590700084)
[2024-11-26 00:24:37,716][flwr][INFO] - evaluate_round 8: no clients selected, cancel
[2024-11-26 00:24:37,768][flwr][DEBUG] - fit_round 9: strategy sampled 2 clients (out of 4)
[2024-11-26 00:24:42,786][flwr][DEBUG] - fit_round 9 received 2 results and 0 failures
[2024-11-26 00:24:48,089][flwr][INFO] - fit progress: (9, 0.7458062319792518, {'accuracy': 0.46511627906976744}, 89.432439436001)
[2024-11-26 00:24:48,089][flwr][INFO] - evaluate_round 9: no clients selected, cancel
[2024-11-26 00:24:48,139][flwr][DEBUG] - fit_round 10: strategy sampled 2 clients (out of 4)
[2024-11-26 00:24:52,954][flwr][DEBUG] - fit_round 10 received 2 results and 0 failures
