[2024-11-10 01:38:09,808][flwr][WARNING] - Both server and strategy were provided, ignoring strategy
[2024-11-10 01:38:09,808][flwr][INFO] - Starting Flower simulation, config: ServerConfig(num_rounds=2, round_timeout=None)
[2024-11-10 01:38:14,449][flwr][INFO] - Flower VCE: Ray initialized with resources: {'memory': 6292893696.0, 'node:192.168.1.234': 1.0, 'object_store_memory': 3146446848.0, 'GPU': 1.0, 'accelerator_type:G': 1.0, 'node:__internal_head__': 1.0, 'CPU': 12.0}
[2024-11-10 01:38:14,449][flwr][INFO] - Flower VCE: Resources for each Virtual Client: {'num_cpus': 4, 'num_gpus': 0.0}
[2024-11-10 01:38:14,456][flwr][INFO] - Flower VCE: Creating VirtualClientEngineActorPool with 3 actors
[2024-11-10 01:38:14,456][flwr][INFO] - Initializing global parameters
[2024-11-10 01:38:14,456][flwr][INFO] - Requesting initial parameters from one random client
[2024-11-10 01:38:16,058][flwr][INFO] - Received initial parameters from one random client
[2024-11-10 01:38:16,058][flwr][INFO] - Evaluating initial parameters
[2024-11-10 01:38:18,424][flwr][INFO] - initial parameters (loss, other metrics): 2.2318141277019796, {'accuracy': 0.375}
[2024-11-10 01:38:18,424][flwr][INFO] - FL starting
[2024-11-10 01:38:18,424][flwr][DEBUG] - fit_round 1: strategy sampled 10 clients (out of 10)
[2024-11-10 01:38:26,857][flwr][DEBUG] - fit_round 1 received 10 results and 0 failures
[2024-11-10 01:38:26,932][flwr][WARNING] - No fit_metrics_aggregation_fn provided
[2024-11-10 01:38:29,327][flwr][INFO] - fit progress: (1, 2.1098803128951635, {'accuracy': 0.625}, 10.902437978002126)
[2024-11-10 01:38:29,327][flwr][INFO] - evaluate_round 1: no clients selected, cancel
[2024-11-10 01:38:29,327][flwr][DEBUG] - fit_round 2: strategy sampled 10 clients (out of 10)
[2024-11-10 01:38:37,242][flwr][DEBUG] - fit_round 2 received 10 results and 0 failures
[2024-11-10 01:38:39,984][flwr][INFO] - fit progress: (2, 1.8668298232249725, {'accuracy': 0.625}, 21.560048655002902)
[2024-11-10 01:38:39,984][flwr][INFO] - evaluate_round 2: no clients selected, cancel
[2024-11-10 01:38:39,984][flwr][INFO] - FL finished in 21.560323739002342
[2024-11-10 01:38:39,985][flwr][INFO] - app_fit: losses_distributed []
[2024-11-10 01:38:39,985][flwr][INFO] - app_fit: metrics_distributed_fit {}
[2024-11-10 01:38:39,985][flwr][INFO] - app_fit: metrics_distributed {}
[2024-11-10 01:38:39,985][flwr][INFO] - app_fit: losses_centralized [(0, 2.2318141277019796), (1, 2.1098803128951635), (2, 1.8668298232249725)]
[2024-11-10 01:38:39,985][flwr][INFO] - app_fit: metrics_centralized {'accuracy': [(0, 0.375), (1, 0.625), (2, 0.625)]}
