[2024-11-23 15:41:53,807][flwr][WARNING] - Both server and strategy were provided, ignoring strategy
[2024-11-23 15:41:53,807][flwr][INFO] - Starting Flower simulation, config: ServerConfig(num_rounds=2, round_timeout=None)
[2024-11-23 15:41:59,233][flwr][INFO] - Flower VCE: Ray initialized with resources: {'memory': 7172269671.0, 'node:__internal_head__': 1.0, 'object_store_memory': 3586134835.0, 'GPU': 1.0, 'accelerator_type:G': 1.0, 'node:192.168.1.62': 1.0, 'CPU': 12.0}
[2024-11-23 15:41:59,233][flwr][INFO] - Flower VCE: Resources for each Virtual Client: {'num_cpus': 12, 'num_gpus': 1}
[2024-11-23 15:41:59,240][flwr][INFO] - Flower VCE: Creating VirtualClientEngineActorPool with 1 actors
[2024-11-23 15:41:59,240][flwr][INFO] - Initializing global parameters
[2024-11-23 15:41:59,241][flwr][INFO] - Requesting initial parameters from one random client
[2024-11-23 15:42:03,560][flwr][INFO] - Received initial parameters from one random client
[2024-11-23 15:42:03,561][flwr][INFO] - Evaluating initial parameters
[2024-11-23 15:42:07,523][flwr][INFO] - initial parameters (loss, other metrics): 0.6753714140071425, {'accuracy': 0.6589147286821705}
[2024-11-23 15:42:07,524][flwr][INFO] - FL starting
[2024-11-23 15:42:07,524][flwr][DEBUG] - fit_round 1: strategy sampled 2 clients (out of 4)
[2024-11-23 15:42:11,913][flwr][DEBUG] - fit_round 1 received 2 results and 0 failures
[2024-11-23 15:42:12,003][flwr][WARNING] - No fit_metrics_aggregation_fn provided
[2024-11-23 15:42:16,268][flwr][INFO] - fit progress: (1, 0.6841142676597418, {'accuracy': 0.5271317829457365}, 8.743789665000804)
[2024-11-23 15:42:16,268][flwr][INFO] - evaluate_round 1: no clients selected, cancel
[2024-11-23 15:42:16,269][flwr][DEBUG] - fit_round 2: strategy sampled 2 clients (out of 4)
[2024-11-23 15:42:19,735][flwr][DEBUG] - fit_round 2 received 2 results and 0 failures
[2024-11-23 15:42:24,228][flwr][INFO] - fit progress: (2, 0.6925158278886662, {'accuracy': 0.4728682170542636}, 16.70412257499993)
[2024-11-23 15:42:24,229][flwr][INFO] - evaluate_round 2: no clients selected, cancel
[2024-11-23 15:42:24,229][flwr][INFO] - FL finished in 16.704584328002966
[2024-11-23 15:42:24,232][flwr][INFO] - app_fit: losses_distributed []
[2024-11-23 15:42:24,233][flwr][INFO] - app_fit: metrics_distributed_fit {}
[2024-11-23 15:42:24,233][flwr][INFO] - app_fit: metrics_distributed {}
[2024-11-23 15:42:24,233][flwr][INFO] - app_fit: losses_centralized [(0, 0.6753714140071425), (1, 0.6841142676597418), (2, 0.6925158278886662)]
[2024-11-23 15:42:24,233][flwr][INFO] - app_fit: metrics_centralized {'accuracy': [(0, 0.6589147286821705), (1, 0.5271317829457365), (2, 0.4728682170542636)]}
