[2024-11-13 11:40:22,516][flwr][WARNING] - Both server and strategy were provided, ignoring strategy
[2024-11-13 11:40:22,517][flwr][INFO] - Starting Flower simulation, config: ServerConfig(num_rounds=30, round_timeout=None)
[2024-11-13 11:40:28,016][flwr][INFO] - Flower VCE: Ray initialized with resources: {'node:__internal_head__': 1.0, 'CPU': 12.0, 'memory': 8336085812.0, 'accelerator_type:G': 1.0, 'GPU': 1.0, 'object_store_memory': 4168042905.0, 'node:172.16.1.90': 1.0}
[2024-11-13 11:40:28,016][flwr][INFO] - Flower VCE: Resources for each Virtual Client: {'num_cpus': 4, 'num_gpus': 0.5}
[2024-11-13 11:40:28,023][flwr][INFO] - Flower VCE: Creating VirtualClientEngineActorPool with 2 actors
[2024-11-13 11:40:28,023][flwr][INFO] - Initializing global parameters
[2024-11-13 11:40:28,023][flwr][INFO] - Requesting initial parameters from one random client
[2024-11-13 11:40:31,505][flwr][INFO] - Received initial parameters from one random client
[2024-11-13 11:40:31,505][flwr][INFO] - Evaluating initial parameters
[2024-11-13 11:40:33,468][flwr][INFO] - initial parameters (loss, other metrics): 0.6877288008347536, {'accuracy': 0.625}
[2024-11-13 11:40:33,468][flwr][INFO] - FL starting
[2024-11-13 11:40:33,468][flwr][DEBUG] - fit_round 1: strategy sampled 10 clients (out of 20)
[2024-11-13 11:40:49,443][flwr][DEBUG] - fit_round 1 received 10 results and 0 failures
[2024-11-13 11:40:49,490][flwr][WARNING] - No fit_metrics_aggregation_fn provided
[2024-11-13 11:40:51,591][flwr][INFO] - fit progress: (1, 0.6776090340736585, {'accuracy': 0.625}, 18.122252271999997)
[2024-11-13 11:40:51,591][flwr][INFO] - evaluate_round 1: no clients selected, cancel
[2024-11-13 11:40:51,591][flwr][DEBUG] - fit_round 2: strategy sampled 10 clients (out of 20)
[2024-11-13 11:41:05,502][flwr][DEBUG] - fit_round 2 received 10 results and 0 failures
[2024-11-13 11:41:07,440][flwr][INFO] - fit progress: (2, 0.6720100962198697, {'accuracy': 0.625}, 33.97152431500001)
[2024-11-13 11:41:07,440][flwr][INFO] - evaluate_round 2: no clients selected, cancel
[2024-11-13 11:41:07,440][flwr][DEBUG] - fit_round 3: strategy sampled 10 clients (out of 20)
[2024-11-13 11:41:21,721][flwr][DEBUG] - fit_round 3 received 10 results and 0 failures
[2024-11-13 11:41:23,770][flwr][INFO] - fit progress: (3, 0.6676027591411884, {'accuracy': 0.625}, 50.30157150000002)
[2024-11-13 11:41:23,770][flwr][INFO] - evaluate_round 3: no clients selected, cancel
[2024-11-13 11:41:23,770][flwr][DEBUG] - fit_round 4: strategy sampled 10 clients (out of 20)
[2024-11-13 11:41:38,006][flwr][DEBUG] - fit_round 4 received 10 results and 0 failures
[2024-11-13 11:41:40,066][flwr][INFO] - fit progress: (4, 0.6644883996401078, {'accuracy': 0.625}, 66.597723228)
[2024-11-13 11:41:40,066][flwr][INFO] - evaluate_round 4: no clients selected, cancel
[2024-11-13 11:41:40,066][flwr][DEBUG] - fit_round 5: strategy sampled 10 clients (out of 20)
[2024-11-13 11:41:54,807][flwr][DEBUG] - fit_round 5 received 10 results and 0 failures
[2024-11-13 11:41:56,882][flwr][INFO] - fit progress: (5, 0.6626236377618252, {'accuracy': 0.625}, 83.41329815200001)
[2024-11-13 11:41:56,882][flwr][INFO] - evaluate_round 5: no clients selected, cancel
[2024-11-13 11:41:56,882][flwr][DEBUG] - fit_round 6: strategy sampled 10 clients (out of 20)
[2024-11-13 11:42:11,526][flwr][DEBUG] - fit_round 6 received 10 results and 0 failures
[2024-11-13 11:42:13,833][flwr][INFO] - fit progress: (6, 0.6620329977610172, {'accuracy': 0.625}, 100.36428798300003)
[2024-11-13 11:42:13,833][flwr][INFO] - evaluate_round 6: no clients selected, cancel
[2024-11-13 11:42:13,833][flwr][DEBUG] - fit_round 7: strategy sampled 10 clients (out of 20)
