[2024-11-21 00:51:39,432][flwr][WARNING] - Both server and strategy were provided, ignoring strategy
[2024-11-21 00:51:39,432][flwr][INFO] - Starting Flower simulation, config: ServerConfig(num_rounds=30, round_timeout=None)
[2024-11-21 00:51:44,921][flwr][INFO] - Flower VCE: Ray initialized with resources: {'CPU': 12.0, 'object_store_memory': 3242061004.0, 'accelerator_type:G': 1.0, 'GPU': 1.0, 'node:__internal_head__': 1.0, 'node:192.168.1.29': 1.0, 'memory': 6484122011.0}
[2024-11-21 00:51:44,921][flwr][INFO] - Flower VCE: Resources for each Virtual Client: {'num_cpus': 4, 'num_gpus': 0.5}
[2024-11-21 00:51:44,928][flwr][INFO] - Flower VCE: Creating VirtualClientEngineActorPool with 2 actors
[2024-11-21 00:51:44,929][flwr][INFO] - Initializing global parameters
[2024-11-21 00:51:44,929][flwr][INFO] - Requesting initial parameters from one random client
[2024-11-21 00:51:48,548][flwr][INFO] - Received initial parameters from one random client
[2024-11-21 00:51:48,548][flwr][INFO] - Evaluating initial parameters
[2024-11-21 00:52:01,842][flwr][INFO] - initial parameters (loss, other metrics): 0.6624875068664551, {'accuracy': 0.6378205128205128}
[2024-11-21 00:52:01,842][flwr][INFO] - FL starting
[2024-11-21 00:52:01,842][flwr][DEBUG] - fit_round 1: strategy sampled 10 clients (out of 20)
[2024-11-21 00:52:17,312][flwr][DEBUG] - fit_round 1 received 10 results and 0 failures
[2024-11-21 00:52:17,657][flwr][WARNING] - No fit_metrics_aggregation_fn provided
[2024-11-21 00:52:33,270][flwr][INFO] - fit progress: (1, 0.6343001157809527, {'accuracy': 0.6346153846153846}, 31.4275825349996)
[2024-11-21 00:52:33,270][flwr][INFO] - evaluate_round 1: no clients selected, cancel
[2024-11-21 00:52:33,270][flwr][DEBUG] - fit_round 2: strategy sampled 10 clients (out of 20)
[2024-11-21 00:52:45,909][flwr][DEBUG] - fit_round 2 received 10 results and 0 failures
[2024-11-21 00:53:02,087][flwr][INFO] - fit progress: (2, 0.6333689720202715, {'accuracy': 0.6378205128205128}, 60.244470492998516)
[2024-11-21 00:53:02,087][flwr][INFO] - evaluate_round 2: no clients selected, cancel
[2024-11-21 00:53:02,087][flwr][DEBUG] - fit_round 3: strategy sampled 10 clients (out of 20)
[2024-11-21 00:53:15,232][flwr][DEBUG] - fit_round 3 received 10 results and 0 failures
[2024-11-21 00:53:30,365][flwr][INFO] - fit progress: (3, 0.6416077491564628, {'accuracy': 0.6282051282051282}, 88.5233239019999)
[2024-11-21 00:53:30,366][flwr][INFO] - evaluate_round 3: no clients selected, cancel
[2024-11-21 00:53:30,366][flwr][DEBUG] - fit_round 4: strategy sampled 10 clients (out of 20)
[2024-11-21 00:53:43,803][flwr][DEBUG] - fit_round 4 received 10 results and 0 failures
[2024-11-21 00:53:59,477][flwr][INFO] - fit progress: (4, 0.6476937562991412, {'accuracy': 0.6266025641025641}, 117.63474085299822)
[2024-11-21 00:53:59,477][flwr][INFO] - evaluate_round 4: no clients selected, cancel
[2024-11-21 00:53:59,477][flwr][DEBUG] - fit_round 5: strategy sampled 10 clients (out of 20)
[2024-11-21 00:54:12,852][flwr][DEBUG] - fit_round 5 received 10 results and 0 failures
[2024-11-21 00:54:27,916][flwr][INFO] - fit progress: (5, 0.6485676551476504, {'accuracy': 0.6266025641025641}, 146.0738172879992)
[2024-11-21 00:54:27,916][flwr][INFO] - evaluate_round 5: no clients selected, cancel
[2024-11-21 00:54:27,917][flwr][DEBUG] - fit_round 6: strategy sampled 10 clients (out of 20)
[2024-11-21 00:54:41,033][flwr][DEBUG] - fit_round 6 received 10 results and 0 failures
[2024-11-21 00:54:57,463][flwr][INFO] - fit progress: (6, 0.6523361572852502, {'accuracy': 0.625}, 175.62096761199973)
[2024-11-21 00:54:57,463][flwr][INFO] - evaluate_round 6: no clients selected, cancel
[2024-11-21 00:54:57,464][flwr][DEBUG] - fit_round 7: strategy sampled 10 clients (out of 20)
[2024-11-21 00:55:11,275][flwr][DEBUG] - fit_round 7 received 10 results and 0 failures
[2024-11-21 00:55:26,831][flwr][INFO] - fit progress: (7, 0.6550425015963041, {'accuracy': 0.6266025641025641}, 204.9892902219999)
[2024-11-21 00:55:26,832][flwr][INFO] - evaluate_round 7: no clients selected, cancel
[2024-11-21 00:55:26,832][flwr][DEBUG] - fit_round 8: strategy sampled 10 clients (out of 20)
[2024-11-21 00:55:40,910][flwr][DEBUG] - fit_round 8 received 10 results and 0 failures
[2024-11-21 00:55:57,423][flwr][INFO] - fit progress: (8, 0.6501195828119913, {'accuracy': 0.625}, 235.58072964799976)
[2024-11-21 00:55:57,423][flwr][INFO] - evaluate_round 8: no clients selected, cancel
[2024-11-21 00:55:57,423][flwr][DEBUG] - fit_round 9: strategy sampled 10 clients (out of 20)
[2024-11-21 00:56:11,556][flwr][DEBUG] - fit_round 9 received 10 results and 0 failures
[2024-11-21 00:56:26,794][flwr][INFO] - fit progress: (9, 0.6570912049366877, {'accuracy': 0.625}, 264.9518155019996)
[2024-11-21 00:56:26,794][flwr][INFO] - evaluate_round 9: no clients selected, cancel
[2024-11-21 00:56:26,794][flwr][DEBUG] - fit_round 10: strategy sampled 10 clients (out of 20)
[2024-11-21 00:56:40,041][flwr][DEBUG] - fit_round 10 received 10 results and 0 failures
[2024-11-21 00:56:55,807][flwr][INFO] - fit progress: (10, 0.6523722135103666, {'accuracy': 0.625}, 293.96537452099983)
[2024-11-21 00:56:55,808][flwr][INFO] - evaluate_round 10: no clients selected, cancel
[2024-11-21 00:56:55,808][flwr][DEBUG] - fit_round 11: strategy sampled 10 clients (out of 20)
[2024-11-21 00:57:09,115][flwr][DEBUG] - fit_round 11 received 10 results and 0 failures
[2024-11-21 00:57:26,212][flwr][INFO] - fit progress: (11, 0.641525632295853, {'accuracy': 0.6266025641025641}, 324.37030272299853)
[2024-11-21 00:57:26,213][flwr][INFO] - evaluate_round 11: no clients selected, cancel
[2024-11-21 00:57:26,213][flwr][DEBUG] - fit_round 12: strategy sampled 10 clients (out of 20)
[2024-11-21 00:57:40,065][flwr][DEBUG] - fit_round 12 received 10 results and 0 failures
[2024-11-21 00:57:56,829][flwr][INFO] - fit progress: (12, 0.6378941474816738, {'accuracy': 0.625}, 354.98657626399836)
[2024-11-21 00:57:56,829][flwr][INFO] - evaluate_round 12: no clients selected, cancel
[2024-11-21 00:57:56,829][flwr][DEBUG] - fit_round 13: strategy sampled 10 clients (out of 20)
[2024-11-21 00:58:10,554][flwr][DEBUG] - fit_round 13 received 10 results and 0 failures
[2024-11-21 00:58:28,793][flwr][INFO] - fit progress: (13, 0.6317530259107932, {'accuracy': 0.6233974358974359}, 386.9508244379995)
[2024-11-21 00:58:28,793][flwr][INFO] - evaluate_round 13: no clients selected, cancel
[2024-11-21 00:58:28,793][flwr][DEBUG] - fit_round 14: strategy sampled 10 clients (out of 20)
[2024-11-21 00:58:42,650][flwr][DEBUG] - fit_round 14 received 10 results and 0 failures
[2024-11-21 00:58:59,981][flwr][INFO] - fit progress: (14, 0.6100652798628196, {'accuracy': 0.6266025641025641}, 418.13914258299883)
[2024-11-21 00:58:59,982][flwr][INFO] - evaluate_round 14: no clients selected, cancel
[2024-11-21 00:58:59,982][flwr][DEBUG] - fit_round 15: strategy sampled 10 clients (out of 20)
[2024-11-21 00:59:14,400][flwr][DEBUG] - fit_round 15 received 10 results and 0 failures
[2024-11-21 00:59:31,563][flwr][INFO] - fit progress: (15, 0.5928043921788534, {'accuracy': 0.6266025641025641}, 449.721033627)
[2024-11-21 00:59:31,563][flwr][INFO] - evaluate_round 15: no clients selected, cancel
[2024-11-21 00:59:31,564][flwr][DEBUG] - fit_round 16: strategy sampled 10 clients (out of 20)
[2024-11-21 00:59:46,010][flwr][DEBUG] - fit_round 16 received 10 results and 0 failures
[2024-11-21 01:00:03,015][flwr][INFO] - fit progress: (16, 0.5866155868921524, {'accuracy': 0.6346153846153846}, 481.17332508599975)
[2024-11-21 01:00:03,016][flwr][INFO] - evaluate_round 16: no clients selected, cancel
[2024-11-21 01:00:03,016][flwr][DEBUG] - fit_round 17: strategy sampled 10 clients (out of 20)
[2024-11-21 01:00:17,305][flwr][DEBUG] - fit_round 17 received 10 results and 0 failures
[2024-11-21 01:00:32,689][flwr][INFO] - fit progress: (17, 0.5920651264679737, {'accuracy': 0.6362179487179487}, 510.8467516839992)
[2024-11-21 01:00:32,689][flwr][INFO] - evaluate_round 17: no clients selected, cancel
[2024-11-21 01:00:32,689][flwr][DEBUG] - fit_round 18: strategy sampled 10 clients (out of 20)
[2024-11-21 01:00:46,570][flwr][DEBUG] - fit_round 18 received 10 results and 0 failures
[2024-11-21 01:01:02,285][flwr][INFO] - fit progress: (18, 0.5970783080810156, {'accuracy': 0.6378205128205128}, 540.4430556419993)
[2024-11-21 01:01:02,285][flwr][INFO] - evaluate_round 18: no clients selected, cancel
[2024-11-21 01:01:02,286][flwr][DEBUG] - fit_round 19: strategy sampled 10 clients (out of 20)
[2024-11-21 01:01:16,482][flwr][DEBUG] - fit_round 19 received 10 results and 0 failures
[2024-11-21 01:01:33,841][flwr][INFO] - fit progress: (19, 0.5866169501573611, {'accuracy': 0.6298076923076923}, 571.9991360239983)
[2024-11-21 01:01:33,842][flwr][INFO] - evaluate_round 19: no clients selected, cancel
[2024-11-21 01:01:33,842][flwr][DEBUG] - fit_round 20: strategy sampled 10 clients (out of 20)
[2024-11-21 01:01:48,441][flwr][DEBUG] - fit_round 20 received 10 results and 0 failures
[2024-11-21 01:02:04,216][flwr][INFO] - fit progress: (20, 0.5913855143082447, {'accuracy': 0.6330128205128205}, 602.3739964699998)
[2024-11-21 01:02:04,216][flwr][INFO] - evaluate_round 20: no clients selected, cancel
[2024-11-21 01:02:04,217][flwr][DEBUG] - fit_round 21: strategy sampled 10 clients (out of 20)
[2024-11-21 01:02:18,602][flwr][DEBUG] - fit_round 21 received 10 results and 0 failures
[2024-11-21 01:02:37,531][flwr][INFO] - fit progress: (21, 0.5880550191952632, {'accuracy': 0.6410256410256411}, 635.6889837789986)
[2024-11-21 01:02:37,531][flwr][INFO] - evaluate_round 21: no clients selected, cancel
[2024-11-21 01:02:37,532][flwr][DEBUG] - fit_round 22: strategy sampled 10 clients (out of 20)
[2024-11-21 01:02:52,293][flwr][DEBUG] - fit_round 22 received 10 results and 0 failures
[2024-11-21 01:03:09,630][flwr][INFO] - fit progress: (22, 0.5897727990761782, {'accuracy': 0.6346153846153846}, 667.7880009159999)
[2024-11-21 01:03:09,630][flwr][INFO] - evaluate_round 22: no clients selected, cancel
[2024-11-21 01:03:09,631][flwr][DEBUG] - fit_round 23: strategy sampled 10 clients (out of 20)
[2024-11-21 01:03:24,211][flwr][DEBUG] - fit_round 23 received 10 results and 0 failures
[2024-11-21 01:03:42,232][flwr][INFO] - fit progress: (23, 0.5839851529170306, {'accuracy': 0.6442307692307693}, 700.3897055849993)
[2024-11-21 01:03:42,232][flwr][INFO] - evaluate_round 23: no clients selected, cancel
[2024-11-21 01:03:42,232][flwr][DEBUG] - fit_round 24: strategy sampled 10 clients (out of 20)
[2024-11-21 01:03:57,407][flwr][DEBUG] - fit_round 24 received 10 results and 0 failures
[2024-11-21 01:04:15,316][flwr][INFO] - fit progress: (24, 0.5770640953993186, {'accuracy': 0.6410256410256411}, 733.4742121539985)
[2024-11-21 01:04:15,317][flwr][INFO] - evaluate_round 24: no clients selected, cancel
[2024-11-21 01:04:15,317][flwr][DEBUG] - fit_round 25: strategy sampled 10 clients (out of 20)
