[2024-11-23 10:51:06,822][flwr][WARNING] - Both server and strategy were provided, ignoring strategy
[2024-11-23 10:51:06,822][flwr][INFO] - Starting Flower simulation, config: ServerConfig(num_rounds=2, round_timeout=None)
[2024-11-23 10:51:12,045][flwr][INFO] - Flower VCE: Ray initialized with resources: {'GPU': 1.0, 'accelerator_type:G': 1.0, 'object_store_memory': 3642046464.0, 'node:192.168.1.62': 1.0, 'CPU': 12.0, 'memory': 7284092928.0, 'node:__internal_head__': 1.0}
[2024-11-23 10:51:12,045][flwr][INFO] - Flower VCE: Resources for each Virtual Client: {'num_cpus': 4, 'num_gpus': 0.5}
[2024-11-23 10:51:12,052][flwr][INFO] - Flower VCE: Creating VirtualClientEngineActorPool with 2 actors
[2024-11-23 10:51:12,052][flwr][INFO] - Initializing global parameters
[2024-11-23 10:51:12,052][flwr][INFO] - Requesting initial parameters from one random client
[2024-11-23 10:51:15,341][flwr][INFO] - Received initial parameters from one random client
[2024-11-23 10:51:15,341][flwr][INFO] - Evaluating initial parameters
[2024-11-23 10:51:17,929][flwr][INFO] - initial parameters (loss, other metrics): 0.6542416062465933, {'accuracy': 0.5968992248062015}
[2024-11-23 10:51:17,930][flwr][INFO] - FL starting
[2024-11-23 10:51:17,930][flwr][DEBUG] - fit_round 1: strategy sampled 2 clients (out of 4)
[2024-11-23 10:51:22,338][flwr][DEBUG] - fit_round 1 received 2 results and 0 failures
[2024-11-23 10:51:22,418][flwr][WARNING] - No fit_metrics_aggregation_fn provided
[2024-11-23 10:51:25,180][flwr][INFO] - fit progress: (1, 0.656834602355957, {'accuracy': 0.6124031007751938}, 7.250697231000231)
[2024-11-23 10:51:25,181][flwr][INFO] - evaluate_round 1: no clients selected, cancel
[2024-11-23 10:51:25,181][flwr][DEBUG] - fit_round 2: strategy sampled 2 clients (out of 4)
[2024-11-23 10:51:26,225][flwr][DEBUG] - fit_round 2 received 2 results and 0 failures
[2024-11-23 10:51:28,973][flwr][INFO] - fit progress: (2, 0.6832475773123807, {'accuracy': 0.5813953488372093}, 11.043360923000364)
[2024-11-23 10:51:28,973][flwr][INFO] - evaluate_round 2: no clients selected, cancel
[2024-11-23 10:51:28,973][flwr][INFO] - FL finished in 11.043795145000331
[2024-11-23 10:51:28,974][flwr][INFO] - app_fit: losses_distributed []
[2024-11-23 10:51:28,974][flwr][INFO] - app_fit: metrics_distributed_fit {}
[2024-11-23 10:51:28,975][flwr][INFO] - app_fit: metrics_distributed {}
[2024-11-23 10:51:28,975][flwr][INFO] - app_fit: losses_centralized [(0, 0.6542416062465933), (1, 0.656834602355957), (2, 0.6832475773123807)]
[2024-11-23 10:51:28,975][flwr][INFO] - app_fit: metrics_centralized {'accuracy': [(0, 0.5968992248062015), (1, 0.6124031007751938), (2, 0.5813953488372093)]}
