[2024-11-06 00:22:54,675][flwr][INFO] - Starting Flower simulation, config: num_rounds=15, no round_timeout
[2024-11-06 00:22:58,447][flwr][INFO] - Flower VCE: Ray initialized with resources: {'node:192.168.1.223': 1.0, 'node:__internal_head__': 1.0, 'CPU': 12.0, 'memory': 3761287988.0, 'object_store_memory': 1880643993.0}
[2024-11-06 00:22:58,447][flwr][INFO] - Optimize your simulation with Flower VCE: https://flower.ai/docs/framework/how-to-run-simulations.html
[2024-11-06 00:22:58,447][flwr][INFO] - Flower VCE: Resources for each Virtual Client: {'num_cpus': 2, 'num_gpus': 0.0}
[2024-11-06 00:22:58,457][flwr][INFO] - Flower VCE: Creating VirtualClientEngineActorPool with 6 actors
[2024-11-06 00:22:58,457][flwr][INFO] - [INIT]
[2024-11-06 00:22:58,457][flwr][INFO] - Requesting initial parameters from one random client
[2024-11-06 00:23:01,322][flwr][INFO] - Received initial parameters from one random client
[2024-11-06 00:23:01,322][flwr][INFO] - Starting evaluation of initial global parameters
[2024-11-06 00:23:05,837][flwr][INFO] - initial parameters (loss, other metrics): 0.022340098252663247, {'accuracy': 0.375}
[2024-11-06 00:23:05,838][flwr][INFO] - 
[2024-11-06 00:23:05,838][flwr][INFO] - [ROUND 1]
[2024-11-06 00:23:05,838][flwr][INFO] - configure_fit: strategy sampled 10 clients (out of 20)
[2024-11-06 00:23:24,505][flwr][INFO] - aggregate_fit: received 10 results and 0 failures
[2024-11-06 00:23:24,555][flwr][WARNING] - No fit_metrics_aggregation_fn provided
[2024-11-06 00:23:29,241][flwr][INFO] - fit progress: (1, 0.02012149203950778, {'accuracy': 0.625}, 23.403566037002747)
[2024-11-06 00:23:29,241][flwr][INFO] - configure_evaluate: strategy sampled 10 clients (out of 20)
[2024-11-06 00:23:35,174][flwr][INFO] - aggregate_evaluate: received 10 results and 0 failures
[2024-11-06 00:23:35,174][root][INFO] - EVALUATE_METRICS_AGGREGATION: 0.7274928774928775
[2024-11-06 00:23:35,174][flwr][INFO] - 
[2024-11-06 00:23:35,174][flwr][INFO] - [ROUND 2]
[2024-11-06 00:23:35,174][flwr][INFO] - configure_fit: strategy sampled 10 clients (out of 20)
[2024-11-06 00:23:49,830][flwr][INFO] - aggregate_fit: received 10 results and 0 failures
[2024-11-06 00:23:54,453][flwr][INFO] - fit progress: (2, 0.01433375098097783, {'accuracy': 0.7644230769230769}, 48.6153778370026)
[2024-11-06 00:23:54,453][flwr][INFO] - configure_evaluate: strategy sampled 10 clients (out of 20)
[2024-11-06 00:24:00,196][flwr][INFO] - aggregate_evaluate: received 10 results and 0 failures
[2024-11-06 00:24:00,197][root][INFO] - EVALUATE_METRICS_AGGREGATION: 0.9269230769230768
[2024-11-06 00:24:00,197][flwr][INFO] - 
[2024-11-06 00:24:00,197][flwr][INFO] - [ROUND 3]
[2024-11-06 00:24:00,197][flwr][INFO] - configure_fit: strategy sampled 10 clients (out of 20)
[2024-11-06 00:24:14,641][flwr][INFO] - aggregate_fit: received 10 results and 0 failures
[2024-11-06 00:24:19,248][flwr][INFO] - fit progress: (3, 0.013610132784845356, {'accuracy': 0.780448717948718}, 73.41077029400185)
[2024-11-06 00:24:19,249][flwr][INFO] - configure_evaluate: strategy sampled 10 clients (out of 20)
[2024-11-06 00:24:25,068][flwr][INFO] - aggregate_evaluate: received 10 results and 0 failures
[2024-11-06 00:24:25,068][root][INFO] - EVALUATE_METRICS_AGGREGATION: 0.9307692307692307
[2024-11-06 00:24:25,068][flwr][INFO] - 
[2024-11-06 00:24:25,069][flwr][INFO] - [ROUND 4]
[2024-11-06 00:24:25,069][flwr][INFO] - configure_fit: strategy sampled 10 clients (out of 20)
[2024-11-06 00:24:39,394][flwr][INFO] - aggregate_fit: received 10 results and 0 failures
[2024-11-06 00:24:44,015][flwr][INFO] - fit progress: (4, 0.015242445667704137, {'accuracy': 0.7708333333333334}, 98.1774464629998)
[2024-11-06 00:24:44,015][flwr][INFO] - configure_evaluate: strategy sampled 10 clients (out of 20)
[2024-11-06 00:24:49,825][flwr][INFO] - aggregate_evaluate: received 10 results and 0 failures
[2024-11-06 00:24:49,825][root][INFO] - EVALUATE_METRICS_AGGREGATION: 0.9615384615384617
[2024-11-06 00:24:49,825][flwr][INFO] - 
[2024-11-06 00:24:49,825][flwr][INFO] - [ROUND 5]
[2024-11-06 00:24:49,826][flwr][INFO] - configure_fit: strategy sampled 10 clients (out of 20)
[2024-11-06 00:25:03,949][flwr][INFO] - aggregate_fit: received 10 results and 0 failures
[2024-11-06 00:25:08,768][flwr][INFO] - fit progress: (5, 0.016772423587285746, {'accuracy': 0.780448717948718}, 122.93079210500218)
[2024-11-06 00:25:08,769][flwr][INFO] - configure_evaluate: strategy sampled 10 clients (out of 20)
[2024-11-06 00:25:14,729][flwr][INFO] - aggregate_evaluate: received 10 results and 0 failures
[2024-11-06 00:25:14,729][root][INFO] - EVALUATE_METRICS_AGGREGATION: 0.9461538461538461
[2024-11-06 00:25:14,729][flwr][INFO] - 
[2024-11-06 00:25:14,729][flwr][INFO] - [ROUND 6]
[2024-11-06 00:25:14,729][flwr][INFO] - configure_fit: strategy sampled 10 clients (out of 20)
[2024-11-06 00:25:29,104][flwr][INFO] - aggregate_fit: received 10 results and 0 failures
[2024-11-06 00:25:33,867][flwr][INFO] - fit progress: (6, 0.016244421071277406, {'accuracy': 0.7868589743589743}, 148.0291943350021)
[2024-11-06 00:25:33,867][flwr][INFO] - configure_evaluate: strategy sampled 10 clients (out of 20)
[2024-11-06 00:25:39,593][flwr][INFO] - aggregate_evaluate: received 10 results and 0 failures
[2024-11-06 00:25:39,593][root][INFO] - EVALUATE_METRICS_AGGREGATION: 0.9616809116809119
[2024-11-06 00:25:39,593][flwr][INFO] - 
[2024-11-06 00:25:39,594][flwr][INFO] - [ROUND 7]
[2024-11-06 00:25:39,594][flwr][INFO] - configure_fit: strategy sampled 10 clients (out of 20)
[2024-11-06 00:25:53,816][flwr][INFO] - aggregate_fit: received 10 results and 0 failures
[2024-11-06 00:25:58,617][flwr][INFO] - fit progress: (7, 0.022950347629375756, {'accuracy': 0.7596153846153846}, 172.7792988000001)
[2024-11-06 00:25:58,617][flwr][INFO] - configure_evaluate: strategy sampled 10 clients (out of 20)
[2024-11-06 00:26:04,496][flwr][INFO] - aggregate_evaluate: received 10 results and 0 failures
[2024-11-06 00:26:04,496][root][INFO] - EVALUATE_METRICS_AGGREGATION: 0.9462962962962964
[2024-11-06 00:26:04,496][flwr][INFO] - 
[2024-11-06 00:26:04,496][flwr][INFO] - [ROUND 8]
[2024-11-06 00:26:04,497][flwr][INFO] - configure_fit: strategy sampled 10 clients (out of 20)
[2024-11-06 00:26:20,061][flwr][INFO] - aggregate_fit: received 10 results and 0 failures
[2024-11-06 00:26:24,841][flwr][INFO] - fit progress: (8, 0.02061613497043697, {'accuracy': 0.7852564102564102}, 199.0035913080028)
[2024-11-06 00:26:24,841][flwr][INFO] - configure_evaluate: strategy sampled 10 clients (out of 20)
[2024-11-06 00:26:30,777][flwr][INFO] - aggregate_evaluate: received 10 results and 0 failures
[2024-11-06 00:26:30,777][root][INFO] - EVALUATE_METRICS_AGGREGATION: 0.9655270655270656
[2024-11-06 00:26:30,777][flwr][INFO] - 
[2024-11-06 00:26:30,777][flwr][INFO] - [ROUND 9]
[2024-11-06 00:26:30,777][flwr][INFO] - configure_fit: strategy sampled 10 clients (out of 20)
[2024-11-06 00:26:45,952][flwr][INFO] - aggregate_fit: received 10 results and 0 failures
[2024-11-06 00:26:50,745][flwr][INFO] - fit progress: (9, 0.02183578734865221, {'accuracy': 0.7708333333333334}, 224.90760159100319)
[2024-11-06 00:26:50,745][flwr][INFO] - configure_evaluate: strategy sampled 10 clients (out of 20)
[2024-11-06 00:26:56,932][flwr][INFO] - aggregate_evaluate: received 10 results and 0 failures
[2024-11-06 00:26:56,932][root][INFO] - EVALUATE_METRICS_AGGREGATION: 0.9576923076923078
[2024-11-06 00:26:56,932][flwr][INFO] - 
[2024-11-06 00:26:56,932][flwr][INFO] - [ROUND 10]
[2024-11-06 00:26:56,933][flwr][INFO] - configure_fit: strategy sampled 10 clients (out of 20)
[2024-11-06 00:27:12,033][flwr][INFO] - aggregate_fit: received 10 results and 0 failures
[2024-11-06 00:27:16,870][flwr][INFO] - fit progress: (10, 0.027118727637944408, {'accuracy': 0.7483974358974359}, 251.0326967680012)
[2024-11-06 00:27:16,871][flwr][INFO] - configure_evaluate: strategy sampled 10 clients (out of 20)
[2024-11-06 00:27:23,077][flwr][INFO] - aggregate_evaluate: received 10 results and 0 failures
[2024-11-06 00:27:23,078][root][INFO] - EVALUATE_METRICS_AGGREGATION: 0.957834757834758
[2024-11-06 00:27:23,078][flwr][INFO] - 
[2024-11-06 00:27:23,078][flwr][INFO] - [ROUND 11]
[2024-11-06 00:27:23,078][flwr][INFO] - configure_fit: strategy sampled 10 clients (out of 20)
[2024-11-06 00:27:38,182][flwr][INFO] - aggregate_fit: received 10 results and 0 failures
[2024-11-06 00:27:42,880][flwr][INFO] - fit progress: (11, 0.02198850716917943, {'accuracy': 0.7756410256410257}, 277.0422954830028)
[2024-11-06 00:27:42,880][flwr][INFO] - configure_evaluate: strategy sampled 10 clients (out of 20)
[2024-11-06 00:27:48,918][flwr][INFO] - aggregate_evaluate: received 10 results and 0 failures
[2024-11-06 00:27:48,918][root][INFO] - EVALUATE_METRICS_AGGREGATION: 0.9730769230769232
[2024-11-06 00:27:48,918][flwr][INFO] - 
[2024-11-06 00:27:48,918][flwr][INFO] - [ROUND 12]
[2024-11-06 00:27:48,918][flwr][INFO] - configure_fit: strategy sampled 10 clients (out of 20)
[2024-11-06 00:28:03,943][flwr][INFO] - aggregate_fit: received 10 results and 0 failures
[2024-11-06 00:28:08,649][flwr][INFO] - fit progress: (12, 0.02363366087471756, {'accuracy': 0.7740384615384616}, 302.8115776699997)
[2024-11-06 00:28:08,649][flwr][INFO] - configure_evaluate: strategy sampled 10 clients (out of 20)
[2024-11-06 00:28:14,817][flwr][INFO] - aggregate_evaluate: received 10 results and 0 failures
[2024-11-06 00:28:14,817][root][INFO] - EVALUATE_METRICS_AGGREGATION: 0.9655270655270656
[2024-11-06 00:28:14,818][flwr][INFO] - 
[2024-11-06 00:28:14,818][flwr][INFO] - [ROUND 13]
[2024-11-06 00:28:14,818][flwr][INFO] - configure_fit: strategy sampled 10 clients (out of 20)
[2024-11-06 00:28:30,229][flwr][INFO] - aggregate_fit: received 10 results and 0 failures
[2024-11-06 00:28:34,927][flwr][INFO] - fit progress: (13, 0.024183186566612374, {'accuracy': 0.7644230769230769}, 329.08909536400097)
[2024-11-06 00:28:34,927][flwr][INFO] - configure_evaluate: strategy sampled 10 clients (out of 20)
[2024-11-06 00:28:40,919][flwr][INFO] - aggregate_evaluate: received 10 results and 0 failures
[2024-11-06 00:28:40,919][root][INFO] - EVALUATE_METRICS_AGGREGATION: 0.9616809116809117
[2024-11-06 00:28:40,919][flwr][INFO] - 
[2024-11-06 00:28:40,920][flwr][INFO] - [ROUND 14]
[2024-11-06 00:28:40,920][flwr][INFO] - configure_fit: strategy sampled 10 clients (out of 20)
[2024-11-06 00:28:56,091][flwr][INFO] - aggregate_fit: received 10 results and 0 failures
[2024-11-06 00:29:00,888][flwr][INFO] - fit progress: (14, 0.02209608506363554, {'accuracy': 0.7932692307692307}, 355.049905969001)
[2024-11-06 00:29:00,888][flwr][INFO] - configure_evaluate: strategy sampled 10 clients (out of 20)
[2024-11-06 00:29:06,961][flwr][INFO] - aggregate_evaluate: received 10 results and 0 failures
[2024-11-06 00:29:06,961][root][INFO] - EVALUATE_METRICS_AGGREGATION: 0.953846153846154
[2024-11-06 00:29:06,961][flwr][INFO] - 
[2024-11-06 00:29:06,961][flwr][INFO] - [ROUND 15]
[2024-11-06 00:29:06,961][flwr][INFO] - configure_fit: strategy sampled 10 clients (out of 20)
[2024-11-06 00:29:22,393][flwr][INFO] - aggregate_fit: received 10 results and 0 failures
[2024-11-06 00:29:27,138][flwr][INFO] - fit progress: (15, 0.028107248732852988, {'accuracy': 0.7612179487179487}, 381.30004460000055)
[2024-11-06 00:29:27,138][flwr][INFO] - configure_evaluate: strategy sampled 10 clients (out of 20)
[2024-11-06 00:29:33,189][flwr][INFO] - aggregate_evaluate: received 10 results and 0 failures
[2024-11-06 00:29:33,189][root][INFO] - EVALUATE_METRICS_AGGREGATION: 0.9616809116809117
[2024-11-06 00:29:33,202][flwr][INFO] - 
[2024-11-06 00:29:33,202][flwr][INFO] - [SUMMARY]
[2024-11-06 00:29:33,202][flwr][INFO] - Run finished 15 round(s) in 387.35s
[2024-11-06 00:29:33,203][flwr][INFO] - 	History (loss, distributed):
[2024-11-06 00:29:33,203][flwr][INFO] - 		round 1: 0.018929959264745742
[2024-11-06 00:29:33,203][flwr][INFO] - 		round 2: 0.011251149154626406
[2024-11-06 00:29:33,203][flwr][INFO] - 		round 3: 0.007720446099455538
[2024-11-06 00:29:33,203][flwr][INFO] - 		round 4: 0.004946268426302152
[2024-11-06 00:29:33,203][flwr][INFO] - 		round 5: 0.006155320185308273
[2024-11-06 00:29:33,203][flwr][INFO] - 		round 6: 0.004798621491680288
[2024-11-06 00:29:33,203][flwr][INFO] - 		round 7: 0.004238469128701253
[2024-11-06 00:29:33,203][flwr][INFO] - 		round 8: 0.0044571237458165556
[2024-11-06 00:29:33,203][flwr][INFO] - 		round 9: 0.003236562214218653
[2024-11-06 00:29:33,203][flwr][INFO] - 		round 10: 0.004378769750789105
[2024-11-06 00:29:33,204][flwr][INFO] - 		round 11: 0.003835023610064616
[2024-11-06 00:29:33,204][flwr][INFO] - 		round 12: 0.005324498212702595
[2024-11-06 00:29:33,204][flwr][INFO] - 		round 13: 0.0052430994076351845
[2024-11-06 00:29:33,204][flwr][INFO] - 		round 14: 0.006009326585067007
[2024-11-06 00:29:33,204][flwr][INFO] - 		round 15: 0.005174498060887994
[2024-11-06 00:29:33,204][flwr][INFO] - 	History (loss, centralized):
[2024-11-06 00:29:33,204][flwr][INFO] - 		round 0: 0.022340098252663247
[2024-11-06 00:29:33,204][flwr][INFO] - 		round 1: 0.02012149203950778
[2024-11-06 00:29:33,204][flwr][INFO] - 		round 2: 0.01433375098097783
[2024-11-06 00:29:33,204][flwr][INFO] - 		round 3: 0.013610132784845356
[2024-11-06 00:29:33,204][flwr][INFO] - 		round 4: 0.015242445667704137
[2024-11-06 00:29:33,204][flwr][INFO] - 		round 5: 0.016772423587285746
[2024-11-06 00:29:33,204][flwr][INFO] - 		round 6: 0.016244421071277406
[2024-11-06 00:29:33,204][flwr][INFO] - 		round 7: 0.022950347629375756
[2024-11-06 00:29:33,204][flwr][INFO] - 		round 8: 0.02061613497043697
[2024-11-06 00:29:33,204][flwr][INFO] - 		round 9: 0.02183578734865221
[2024-11-06 00:29:33,204][flwr][INFO] - 		round 10: 0.027118727637944408
[2024-11-06 00:29:33,205][flwr][INFO] - 		round 11: 0.02198850716917943
[2024-11-06 00:29:33,205][flwr][INFO] - 		round 12: 0.02363366087471756
[2024-11-06 00:29:33,205][flwr][INFO] - 		round 13: 0.024183186566612374
[2024-11-06 00:29:33,205][flwr][INFO] - 		round 14: 0.02209608506363554
[2024-11-06 00:29:33,205][flwr][INFO] - 		round 15: 0.028107248732852988
[2024-11-06 00:29:33,205][flwr][INFO] - 	History (metrics, distributed, evaluate):
[2024-11-06 00:29:33,205][flwr][INFO] - 	{'federated_evaluate_accuracy': [(1, 0.7274928774928775),
[2024-11-06 00:29:33,205][flwr][INFO] - 	                                 (2, 0.9269230769230768),
[2024-11-06 00:29:33,205][flwr][INFO] - 	                                 (3, 0.9307692307692307),
[2024-11-06 00:29:33,205][flwr][INFO] - 	                                 (4, 0.9615384615384617),
[2024-11-06 00:29:33,205][flwr][INFO] - 	                                 (5, 0.9461538461538461),
[2024-11-06 00:29:33,205][flwr][INFO] - 	                                 (6, 0.9616809116809119),
[2024-11-06 00:29:33,205][flwr][INFO] - 	                                 (7, 0.9462962962962964),
[2024-11-06 00:29:33,205][flwr][INFO] - 	                                 (8, 0.9655270655270656),
[2024-11-06 00:29:33,205][flwr][INFO] - 	                                 (9, 0.9576923076923078),
[2024-11-06 00:29:33,205][flwr][INFO] - 	                                 (10, 0.957834757834758),
[2024-11-06 00:29:33,205][flwr][INFO] - 	                                 (11, 0.9730769230769232),
[2024-11-06 00:29:33,205][flwr][INFO] - 	                                 (12, 0.9655270655270656),
[2024-11-06 00:29:33,205][flwr][INFO] - 	                                 (13, 0.9616809116809117),
[2024-11-06 00:29:33,205][flwr][INFO] - 	                                 (14, 0.953846153846154),
[2024-11-06 00:29:33,206][flwr][INFO] - 	                                 (15, 0.9616809116809117)]}
[2024-11-06 00:29:33,206][flwr][INFO] - 	History (metrics, centralized):
[2024-11-06 00:29:33,206][flwr][INFO] - 	{'accuracy': [(0, 0.375),
[2024-11-06 00:29:33,206][flwr][INFO] - 	              (1, 0.625),
[2024-11-06 00:29:33,206][flwr][INFO] - 	              (2, 0.7644230769230769),
[2024-11-06 00:29:33,206][flwr][INFO] - 	              (3, 0.780448717948718),
[2024-11-06 00:29:33,206][flwr][INFO] - 	              (4, 0.7708333333333334),
[2024-11-06 00:29:33,206][flwr][INFO] - 	              (5, 0.780448717948718),
[2024-11-06 00:29:33,206][flwr][INFO] - 	              (6, 0.7868589743589743),
[2024-11-06 00:29:33,206][flwr][INFO] - 	              (7, 0.7596153846153846),
[2024-11-06 00:29:33,206][flwr][INFO] - 	              (8, 0.7852564102564102),
[2024-11-06 00:29:33,206][flwr][INFO] - 	              (9, 0.7708333333333334),
[2024-11-06 00:29:33,206][flwr][INFO] - 	              (10, 0.7483974358974359),
[2024-11-06 00:29:33,206][flwr][INFO] - 	              (11, 0.7756410256410257),
[2024-11-06 00:29:33,206][flwr][INFO] - 	              (12, 0.7740384615384616),
[2024-11-06 00:29:33,206][flwr][INFO] - 	              (13, 0.7644230769230769),
[2024-11-06 00:29:33,206][flwr][INFO] - 	              (14, 0.7932692307692307),
[2024-11-06 00:29:33,206][flwr][INFO] - 	              (15, 0.7612179487179487)]}
[2024-11-06 00:29:33,206][flwr][INFO] - 
