[2024-11-23 02:27:44,613][flwr][WARNING] - Both server and strategy were provided, ignoring strategy
[2024-11-23 02:27:44,614][flwr][INFO] - Starting Flower simulation, config: ServerConfig(num_rounds=2, round_timeout=None)
[2024-11-23 02:27:49,954][flwr][INFO] - Flower VCE: Ray initialized with resources: {'accelerator_type:G': 1.0, 'GPU': 1.0, 'memory': 7551447860.0, 'node:__internal_head__': 1.0, 'object_store_memory': 3775723929.0, 'node:192.168.1.62': 1.0, 'CPU': 12.0}
[2024-11-23 02:27:49,954][flwr][INFO] - Flower VCE: Resources for each Virtual Client: {'num_cpus': 4, 'num_gpus': 0.5}
[2024-11-23 02:27:49,962][flwr][INFO] - Flower VCE: Creating VirtualClientEngineActorPool with 2 actors
[2024-11-23 02:27:49,962][flwr][INFO] - Initializing global parameters
[2024-11-23 02:27:49,963][flwr][INFO] - Requesting initial parameters from one random client
[2024-11-23 02:27:53,310][flwr][INFO] - Received initial parameters from one random client
[2024-11-23 02:27:53,310][flwr][INFO] - Evaluating initial parameters
[2024-11-23 02:27:56,089][flwr][INFO] - initial parameters (loss, other metrics): 0.659991744876832, {'accuracy': 0.5503875968992248}
[2024-11-23 02:27:56,090][flwr][INFO] - FL starting
[2024-11-23 02:27:56,090][flwr][DEBUG] - fit_round 1: strategy sampled 2 clients (out of 4)
[2024-11-23 02:28:00,355][flwr][DEBUG] - fit_round 1 received 2 results and 0 failures
[2024-11-23 02:28:00,429][flwr][WARNING] - No fit_metrics_aggregation_fn provided
[2024-11-23 02:28:02,883][flwr][INFO] - fit progress: (1, 0.733702075573825, {'accuracy': 0.4573643410852713}, 6.7937243260003015)
[2024-11-23 02:28:02,884][flwr][INFO] - evaluate_round 1: no clients selected, cancel
[2024-11-23 02:28:02,884][flwr][DEBUG] - fit_round 2: strategy sampled 2 clients (out of 4)
[2024-11-23 02:28:03,883][flwr][DEBUG] - fit_round 2 received 2 results and 0 failures
[2024-11-23 02:28:06,813][flwr][INFO] - fit progress: (2, 0.7544041862783506, {'accuracy': 0.4573643410852713}, 10.723062206000577)
[2024-11-23 02:28:06,813][flwr][INFO] - evaluate_round 2: no clients selected, cancel
[2024-11-23 02:28:06,813][flwr][INFO] - FL finished in 10.7237333030007
[2024-11-23 02:28:06,814][flwr][INFO] - app_fit: losses_distributed []
[2024-11-23 02:28:06,814][flwr][INFO] - app_fit: metrics_distributed_fit {}
[2024-11-23 02:28:06,815][flwr][INFO] - app_fit: metrics_distributed {}
[2024-11-23 02:28:06,815][flwr][INFO] - app_fit: losses_centralized [(0, 0.659991744876832), (1, 0.733702075573825), (2, 0.7544041862783506)]
[2024-11-23 02:28:06,815][flwr][INFO] - app_fit: metrics_centralized {'accuracy': [(0, 0.5503875968992248), (1, 0.4573643410852713), (2, 0.4573643410852713)]}
