[2024-11-22 11:46:20,002][flwr][WARNING] - Both server and strategy were provided, ignoring strategy
[2024-11-22 11:46:20,007][flwr][INFO] - Starting Flower simulation, config: ServerConfig(num_rounds=2, round_timeout=None)
[2024-11-22 11:46:27,218][flwr][INFO] - Flower VCE: Ray initialized with resources: {'object_store_memory': 3300387225.0, 'node:__internal_head__': 1.0, 'memory': 6600774452.0, 'node:10.13.52.102': 1.0, 'CPU': 12.0, 'GPU': 1.0, 'accelerator_type:G': 1.0}
[2024-11-22 11:46:27,219][flwr][INFO] - Flower VCE: Resources for each Virtual Client: {'num_cpus': 4, 'num_gpus': 0.5}
[2024-11-22 11:46:27,244][flwr][INFO] - Flower VCE: Creating VirtualClientEngineActorPool with 2 actors
[2024-11-22 11:46:27,247][flwr][INFO] - Initializing global parameters
[2024-11-22 11:46:27,247][flwr][INFO] - Requesting initial parameters from one random client
[2024-11-22 11:46:32,405][flwr][INFO] - Received initial parameters from one random client
[2024-11-22 11:46:32,405][flwr][INFO] - Evaluating initial parameters
[2024-11-22 11:47:01,847][flwr][INFO] - initial parameters (loss, other metrics): 0.693892053855482, {'accuracy': 0.5891472868217055}
[2024-11-22 11:47:01,848][flwr][INFO] - FL starting
[2024-11-22 11:47:01,850][flwr][DEBUG] - fit_round 1: strategy sampled 10 clients (out of 20)
[2024-11-22 11:47:17,541][flwr][DEBUG] - fit_round 1 received 10 results and 0 failures
[2024-11-22 11:47:18,377][flwr][WARNING] - No fit_metrics_aggregation_fn provided
[2024-11-22 11:49:06,965][flwr][INFO] - fit progress: (1, 0.7025883918584779, {'accuracy': 0.4806201550387597}, 125.11598413000138)
[2024-11-22 11:49:06,967][flwr][INFO] - evaluate_round 1: no clients selected, cancel
[2024-11-22 11:49:06,968][flwr][DEBUG] - fit_round 2: strategy sampled 10 clients (out of 20)
[2024-11-22 11:49:20,324][flwr][DEBUG] - fit_round 2 received 10 results and 0 failures
[2024-11-22 11:51:07,080][flwr][INFO] - fit progress: (2, 0.692777670631113, {'accuracy': 0.5271317829457365}, 245.2310923820005)
[2024-11-22 11:51:07,081][flwr][INFO] - evaluate_round 2: no clients selected, cancel
[2024-11-22 11:51:07,082][flwr][INFO] - FL finished in 245.23334530100146
[2024-11-22 11:51:07,091][flwr][INFO] - app_fit: losses_distributed []
[2024-11-22 11:51:07,093][flwr][INFO] - app_fit: metrics_distributed_fit {}
[2024-11-22 11:51:07,093][flwr][INFO] - app_fit: metrics_distributed {}
[2024-11-22 11:51:07,094][flwr][INFO] - app_fit: losses_centralized [(0, 0.693892053855482), (1, 0.7025883918584779), (2, 0.692777670631113)]
[2024-11-22 11:51:07,095][flwr][INFO] - app_fit: metrics_centralized {'accuracy': [(0, 0.5891472868217055), (1, 0.4806201550387597), (2, 0.5271317829457365)]}
