[2024-11-11 22:19:28,276][flwr][WARNING] - Both server and strategy were provided, ignoring strategy
[2024-11-11 22:19:28,277][flwr][INFO] - Starting Flower simulation, config: ServerConfig(num_rounds=1, round_timeout=None)
[2024-11-11 22:19:33,650][flwr][INFO] - Flower VCE: Ray initialized with resources: {'object_store_memory': 3941011046.0, 'node:__internal_head__': 1.0, 'memory': 7882022094.0, 'GPU': 1.0, 'accelerator_type:G': 1.0, 'CPU': 12.0, 'node:192.168.1.236': 1.0}
[2024-11-11 22:19:33,650][flwr][INFO] - Flower VCE: Resources for each Virtual Client: {'num_cpus': 4, 'num_gpus': 1.0}
[2024-11-11 22:19:33,657][flwr][INFO] - Flower VCE: Creating VirtualClientEngineActorPool with 1 actors
[2024-11-11 22:19:33,658][flwr][INFO] - Initializing global parameters
[2024-11-11 22:19:33,658][flwr][INFO] - Requesting initial parameters from one random client
[2024-11-11 22:19:36,956][flwr][INFO] - Received initial parameters from one random client
[2024-11-11 22:19:36,956][flwr][INFO] - Evaluating initial parameters
[2024-11-11 22:19:38,925][flwr][INFO] - initial parameters (loss, other metrics): 0.7034065570586767, {'accuracy': 0.375}
[2024-11-11 22:19:38,925][flwr][INFO] - FL starting
[2024-11-11 22:19:38,926][flwr][DEBUG] - fit_round 1: strategy sampled 10 clients (out of 20)
[2024-11-11 22:19:54,491][flwr][DEBUG] - fit_round 1 received 10 results and 0 failures
[2024-11-11 22:19:54,535][flwr][WARNING] - No fit_metrics_aggregation_fn provided
[2024-11-11 22:19:56,446][flwr][INFO] - fit progress: (1, 0.6761420499055814, {'accuracy': 0.625}, 17.52008699700002)
[2024-11-11 22:19:56,446][flwr][INFO] - evaluate_round 1: no clients selected, cancel
[2024-11-11 22:19:56,446][flwr][INFO] - FL finished in 17.520466811000006
[2024-11-11 22:19:56,447][flwr][INFO] - app_fit: losses_distributed []
[2024-11-11 22:19:56,447][flwr][INFO] - app_fit: metrics_distributed_fit {}
[2024-11-11 22:19:56,447][flwr][INFO] - app_fit: metrics_distributed {}
[2024-11-11 22:19:56,447][flwr][INFO] - app_fit: losses_centralized [(0, 0.7034065570586767), (1, 0.6761420499055814)]
[2024-11-11 22:19:56,447][flwr][INFO] - app_fit: metrics_centralized {'accuracy': [(0, 0.375), (1, 0.625)]}
