[2024-11-25 23:37:20,168][flwr][WARNING] - Both server and strategy were provided, ignoring strategy
[2024-11-25 23:37:20,168][flwr][INFO] - Starting Flower simulation, config: ServerConfig(num_rounds=1, round_timeout=None)
[2024-11-25 23:37:25,823][flwr][INFO] - Flower VCE: Ray initialized with resources: {'node:__internal_head__': 1.0, 'object_store_memory': 3680569344.0, 'accelerator_type:G': 1.0, 'GPU': 1.0, 'CPU': 12.0, 'node:192.168.1.62': 1.0, 'memory': 7361138688.0}
[2024-11-25 23:37:25,823][flwr][INFO] - Flower VCE: Resources for each Virtual Client: {'num_cpus': 4, 'num_gpus': 0}
[2024-11-25 23:37:25,832][flwr][INFO] - Flower VCE: Creating VirtualClientEngineActorPool with 3 actors
[2024-11-25 23:37:25,833][flwr][INFO] - Initializing global parameters
[2024-11-25 23:37:25,833][flwr][INFO] - Requesting initial parameters from one random client
[2024-11-25 23:37:28,908][flwr][INFO] - Received initial parameters from one random client
[2024-11-25 23:37:28,922][flwr][INFO] - Evaluating initial parameters
[2024-11-25 23:37:33,402][flwr][INFO] - initial parameters (loss, other metrics): 0.6882191887197568, {'accuracy': 0.5348837209302325}
[2024-11-25 23:37:33,402][flwr][INFO] - FL starting
[2024-11-25 23:37:33,433][flwr][DEBUG] - fit_round 1: strategy sampled 10 clients (out of 20)
[2024-11-25 23:37:44,300][flwr][DEBUG] - fit_round 1 received 10 results and 0 failures
[2024-11-25 23:37:44,734][flwr][WARNING] - No fit_metrics_aggregation_fn provided
[2024-11-25 23:37:49,170][flwr][INFO] - fit progress: (1, 0.6882681957511014, {'accuracy': 0.5348837209302325}, 15.767843229999926)
[2024-11-25 23:37:49,170][flwr][INFO] - evaluate_round 1: no clients selected, cancel
[2024-11-25 23:37:49,171][flwr][INFO] - FL finished in 15.768290383999556
[2024-11-25 23:37:49,196][flwr][INFO] - app_fit: losses_distributed []
[2024-11-25 23:37:49,196][flwr][INFO] - app_fit: metrics_distributed_fit {}
[2024-11-25 23:37:49,196][flwr][INFO] - app_fit: metrics_distributed {}
[2024-11-25 23:37:49,196][flwr][INFO] - app_fit: losses_centralized [(0, 0.6882191887197568), (1, 0.6882681957511014)]
[2024-11-25 23:37:49,196][flwr][INFO] - app_fit: metrics_centralized {'accuracy': [(0, 0.5348837209302325), (1, 0.5348837209302325)]}
