[2024-11-25 23:46:04,544][flwr][WARNING] - Both server and strategy were provided, ignoring strategy
[2024-11-25 23:46:04,544][flwr][INFO] - Starting Flower simulation, config: ServerConfig(num_rounds=30, round_timeout=None)
[2024-11-25 23:46:10,195][flwr][INFO] - Flower VCE: Ray initialized with resources: {'node:__internal_head__': 1.0, 'accelerator_type:G': 1.0, 'GPU': 1.0, 'memory': 7265444660.0, 'object_store_memory': 3632722329.0, 'node:192.168.1.62': 1.0, 'CPU': 12.0}
[2024-11-25 23:46:10,196][flwr][INFO] - Flower VCE: Resources for each Virtual Client: {'num_cpus': 4, 'num_gpus': 0}
[2024-11-25 23:46:10,205][flwr][INFO] - Flower VCE: Creating VirtualClientEngineActorPool with 3 actors
[2024-11-25 23:46:10,208][flwr][INFO] - Initializing global parameters
[2024-11-25 23:46:10,208][flwr][INFO] - Requesting initial parameters from one random client
[2024-11-25 23:46:13,609][flwr][INFO] - Received initial parameters from one random client
[2024-11-25 23:46:13,622][flwr][INFO] - Evaluating initial parameters
[2024-11-25 23:46:34,767][flwr][INFO] - initial parameters (loss, other metrics): 0.7327428188843604, {'accuracy': 0.3733974358974359}
[2024-11-25 23:46:34,768][flwr][INFO] - FL starting
[2024-11-25 23:46:34,811][flwr][DEBUG] - fit_round 1: strategy sampled 6 clients (out of 60)
[2024-11-25 23:47:52,070][flwr][DEBUG] - fit_round 1 received 6 results and 0 failures
[2024-11-25 23:47:52,390][flwr][WARNING] - No fit_metrics_aggregation_fn provided
[2024-11-25 23:48:12,880][flwr][INFO] - fit progress: (1, 0.7138734958492793, {'accuracy': 0.625}, 98.11177120700086)
[2024-11-25 23:48:12,880][flwr][INFO] - evaluate_round 1: no clients selected, cancel
[2024-11-25 23:48:12,926][flwr][DEBUG] - fit_round 2: strategy sampled 6 clients (out of 60)
[2024-11-25 23:49:28,161][flwr][DEBUG] - fit_round 2 received 6 results and 0 failures
[2024-11-25 23:49:49,467][flwr][INFO] - fit progress: (2, 0.6632082341955259, {'accuracy': 0.625}, 194.69917670500035)
[2024-11-25 23:49:49,467][flwr][INFO] - evaluate_round 2: no clients selected, cancel
[2024-11-25 23:49:49,509][flwr][DEBUG] - fit_round 3: strategy sampled 6 clients (out of 60)
[2024-11-25 23:51:04,818][flwr][DEBUG] - fit_round 3 received 6 results and 0 failures
[2024-11-25 23:51:25,982][flwr][INFO] - fit progress: (3, 0.6212689505937772, {'accuracy': 0.6330128205128205}, 291.2143404819999)
[2024-11-25 23:51:25,983][flwr][INFO] - evaluate_round 3: no clients selected, cancel
[2024-11-25 23:51:26,031][flwr][DEBUG] - fit_round 4: strategy sampled 6 clients (out of 60)
[2024-11-25 23:52:42,406][flwr][DEBUG] - fit_round 4 received 6 results and 0 failures
[2024-11-25 23:53:04,280][flwr][INFO] - fit progress: (4, 0.5977802202105522, {'accuracy': 0.6714743589743589}, 389.5123938710003)
[2024-11-25 23:53:04,281][flwr][INFO] - evaluate_round 4: no clients selected, cancel
[2024-11-25 23:53:04,325][flwr][DEBUG] - fit_round 5: strategy sampled 6 clients (out of 60)
[2024-11-25 23:54:19,611][flwr][DEBUG] - fit_round 5 received 6 results and 0 failures
[2024-11-25 23:54:41,806][flwr][INFO] - fit progress: (5, 0.5805725728472074, {'accuracy': 0.6875}, 487.03786648499954)
[2024-11-25 23:54:41,806][flwr][INFO] - evaluate_round 5: no clients selected, cancel
[2024-11-25 23:54:41,857][flwr][DEBUG] - fit_round 6: strategy sampled 6 clients (out of 60)
[2024-11-25 23:56:01,821][flwr][DEBUG] - fit_round 6 received 6 results and 0 failures
