[2024-11-10 02:33:21,442][flwr][WARNING] - Both server and strategy were provided, ignoring strategy
[2024-11-10 02:33:21,442][flwr][INFO] - Starting Flower simulation, config: ServerConfig(num_rounds=3, round_timeout=None)
[2024-11-10 02:33:26,646][flwr][INFO] - Flower VCE: Ray initialized with resources: {'memory': 5910124955.0, 'node:192.168.1.234': 1.0, 'node:__internal_head__': 1.0, 'CPU': 12.0, 'object_store_memory': 2955062476.0, 'accelerator_type:G': 1.0, 'GPU': 1.0}
[2024-11-10 02:33:26,646][flwr][INFO] - Flower VCE: Resources for each Virtual Client: {'num_cpus': 4, 'num_gpus': 0.0}
[2024-11-10 02:33:26,655][flwr][INFO] - Flower VCE: Creating VirtualClientEngineActorPool with 3 actors
[2024-11-10 02:33:26,656][flwr][INFO] - Initializing global parameters
[2024-11-10 02:33:26,656][flwr][INFO] - Requesting initial parameters from one random client
[2024-11-10 02:33:28,400][flwr][INFO] - Received initial parameters from one random client
[2024-11-10 02:33:28,400][flwr][INFO] - Evaluating initial parameters
[2024-11-10 02:33:30,335][flwr][INFO] - initial parameters (loss, other metrics): 0.68133512368569, {'accuracy': 0.625}
[2024-11-10 02:33:30,336][flwr][INFO] - FL starting
[2024-11-10 02:33:30,336][flwr][DEBUG] - fit_round 1: strategy sampled 10 clients (out of 20)
[2024-11-10 02:33:35,854][flwr][DEBUG] - fit_round 1 received 10 results and 0 failures
[2024-11-10 02:33:35,896][flwr][WARNING] - No fit_metrics_aggregation_fn provided
[2024-11-10 02:33:37,870][flwr][INFO] - fit progress: (1, 0.6679294949922806, {'accuracy': 0.625}, 7.534411474996887)
[2024-11-10 02:33:37,870][flwr][INFO] - evaluate_round 1: no clients selected, cancel
[2024-11-10 02:33:37,870][flwr][DEBUG] - fit_round 2: strategy sampled 10 clients (out of 20)
[2024-11-10 02:33:42,622][flwr][DEBUG] - fit_round 2 received 10 results and 0 failures
[2024-11-10 02:33:44,587][flwr][INFO] - fit progress: (2, 0.6636874492351825, {'accuracy': 0.625}, 14.251523693994386)
[2024-11-10 02:33:44,587][flwr][INFO] - evaluate_round 2: no clients selected, cancel
[2024-11-10 02:33:44,588][flwr][DEBUG] - fit_round 3: strategy sampled 10 clients (out of 20)
[2024-11-10 02:33:49,470][flwr][DEBUG] - fit_round 3 received 10 results and 0 failures
[2024-11-10 02:33:51,385][flwr][INFO] - fit progress: (3, 0.6644423237213721, {'accuracy': 0.625}, 21.04952073799359)
[2024-11-10 02:33:51,385][flwr][INFO] - evaluate_round 3: no clients selected, cancel
[2024-11-10 02:33:51,386][flwr][INFO] - FL finished in 21.049939794997044
[2024-11-10 02:33:51,386][flwr][INFO] - app_fit: losses_distributed []
[2024-11-10 02:33:51,387][flwr][INFO] - app_fit: metrics_distributed_fit {}
[2024-11-10 02:33:51,387][flwr][INFO] - app_fit: metrics_distributed {}
[2024-11-10 02:33:51,387][flwr][INFO] - app_fit: losses_centralized [(0, 0.68133512368569), (1, 0.6679294949922806), (2, 0.6636874492351825), (3, 0.6644423237213721)]
[2024-11-10 02:33:51,387][flwr][INFO] - app_fit: metrics_centralized {'accuracy': [(0, 0.625), (1, 0.625), (2, 0.625), (3, 0.625)]}
