[2024-11-26 00:09:12,710][flwr][WARNING] - Both server and strategy were provided, ignoring strategy
[2024-11-26 00:09:12,711][flwr][INFO] - Starting Flower simulation, config: ServerConfig(num_rounds=30, round_timeout=None)
[2024-11-26 00:09:18,295][flwr][INFO] - Flower VCE: Ray initialized with resources: {'object_store_memory': 3956899430.0, 'memory': 7913798862.0, 'accelerator_type:G': 1.0, 'GPU': 1.0, 'node:__internal_head__': 1.0, 'node:192.168.1.62': 1.0, 'CPU': 12.0}
[2024-11-26 00:09:18,295][flwr][INFO] - Flower VCE: Resources for each Virtual Client: {'num_cpus': 4, 'num_gpus': 0.3}
[2024-11-26 00:09:18,304][flwr][INFO] - Flower VCE: Creating VirtualClientEngineActorPool with 3 actors
[2024-11-26 00:09:18,305][flwr][INFO] - Initializing global parameters
[2024-11-26 00:09:18,305][flwr][INFO] - Requesting initial parameters from one random client
[2024-11-26 00:09:22,834][flwr][INFO] - Received initial parameters from one random client
[2024-11-26 00:09:22,849][flwr][INFO] - Evaluating initial parameters
[2024-11-26 00:09:27,572][flwr][INFO] - initial parameters (loss, other metrics): 0.7266263481258421, {'accuracy': 0.4263565891472868}
[2024-11-26 00:09:27,573][flwr][INFO] - FL starting
[2024-11-26 00:09:27,599][flwr][DEBUG] - fit_round 1: strategy sampled 6 clients (out of 60)
[2024-11-26 00:09:40,557][flwr][DEBUG] - fit_round 1 received 6 results and 0 failures
[2024-11-26 00:09:40,558][flwr][WARNING] - No fit_metrics_aggregation_fn provided
[2024-11-26 00:09:40,558][flwr][ERROR] - list index out of range
[2024-11-26 00:09:40,558][flwr][ERROR] - Your simulation crashed :(. This could be because of several reasons.The most common are: 
	 > Your system couldn't fit a single VirtualClient: try lowering `client_resources`.
	 > All the actors in your pool crashed. This could be because: 
		 - You clients hit an out-of-memory (OOM) error and actors couldn't recover from it. Try launching your simulation with more generous `client_resources` setting (i.e. it seems {'num_cpus': 4, 'num_gpus': 0.3} is not enough for your workload). Use fewer concurrent actors. 
		 - You were running a multi-node simulation and all worker nodes disconnected. The head node might still be alive but cannot accommodate any actor with resources: {'num_cpus': 4, 'num_gpus': 0.3}.
