[2024-11-05 21:44:07,988][flwr][INFO] - Starting Flower simulation, config: num_rounds=15, no round_timeout
[2024-11-05 21:44:11,780][flwr][INFO] - Flower VCE: Ray initialized with resources: {'CPU': 12.0, 'node:192.168.1.223': 1.0, 'object_store_memory': 3150553497.0, 'memory': 6301106996.0, 'node:__internal_head__': 1.0}
[2024-11-05 21:44:11,780][flwr][INFO] - Optimize your simulation with Flower VCE: https://flower.ai/docs/framework/how-to-run-simulations.html
[2024-11-05 21:44:11,780][flwr][INFO] - Flower VCE: Resources for each Virtual Client: {'num_cpus': 2, 'num_gpus': 0.0}
[2024-11-05 21:44:11,789][flwr][INFO] - Flower VCE: Creating VirtualClientEngineActorPool with 6 actors
[2024-11-05 21:44:11,789][flwr][INFO] - [INIT]
[2024-11-05 21:44:11,789][flwr][INFO] - Requesting initial parameters from one random client
[2024-11-05 21:44:13,945][flwr][INFO] - Received initial parameters from one random client
[2024-11-05 21:44:13,945][flwr][INFO] - Starting evaluation of initial global parameters
[2024-11-05 21:44:18,464][flwr][INFO] - initial parameters (loss, other metrics): 0.022486173380643893, {'accuracy': 0.375}
[2024-11-05 21:44:18,464][flwr][INFO] - 
[2024-11-05 21:44:18,464][flwr][INFO] - [ROUND 1]
[2024-11-05 21:44:18,464][flwr][INFO] - configure_fit: strategy sampled 10 clients (out of 20)
[2024-11-05 21:44:46,852][flwr][INFO] - aggregate_fit: received 10 results and 0 failures
[2024-11-05 21:44:46,894][flwr][WARNING] - No fit_metrics_aggregation_fn provided
[2024-11-05 21:44:51,257][flwr][INFO] - fit progress: (1, 0.021152608956281956, {'accuracy': 0.625}, 32.79277340899989)
[2024-11-05 21:44:51,257][flwr][INFO] - configure_evaluate: strategy sampled 10 clients (out of 20)
[2024-11-05 21:44:52,736][flwr][INFO] - aggregate_evaluate: received 10 results and 0 failures
[2024-11-05 21:44:52,736][root][INFO] - EVALUATE_METRICS_AGGREGATION: 0.7626780626780627
[2024-11-05 21:44:52,736][flwr][INFO] - 
[2024-11-05 21:44:52,736][flwr][INFO] - [ROUND 2]
[2024-11-05 21:44:52,736][flwr][INFO] - configure_fit: strategy sampled 10 clients (out of 20)
[2024-11-05 21:45:19,598][flwr][INFO] - aggregate_fit: received 10 results and 0 failures
[2024-11-05 21:45:24,136][flwr][INFO] - fit progress: (2, 0.015066116952743286, {'accuracy': 0.7836538461538461}, 65.67200986999978)
[2024-11-05 21:45:24,136][flwr][INFO] - configure_evaluate: strategy sampled 10 clients (out of 20)
[2024-11-05 21:45:25,642][flwr][INFO] - aggregate_evaluate: received 10 results and 0 failures
[2024-11-05 21:45:25,642][root][INFO] - EVALUATE_METRICS_AGGREGATION: 0.9196581196581197
[2024-11-05 21:45:25,642][flwr][INFO] - 
[2024-11-05 21:45:25,642][flwr][INFO] - [ROUND 3]
[2024-11-05 21:45:25,642][flwr][INFO] - configure_fit: strategy sampled 10 clients (out of 20)
[2024-11-05 21:45:51,035][flwr][INFO] - aggregate_fit: received 10 results and 0 failures
[2024-11-05 21:45:55,538][flwr][INFO] - fit progress: (3, 0.013680752838412538, {'accuracy': 0.782051282051282}, 97.07406249199994)
[2024-11-05 21:45:55,538][flwr][INFO] - configure_evaluate: strategy sampled 10 clients (out of 20)
[2024-11-05 21:45:57,009][flwr][INFO] - aggregate_evaluate: received 10 results and 0 failures
[2024-11-05 21:45:57,009][root][INFO] - EVALUATE_METRICS_AGGREGATION: 0.9538461538461538
[2024-11-05 21:45:57,009][flwr][INFO] - 
[2024-11-05 21:45:57,009][flwr][INFO] - [ROUND 4]
[2024-11-05 21:45:57,009][flwr][INFO] - configure_fit: strategy sampled 10 clients (out of 20)
[2024-11-05 21:46:23,245][flwr][INFO] - aggregate_fit: received 10 results and 0 failures
[2024-11-05 21:46:27,709][flwr][INFO] - fit progress: (4, 0.012669398825472364, {'accuracy': 0.8012820512820513}, 129.24517760799972)
[2024-11-05 21:46:27,710][flwr][INFO] - configure_evaluate: strategy sampled 10 clients (out of 20)
[2024-11-05 21:46:29,156][flwr][INFO] - aggregate_evaluate: received 10 results and 0 failures
[2024-11-05 21:46:29,156][root][INFO] - EVALUATE_METRICS_AGGREGATION: 0.9272079772079774
[2024-11-05 21:46:29,156][flwr][INFO] - 
[2024-11-05 21:46:29,156][flwr][INFO] - [ROUND 5]
[2024-11-05 21:46:29,157][flwr][INFO] - configure_fit: strategy sampled 10 clients (out of 20)
[2024-11-05 21:46:54,883][flwr][INFO] - aggregate_fit: received 10 results and 0 failures
[2024-11-05 21:46:59,298][flwr][INFO] - fit progress: (5, 0.015433501843243646, {'accuracy': 0.7900641025641025}, 160.8337571889997)
[2024-11-05 21:46:59,298][flwr][INFO] - configure_evaluate: strategy sampled 10 clients (out of 20)
[2024-11-05 21:47:00,807][flwr][INFO] - aggregate_evaluate: received 10 results and 0 failures
[2024-11-05 21:47:00,807][root][INFO] - EVALUATE_METRICS_AGGREGATION: 0.9692307692307693
[2024-11-05 21:47:00,807][flwr][INFO] - 
[2024-11-05 21:47:00,807][flwr][INFO] - [ROUND 6]
[2024-11-05 21:47:00,807][flwr][INFO] - configure_fit: strategy sampled 10 clients (out of 20)
[2024-11-05 21:47:25,460][flwr][INFO] - aggregate_fit: received 10 results and 0 failures
[2024-11-05 21:47:29,973][flwr][INFO] - fit progress: (6, 0.014381298072970448, {'accuracy': 0.7996794871794872}, 191.50873404699996)
[2024-11-05 21:47:29,973][flwr][INFO] - configure_evaluate: strategy sampled 10 clients (out of 20)
[2024-11-05 21:47:31,479][flwr][INFO] - aggregate_evaluate: received 10 results and 0 failures
[2024-11-05 21:47:31,479][root][INFO] - EVALUATE_METRICS_AGGREGATION: 0.9387464387464389
[2024-11-05 21:47:31,479][flwr][INFO] - 
[2024-11-05 21:47:31,479][flwr][INFO] - [ROUND 7]
[2024-11-05 21:47:31,480][flwr][INFO] - configure_fit: strategy sampled 10 clients (out of 20)
[2024-11-05 21:47:55,915][flwr][INFO] - aggregate_fit: received 10 results and 0 failures
[2024-11-05 21:48:00,413][flwr][INFO] - fit progress: (7, 0.016066354636747677, {'accuracy': 0.7964743589743589}, 221.94848472500053)
[2024-11-05 21:48:00,413][flwr][INFO] - configure_evaluate: strategy sampled 10 clients (out of 20)
[2024-11-05 21:48:01,960][flwr][INFO] - aggregate_evaluate: received 10 results and 0 failures
[2024-11-05 21:48:01,960][root][INFO] - EVALUATE_METRICS_AGGREGATION: 0.9424501424501426
[2024-11-05 21:48:01,960][flwr][INFO] - 
[2024-11-05 21:48:01,960][flwr][INFO] - [ROUND 8]
[2024-11-05 21:48:01,961][flwr][INFO] - configure_fit: strategy sampled 10 clients (out of 20)
[2024-11-05 21:48:26,543][flwr][INFO] - aggregate_fit: received 10 results and 0 failures
[2024-11-05 21:48:31,044][flwr][INFO] - fit progress: (8, 0.022099281665689956, {'accuracy': 0.7724358974358975}, 252.58024020599987)
[2024-11-05 21:48:31,045][flwr][INFO] - configure_evaluate: strategy sampled 10 clients (out of 20)
[2024-11-05 21:48:32,554][flwr][INFO] - aggregate_evaluate: received 10 results and 0 failures
[2024-11-05 21:48:32,554][root][INFO] - EVALUATE_METRICS_AGGREGATION: 0.9693732193732194
[2024-11-05 21:48:32,554][flwr][INFO] - 
[2024-11-05 21:48:32,554][flwr][INFO] - [ROUND 9]
[2024-11-05 21:48:32,554][flwr][INFO] - configure_fit: strategy sampled 10 clients (out of 20)
[2024-11-05 21:48:58,258][flwr][INFO] - aggregate_fit: received 10 results and 0 failures
[2024-11-05 21:49:02,684][flwr][INFO] - fit progress: (9, 0.01655765728225024, {'accuracy': 0.7980769230769231}, 284.2201330900007)
[2024-11-05 21:49:02,684][flwr][INFO] - configure_evaluate: strategy sampled 10 clients (out of 20)
[2024-11-05 21:49:04,189][flwr][INFO] - aggregate_evaluate: received 10 results and 0 failures
[2024-11-05 21:49:04,189][root][INFO] - EVALUATE_METRICS_AGGREGATION: 0.9425925925925928
[2024-11-05 21:49:04,190][flwr][INFO] - 
[2024-11-05 21:49:04,190][flwr][INFO] - [ROUND 10]
[2024-11-05 21:49:04,190][flwr][INFO] - configure_fit: strategy sampled 10 clients (out of 20)
[2024-11-05 21:49:29,946][flwr][INFO] - aggregate_fit: received 10 results and 0 failures
[2024-11-05 21:49:34,529][flwr][INFO] - fit progress: (10, 0.02143236190134373, {'accuracy': 0.7724358974358975}, 316.0651456300002)
[2024-11-05 21:49:34,529][flwr][INFO] - configure_evaluate: strategy sampled 10 clients (out of 20)
[2024-11-05 21:49:35,996][flwr][INFO] - aggregate_evaluate: received 10 results and 0 failures
[2024-11-05 21:49:35,996][root][INFO] - EVALUATE_METRICS_AGGREGATION: 0.9578347578347579
[2024-11-05 21:49:35,996][flwr][INFO] - 
[2024-11-05 21:49:35,996][flwr][INFO] - [ROUND 11]
[2024-11-05 21:49:35,997][flwr][INFO] - configure_fit: strategy sampled 10 clients (out of 20)
[2024-11-05 21:50:01,961][flwr][INFO] - aggregate_fit: received 10 results and 0 failures
[2024-11-05 21:50:06,695][flwr][INFO] - fit progress: (11, 0.020264381538324345, {'accuracy': 0.7788461538461539}, 348.23142447899954)
[2024-11-05 21:50:06,696][flwr][INFO] - configure_evaluate: strategy sampled 10 clients (out of 20)
[2024-11-05 21:50:08,373][flwr][INFO] - aggregate_evaluate: received 10 results and 0 failures
[2024-11-05 21:50:08,373][root][INFO] - EVALUATE_METRICS_AGGREGATION: 0.9576923076923076
[2024-11-05 21:50:08,373][flwr][INFO] - 
[2024-11-05 21:50:08,373][flwr][INFO] - [ROUND 12]
[2024-11-05 21:50:08,373][flwr][INFO] - configure_fit: strategy sampled 10 clients (out of 20)
[2024-11-05 21:50:35,508][flwr][INFO] - aggregate_fit: received 10 results and 0 failures
[2024-11-05 21:50:40,134][flwr][INFO] - fit progress: (12, 0.02767986624997157, {'accuracy': 0.7483974358974359}, 381.6697955870004)
[2024-11-05 21:50:40,134][flwr][INFO] - configure_evaluate: strategy sampled 10 clients (out of 20)
[2024-11-05 21:50:41,810][flwr][INFO] - aggregate_evaluate: received 10 results and 0 failures
[2024-11-05 21:50:41,811][root][INFO] - EVALUATE_METRICS_AGGREGATION: 0.9655270655270656
[2024-11-05 21:50:41,811][flwr][INFO] - 
[2024-11-05 21:50:41,811][flwr][INFO] - [ROUND 13]
[2024-11-05 21:50:41,811][flwr][INFO] - configure_fit: strategy sampled 10 clients (out of 20)
[2024-11-05 21:51:07,098][flwr][INFO] - aggregate_fit: received 10 results and 0 failures
[2024-11-05 21:51:11,547][flwr][INFO] - fit progress: (13, 0.02529653196539491, {'accuracy': 0.7676282051282052}, 413.083164185)
[2024-11-05 21:51:11,547][flwr][INFO] - configure_evaluate: strategy sampled 10 clients (out of 20)
[2024-11-05 21:51:13,045][flwr][INFO] - aggregate_evaluate: received 10 results and 0 failures
[2024-11-05 21:51:13,045][root][INFO] - EVALUATE_METRICS_AGGREGATION: 0.9462962962962964
[2024-11-05 21:51:13,045][flwr][INFO] - 
[2024-11-05 21:51:13,045][flwr][INFO] - [ROUND 14]
[2024-11-05 21:51:13,045][flwr][INFO] - configure_fit: strategy sampled 10 clients (out of 20)
[2024-11-05 21:51:37,825][flwr][INFO] - aggregate_fit: received 10 results and 0 failures
[2024-11-05 21:51:42,336][flwr][INFO] - fit progress: (14, 0.024661501883738078, {'accuracy': 0.7724358974358975}, 443.8720971069997)
[2024-11-05 21:51:42,336][flwr][INFO] - configure_evaluate: strategy sampled 10 clients (out of 20)
[2024-11-05 21:51:43,790][flwr][INFO] - aggregate_evaluate: received 10 results and 0 failures
[2024-11-05 21:51:43,791][root][INFO] - EVALUATE_METRICS_AGGREGATION: 0.9692307692307693
[2024-11-05 21:51:43,791][flwr][INFO] - 
[2024-11-05 21:51:43,791][flwr][INFO] - [ROUND 15]
[2024-11-05 21:51:43,791][flwr][INFO] - configure_fit: strategy sampled 10 clients (out of 20)
[2024-11-05 21:52:09,815][flwr][INFO] - aggregate_fit: received 10 results and 0 failures
[2024-11-05 21:52:14,376][flwr][INFO] - fit progress: (15, 0.024371051410129532, {'accuracy': 0.7724358974358975}, 475.91156371000034)
[2024-11-05 21:52:14,376][flwr][INFO] - configure_evaluate: strategy sampled 10 clients (out of 20)
[2024-11-05 21:52:15,843][flwr][INFO] - aggregate_evaluate: received 10 results and 0 failures
[2024-11-05 21:52:15,843][root][INFO] - EVALUATE_METRICS_AGGREGATION: 0.957834757834758
[2024-11-05 21:52:15,859][flwr][INFO] - 
[2024-11-05 21:52:15,859][flwr][INFO] - [SUMMARY]
[2024-11-05 21:52:15,859][flwr][INFO] - Run finished 15 round(s) in 477.38s
[2024-11-05 21:52:15,860][flwr][INFO] - 	History (loss, distributed):
[2024-11-05 21:52:15,860][flwr][INFO] - 		round 1: 0.019577341622267014
[2024-11-05 21:52:15,860][flwr][INFO] - 		round 2: 0.014827445404142398
[2024-11-05 21:52:15,860][flwr][INFO] - 		round 3: 0.0073561597859587765
[2024-11-05 21:52:15,860][flwr][INFO] - 		round 4: 0.007924052363956754
[2024-11-05 21:52:15,860][flwr][INFO] - 		round 5: 0.004795887827491149
[2024-11-05 21:52:15,860][flwr][INFO] - 		round 6: 0.006287297342195471
[2024-11-05 21:52:15,860][flwr][INFO] - 		round 7: 0.005620158420201719
[2024-11-05 21:52:15,860][flwr][INFO] - 		round 8: 0.003042741532721411
[2024-11-05 21:52:15,860][flwr][INFO] - 		round 9: 0.00517103992445007
[2024-11-05 21:52:15,860][flwr][INFO] - 		round 10: 0.005384084439048401
[2024-11-05 21:52:15,861][flwr][INFO] - 		round 11: 0.00465021851257636
[2024-11-05 21:52:15,861][flwr][INFO] - 		round 12: 0.004250031824295338
[2024-11-05 21:52:15,861][flwr][INFO] - 		round 13: 0.006008246878528188
[2024-11-05 21:52:15,861][flwr][INFO] - 		round 14: 0.003439272159280685
[2024-11-05 21:52:15,861][flwr][INFO] - 		round 15: 0.0033932382816666386
[2024-11-05 21:52:15,861][flwr][INFO] - 	History (loss, centralized):
[2024-11-05 21:52:15,861][flwr][INFO] - 		round 0: 0.022486173380643893
[2024-11-05 21:52:15,861][flwr][INFO] - 		round 1: 0.021152608956281956
[2024-11-05 21:52:15,861][flwr][INFO] - 		round 2: 0.015066116952743286
[2024-11-05 21:52:15,861][flwr][INFO] - 		round 3: 0.013680752838412538
[2024-11-05 21:52:15,861][flwr][INFO] - 		round 4: 0.012669398825472364
[2024-11-05 21:52:15,861][flwr][INFO] - 		round 5: 0.015433501843243646
[2024-11-05 21:52:15,861][flwr][INFO] - 		round 6: 0.014381298072970448
[2024-11-05 21:52:15,861][flwr][INFO] - 		round 7: 0.016066354636747677
[2024-11-05 21:52:15,861][flwr][INFO] - 		round 8: 0.022099281665689956
[2024-11-05 21:52:15,861][flwr][INFO] - 		round 9: 0.01655765728225024
[2024-11-05 21:52:15,861][flwr][INFO] - 		round 10: 0.02143236190134373
[2024-11-05 21:52:15,861][flwr][INFO] - 		round 11: 0.020264381538324345
[2024-11-05 21:52:15,861][flwr][INFO] - 		round 12: 0.02767986624997157
[2024-11-05 21:52:15,862][flwr][INFO] - 		round 13: 0.02529653196539491
[2024-11-05 21:52:15,862][flwr][INFO] - 		round 14: 0.024661501883738078
[2024-11-05 21:52:15,862][flwr][INFO] - 		round 15: 0.024371051410129532
[2024-11-05 21:52:15,862][flwr][INFO] - 	History (metrics, distributed, evaluate):
[2024-11-05 21:52:15,862][flwr][INFO] - 	{'federated_evaluate_accuracy': [(1, 0.7626780626780627),
[2024-11-05 21:52:15,862][flwr][INFO] - 	                                 (2, 0.9196581196581197),
[2024-11-05 21:52:15,862][flwr][INFO] - 	                                 (3, 0.9538461538461538),
[2024-11-05 21:52:15,862][flwr][INFO] - 	                                 (4, 0.9272079772079774),
[2024-11-05 21:52:15,862][flwr][INFO] - 	                                 (5, 0.9692307692307693),
[2024-11-05 21:52:15,862][flwr][INFO] - 	                                 (6, 0.9387464387464389),
[2024-11-05 21:52:15,862][flwr][INFO] - 	                                 (7, 0.9424501424501426),
[2024-11-05 21:52:15,862][flwr][INFO] - 	                                 (8, 0.9693732193732194),
[2024-11-05 21:52:15,862][flwr][INFO] - 	                                 (9, 0.9425925925925928),
[2024-11-05 21:52:15,862][flwr][INFO] - 	                                 (10, 0.9578347578347579),
[2024-11-05 21:52:15,862][flwr][INFO] - 	                                 (11, 0.9576923076923076),
[2024-11-05 21:52:15,862][flwr][INFO] - 	                                 (12, 0.9655270655270656),
[2024-11-05 21:52:15,862][flwr][INFO] - 	                                 (13, 0.9462962962962964),
[2024-11-05 21:52:15,862][flwr][INFO] - 	                                 (14, 0.9692307692307693),
[2024-11-05 21:52:15,862][flwr][INFO] - 	                                 (15, 0.957834757834758)]}
[2024-11-05 21:52:15,863][flwr][INFO] - 	History (metrics, centralized):
[2024-11-05 21:52:15,863][flwr][INFO] - 	{'accuracy': [(0, 0.375),
[2024-11-05 21:52:15,863][flwr][INFO] - 	              (1, 0.625),
[2024-11-05 21:52:15,863][flwr][INFO] - 	              (2, 0.7836538461538461),
[2024-11-05 21:52:15,863][flwr][INFO] - 	              (3, 0.782051282051282),
[2024-11-05 21:52:15,863][flwr][INFO] - 	              (4, 0.8012820512820513),
[2024-11-05 21:52:15,863][flwr][INFO] - 	              (5, 0.7900641025641025),
[2024-11-05 21:52:15,863][flwr][INFO] - 	              (6, 0.7996794871794872),
[2024-11-05 21:52:15,863][flwr][INFO] - 	              (7, 0.7964743589743589),
[2024-11-05 21:52:15,863][flwr][INFO] - 	              (8, 0.7724358974358975),
[2024-11-05 21:52:15,863][flwr][INFO] - 	              (9, 0.7980769230769231),
[2024-11-05 21:52:15,863][flwr][INFO] - 	              (10, 0.7724358974358975),
[2024-11-05 21:52:15,863][flwr][INFO] - 	              (11, 0.7788461538461539),
[2024-11-05 21:52:15,863][flwr][INFO] - 	              (12, 0.7483974358974359),
[2024-11-05 21:52:15,863][flwr][INFO] - 	              (13, 0.7676282051282052),
[2024-11-05 21:52:15,863][flwr][INFO] - 	              (14, 0.7724358974358975),
[2024-11-05 21:52:15,863][flwr][INFO] - 	              (15, 0.7724358974358975)]}
[2024-11-05 21:52:15,863][flwr][INFO] - 
