[2024-11-26 00:50:02,234][flwr][WARNING] - Both server and strategy were provided, ignoring strategy
[2024-11-26 00:50:02,235][flwr][INFO] - Starting Flower simulation, config: ServerConfig(num_rounds=2, round_timeout=None)
[2024-11-26 00:50:08,058][flwr][INFO] - Flower VCE: Ray initialized with resources: {'memory': 7893395867.0, 'node:192.168.1.62': 1.0, 'CPU': 12.0, 'node:__internal_head__': 1.0, 'object_store_memory': 3946697932.0, 'accelerator_type:G': 1.0, 'GPU': 1.0}
[2024-11-26 00:50:08,058][flwr][INFO] - Flower VCE: Resources for each Virtual Client: {'num_cpus': 12, 'num_gpus': 1}
[2024-11-26 00:50:08,068][flwr][INFO] - Flower VCE: Creating VirtualClientEngineActorPool with 1 actors
[2024-11-26 00:50:08,068][flwr][INFO] - Initializing global parameters
[2024-11-26 00:50:08,068][flwr][INFO] - Requesting initial parameters from one random client
[2024-11-26 00:50:12,817][flwr][INFO] - Received initial parameters from one random client
[2024-11-26 00:50:12,817][flwr][INFO] - Evaluating initial parameters
[2024-11-26 00:50:17,649][flwr][INFO] - initial parameters (loss, other metrics): 0.7541978710381559, {'accuracy': 0.46511627906976744}
[2024-11-26 00:50:17,650][flwr][INFO] - FL starting
[2024-11-26 00:50:17,682][flwr][DEBUG] - fit_round 1: strategy sampled 2 clients (out of 4)
[2024-11-26 00:50:23,178][flwr][DEBUG] - fit_round 1 received 2 results and 0 failures
[2024-11-26 00:50:23,292][flwr][WARNING] - No fit_metrics_aggregation_fn provided
[2024-11-26 00:50:28,308][flwr][INFO] - fit progress: (1, 0.7565200975699018, {'accuracy': 0.46511627906976744}, 10.658585413002584)
[2024-11-26 00:50:28,309][flwr][INFO] - evaluate_round 1: no clients selected, cancel
[2024-11-26 00:50:28,347][flwr][DEBUG] - fit_round 2: strategy sampled 2 clients (out of 4)
[2024-11-26 00:50:32,668][flwr][DEBUG] - fit_round 2 received 2 results and 0 failures
[2024-11-26 00:50:37,554][flwr][INFO] - fit progress: (2, 0.757040400837743, {'accuracy': 0.46511627906976744}, 19.904432098999678)
[2024-11-26 00:50:37,554][flwr][INFO] - evaluate_round 2: no clients selected, cancel
[2024-11-26 00:50:37,555][flwr][INFO] - FL finished in 19.90489569300189
[2024-11-26 00:50:37,557][flwr][INFO] - app_fit: losses_distributed []
[2024-11-26 00:50:37,557][flwr][INFO] - app_fit: metrics_distributed_fit {}
[2024-11-26 00:50:37,557][flwr][INFO] - app_fit: metrics_distributed {}
[2024-11-26 00:50:37,557][flwr][INFO] - app_fit: losses_centralized [(0, 0.7541978710381559), (1, 0.7565200975699018), (2, 0.757040400837743)]
[2024-11-26 00:50:37,558][flwr][INFO] - app_fit: metrics_centralized {'accuracy': [(0, 0.46511627906976744), (1, 0.46511627906976744), (2, 0.46511627906976744)]}
