[2024-11-21 01:04:55,711][flwr][WARNING] - Both server and strategy were provided, ignoring strategy
[2024-11-21 01:04:55,711][flwr][INFO] - Starting Flower simulation, config: ServerConfig(num_rounds=30, round_timeout=None)
[2024-11-21 01:05:01,562][flwr][INFO] - Flower VCE: Ray initialized with resources: {'CPU': 12.0, 'GPU': 1.0, 'accelerator_type:G': 1.0, 'object_store_memory': 3788916326.0, 'memory': 7577832654.0, 'node:__internal_head__': 1.0, 'node:192.168.1.29': 1.0}
[2024-11-21 01:05:01,562][flwr][INFO] - Flower VCE: Resources for each Virtual Client: {'num_cpus': 4, 'num_gpus': 0.5}
[2024-11-21 01:05:01,571][flwr][INFO] - Flower VCE: Creating VirtualClientEngineActorPool with 2 actors
[2024-11-21 01:05:01,571][flwr][INFO] - Initializing global parameters
[2024-11-21 01:05:01,571][flwr][INFO] - Requesting initial parameters from one random client
[2024-11-21 01:05:05,454][flwr][INFO] - Received initial parameters from one random client
[2024-11-21 01:05:05,454][flwr][INFO] - Evaluating initial parameters
[2024-11-21 01:05:19,470][flwr][INFO] - initial parameters (loss, other metrics): 0.7102522116440994, {'accuracy': 0.5272435897435898}
[2024-11-21 01:05:19,471][flwr][INFO] - FL starting
[2024-11-21 01:05:19,471][flwr][DEBUG] - fit_round 1: strategy sampled 10 clients (out of 20)
[2024-11-21 01:05:36,339][flwr][DEBUG] - fit_round 1 received 10 results and 0 failures
[2024-11-21 01:05:36,713][flwr][WARNING] - No fit_metrics_aggregation_fn provided
[2024-11-21 01:05:53,496][flwr][INFO] - fit progress: (1, 0.6786272311821963, {'accuracy': 0.5785256410256411}, 34.025306026998805)
[2024-11-21 01:05:53,497][flwr][INFO] - evaluate_round 1: no clients selected, cancel
[2024-11-21 01:05:53,497][flwr][DEBUG] - fit_round 2: strategy sampled 10 clients (out of 20)
[2024-11-21 01:06:09,535][flwr][DEBUG] - fit_round 2 received 10 results and 0 failures
[2024-11-21 01:06:28,496][flwr][INFO] - fit progress: (2, 0.6717278590569129, {'accuracy': 0.5785256410256411}, 69.02511856099954)
[2024-11-21 01:06:28,497][flwr][INFO] - evaluate_round 2: no clients selected, cancel
[2024-11-21 01:06:28,497][flwr][DEBUG] - fit_round 3: strategy sampled 10 clients (out of 20)
[2024-11-21 01:06:44,558][flwr][DEBUG] - fit_round 3 received 10 results and 0 failures
[2024-11-21 01:07:01,388][flwr][INFO] - fit progress: (3, 0.6703110627638988, {'accuracy': 0.5993589743589743}, 101.91737420000027)
[2024-11-21 01:07:01,389][flwr][INFO] - evaluate_round 3: no clients selected, cancel
[2024-11-21 01:07:01,389][flwr][DEBUG] - fit_round 4: strategy sampled 10 clients (out of 20)
[2024-11-21 01:07:16,963][flwr][DEBUG] - fit_round 4 received 10 results and 0 failures
[2024-11-21 01:07:34,413][flwr][INFO] - fit progress: (4, 0.6668828603548881, {'accuracy': 0.6266025641025641}, 134.94217446999937)
[2024-11-21 01:07:34,413][flwr][INFO] - evaluate_round 4: no clients selected, cancel
[2024-11-21 01:07:34,414][flwr][DEBUG] - fit_round 5: strategy sampled 10 clients (out of 20)
[2024-11-21 01:07:50,531][flwr][DEBUG] - fit_round 5 received 10 results and 0 failures
