[2024-11-10 01:20:51,450][flwr][WARNING] - Both server and strategy were provided, ignoring strategy
[2024-11-10 01:20:51,451][flwr][INFO] - Starting Flower simulation, config: ServerConfig(num_rounds=5, round_timeout=None)
[2024-11-10 01:20:56,166][flwr][INFO] - Flower VCE: Ray initialized with resources: {'CPU': 12.0, 'node:192.168.1.234': 1.0, 'node:__internal_head__': 1.0, 'memory': 6348936807.0, 'object_store_memory': 3174468403.0, 'accelerator_type:G': 1.0, 'GPU': 1.0}
[2024-11-10 01:20:56,166][flwr][INFO] - Flower VCE: Resources for each Virtual Client: {'num_cpus': 4, 'num_gpus': 0.0}
[2024-11-10 01:20:56,174][flwr][INFO] - Flower VCE: Creating VirtualClientEngineActorPool with 3 actors
[2024-11-10 01:20:56,174][flwr][INFO] - Initializing global parameters
[2024-11-10 01:20:56,174][flwr][INFO] - Requesting initial parameters from one random client
[2024-11-10 01:20:57,879][flwr][INFO] - Received initial parameters from one random client
[2024-11-10 01:20:57,880][flwr][INFO] - Evaluating initial parameters
[2024-11-10 01:21:00,189][flwr][INFO] - initial parameters (loss, other metrics): 2.2192913324404984, {'accuracy': 0.375}
[2024-11-10 01:21:00,189][flwr][INFO] - FL starting
[2024-11-10 01:21:00,189][flwr][DEBUG] - fit_round 1: strategy sampled 10 clients (out of 10)
[2024-11-10 01:21:08,536][flwr][DEBUG] - fit_round 1 received 10 results and 0 failures
[2024-11-10 01:21:08,608][flwr][WARNING] - No fit_metrics_aggregation_fn provided
[2024-11-10 01:21:11,229][flwr][INFO] - fit progress: (1, 1.883208727225279, {'accuracy': 0.625}, 11.040480643001501)
[2024-11-10 01:21:11,230][flwr][INFO] - evaluate_round 1: no clients selected, cancel
[2024-11-10 01:21:11,230][flwr][DEBUG] - fit_round 2: strategy sampled 10 clients (out of 10)
[2024-11-10 01:21:21,392][flwr][DEBUG] - fit_round 2 received 10 results and 0 failures
[2024-11-10 01:21:24,341][flwr][INFO] - fit progress: (2, 1.4191253674335969, {'accuracy': 0.625}, 24.151937759997963)
[2024-11-10 01:21:24,341][flwr][INFO] - evaluate_round 2: no clients selected, cancel
[2024-11-10 01:21:24,341][flwr][DEBUG] - fit_round 3: strategy sampled 10 clients (out of 10)
