[2024-11-22 01:23:06,095][flwr][WARNING] - Both server and strategy were provided, ignoring strategy
[2024-11-22 01:23:06,096][flwr][INFO] - Starting Flower simulation, config: ServerConfig(num_rounds=2, round_timeout=None)
[2024-11-22 01:23:12,708][flwr][INFO] - Flower VCE: Ray initialized with resources: {'memory': 7119023310.0, 'CPU': 12.0, 'accelerator_type:G': 1.0, 'GPU': 1.0, 'node:__internal_head__': 1.0, 'node:192.168.1.29': 1.0, 'object_store_memory': 3559511654.0}
[2024-11-22 01:23:12,708][flwr][INFO] - Flower VCE: Resources for each Virtual Client: {'num_cpus': 4, 'num_gpus': 0.5}
[2024-11-22 01:23:12,728][flwr][INFO] - Flower VCE: Creating VirtualClientEngineActorPool with 2 actors
[2024-11-22 01:23:12,730][flwr][INFO] - Initializing global parameters
[2024-11-22 01:23:12,731][flwr][INFO] - Requesting initial parameters from one random client
[2024-11-22 01:23:14,718][flwr][INFO] - Received initial parameters from one random client
[2024-11-22 01:23:14,719][flwr][INFO] - Evaluating initial parameters
[2024-11-22 01:49:23,778][flwr][INFO] - initial parameters (loss, other metrics): 0.7108853029650312, {'accuracy': 0.46511627906976744}
[2024-11-22 01:49:23,778][flwr][INFO] - FL starting
[2024-11-22 01:49:23,779][flwr][DEBUG] - fit_round 1: strategy sampled 10 clients (out of 20)
[2024-11-22 01:49:37,238][flwr][DEBUG] - fit_round 1 received 10 results and 0 failures
[2024-11-22 01:49:37,783][flwr][WARNING] - No fit_metrics_aggregation_fn provided
[2024-11-22 01:50:13,338][flwr][INFO] - fit progress: (1, 0.6742656840834507, {'accuracy': 0.6046511627906976}, 49.55926984600228)
[2024-11-22 01:50:13,338][flwr][INFO] - evaluate_round 1: no clients selected, cancel
[2024-11-22 01:50:13,339][flwr][DEBUG] - fit_round 2: strategy sampled 10 clients (out of 20)
[2024-11-22 01:50:26,171][flwr][DEBUG] - fit_round 2 received 10 results and 0 failures
[2024-11-22 01:50:36,856][flwr][INFO] - fit progress: (2, 0.6512784662172776, {'accuracy': 0.6511627906976745}, 73.07712419400195)
[2024-11-22 01:50:36,856][flwr][INFO] - evaluate_round 2: no clients selected, cancel
[2024-11-22 01:50:36,856][flwr][INFO] - FL finished in 73.07805609700154
[2024-11-22 01:50:36,858][flwr][INFO] - app_fit: losses_distributed []
[2024-11-22 01:50:36,858][flwr][INFO] - app_fit: metrics_distributed_fit {}
[2024-11-22 01:50:36,859][flwr][INFO] - app_fit: metrics_distributed {}
[2024-11-22 01:50:36,859][flwr][INFO] - app_fit: losses_centralized [(0, 0.7108853029650312), (1, 0.6742656840834507), (2, 0.6512784662172776)]
[2024-11-22 01:50:36,859][flwr][INFO] - app_fit: metrics_centralized {'accuracy': [(0, 0.46511627906976744), (1, 0.6046511627906976), (2, 0.6511627906976745)]}
