[2024-11-26 00:19:18,322][flwr][WARNING] - Both server and strategy were provided, ignoring strategy
[2024-11-26 00:19:18,323][flwr][INFO] - Starting Flower simulation, config: ServerConfig(num_rounds=30, round_timeout=None)
[2024-11-26 00:19:24,075][flwr][INFO] - Flower VCE: Ray initialized with resources: {'GPU': 1.0, 'accelerator_type:G': 1.0, 'memory': 8126206772.0, 'node:__internal_head__': 1.0, 'object_store_memory': 4063103385.0, 'CPU': 12.0, 'node:192.168.1.62': 1.0}
[2024-11-26 00:19:24,075][flwr][INFO] - Flower VCE: Resources for each Virtual Client: {'num_cpus': 4, 'num_gpus': 0.3}
[2024-11-26 00:19:24,086][flwr][INFO] - Flower VCE: Creating VirtualClientEngineActorPool with 3 actors
[2024-11-26 00:19:24,086][flwr][INFO] - Initializing global parameters
[2024-11-26 00:19:24,086][flwr][INFO] - Requesting initial parameters from one random client
[2024-11-26 00:19:28,835][flwr][INFO] - Received initial parameters from one random client
[2024-11-26 00:19:28,835][flwr][INFO] - Evaluating initial parameters
[2024-11-26 00:19:33,313][flwr][INFO] - initial parameters (loss, other metrics): 0.686717011207758, {'accuracy': 0.5348837209302325}
[2024-11-26 00:19:33,313][flwr][INFO] - FL starting
[2024-11-26 00:19:33,345][flwr][DEBUG] - fit_round 1: strategy sampled 2 clients (out of 4)
[2024-11-26 00:19:39,331][flwr][DEBUG] - fit_round 1 received 2 results and 0 failures
[2024-11-26 00:19:39,331][flwr][WARNING] - No fit_metrics_aggregation_fn provided
[2024-11-26 00:19:39,331][flwr][ERROR] - list index out of range
[2024-11-26 00:19:39,331][flwr][ERROR] - Your simulation crashed :(. This could be because of several reasons.The most common are: 
	 > Your system couldn't fit a single VirtualClient: try lowering `client_resources`.
	 > All the actors in your pool crashed. This could be because: 
		 - You clients hit an out-of-memory (OOM) error and actors couldn't recover from it. Try launching your simulation with more generous `client_resources` setting (i.e. it seems {'num_cpus': 4, 'num_gpus': 0.3} is not enough for your workload). Use fewer concurrent actors. 
		 - You were running a multi-node simulation and all worker nodes disconnected. The head node might still be alive but cannot accommodate any actor with resources: {'num_cpus': 4, 'num_gpus': 0.3}.
