[2024-11-05 23:23:02,952][flwr][INFO] - Starting Flower simulation, config: num_rounds=15, no round_timeout
[2024-11-05 23:23:06,652][flwr][INFO] - Flower VCE: Ray initialized with resources: {'node:__internal_head__': 1.0, 'object_store_memory': 3086104166.0, 'memory': 6172208334.0, 'node:192.168.1.223': 1.0, 'CPU': 12.0}
[2024-11-05 23:23:06,652][flwr][INFO] - Optimize your simulation with Flower VCE: https://flower.ai/docs/framework/how-to-run-simulations.html
[2024-11-05 23:23:06,653][flwr][INFO] - Flower VCE: Resources for each Virtual Client: {'num_cpus': 2, 'num_gpus': 0.0}
[2024-11-05 23:23:06,660][flwr][INFO] - Flower VCE: Creating VirtualClientEngineActorPool with 6 actors
[2024-11-05 23:23:06,661][flwr][INFO] - [INIT]
[2024-11-05 23:23:06,661][flwr][INFO] - Requesting initial parameters from one random client
[2024-11-05 23:23:08,779][flwr][INFO] - Received initial parameters from one random client
[2024-11-05 23:23:08,779][flwr][INFO] - Starting evaluation of initial global parameters
[2024-11-05 23:23:13,295][flwr][INFO] - initial parameters (loss, other metrics): 0.022603674003711112, {'accuracy': 0.375}
[2024-11-05 23:23:13,295][flwr][INFO] - 
[2024-11-05 23:23:13,295][flwr][INFO] - [ROUND 1]
[2024-11-05 23:23:13,295][flwr][INFO] - configure_fit: strategy sampled 10 clients (out of 20)
[2024-11-05 23:23:39,680][flwr][INFO] - aggregate_fit: received 10 results and 0 failures
[2024-11-05 23:23:39,721][flwr][WARNING] - No fit_metrics_aggregation_fn provided
[2024-11-05 23:23:44,204][flwr][INFO] - fit progress: (1, 0.02200831549289899, {'accuracy': 0.625}, 30.909135658001105)
[2024-11-05 23:23:44,204][flwr][INFO] - configure_evaluate: strategy sampled 10 clients (out of 20)
[2024-11-05 23:23:45,746][flwr][INFO] - aggregate_evaluate: received 10 results and 0 failures
[2024-11-05 23:23:45,746][root][INFO] - EVALUATE_METRICS_AGGREGATION: 0.7121082621082622
[2024-11-05 23:23:45,746][flwr][INFO] - 
[2024-11-05 23:23:45,746][flwr][INFO] - [ROUND 2]
[2024-11-05 23:23:45,747][flwr][INFO] - configure_fit: strategy sampled 10 clients (out of 20)
[2024-11-05 23:24:11,717][flwr][INFO] - aggregate_fit: received 10 results and 0 failures
[2024-11-05 23:24:16,290][flwr][INFO] - fit progress: (2, 0.018810477442084216, {'accuracy': 0.625}, 62.995241501001146)
[2024-11-05 23:24:16,290][flwr][INFO] - configure_evaluate: strategy sampled 10 clients (out of 20)
[2024-11-05 23:24:17,745][flwr][INFO] - aggregate_evaluate: received 10 results and 0 failures
[2024-11-05 23:24:17,745][root][INFO] - EVALUATE_METRICS_AGGREGATION: 0.7696581196581198
[2024-11-05 23:24:17,745][flwr][INFO] - 
[2024-11-05 23:24:17,745][flwr][INFO] - [ROUND 3]
[2024-11-05 23:24:17,746][flwr][INFO] - configure_fit: strategy sampled 10 clients (out of 20)
[2024-11-05 23:24:45,076][flwr][INFO] - aggregate_fit: received 10 results and 0 failures
[2024-11-05 23:24:49,522][flwr][INFO] - fit progress: (3, 0.02570756523607251, {'accuracy': 0.6650641025641025}, 96.22703252000065)
[2024-11-05 23:24:49,522][flwr][INFO] - configure_evaluate: strategy sampled 10 clients (out of 20)
[2024-11-05 23:24:50,989][flwr][INFO] - aggregate_evaluate: received 10 results and 0 failures
[2024-11-05 23:24:50,989][root][INFO] - EVALUATE_METRICS_AGGREGATION: 0.9
[2024-11-05 23:24:50,989][flwr][INFO] - 
[2024-11-05 23:24:50,989][flwr][INFO] - [ROUND 4]
[2024-11-05 23:24:50,989][flwr][INFO] - configure_fit: strategy sampled 10 clients (out of 20)
[2024-11-05 23:25:21,045][flwr][INFO] - aggregate_fit: received 10 results and 0 failures
[2024-11-05 23:25:25,568][flwr][INFO] - fit progress: (4, 0.018645835561283793, {'accuracy': 0.7435897435897436}, 132.27368058700085)
[2024-11-05 23:25:25,569][flwr][INFO] - configure_evaluate: strategy sampled 10 clients (out of 20)
[2024-11-05 23:25:27,198][flwr][INFO] - aggregate_evaluate: received 10 results and 0 failures
[2024-11-05 23:25:27,198][root][INFO] - EVALUATE_METRICS_AGGREGATION: 0.9576923076923078
[2024-11-05 23:25:27,198][flwr][INFO] - 
[2024-11-05 23:25:27,198][flwr][INFO] - [ROUND 5]
[2024-11-05 23:25:27,198][flwr][INFO] - configure_fit: strategy sampled 10 clients (out of 20)
[2024-11-05 23:25:50,710][flwr][INFO] - aggregate_fit: received 10 results and 0 failures
[2024-11-05 23:25:55,387][flwr][INFO] - fit progress: (5, 0.028873220958093252, {'accuracy': 0.7035256410256411}, 162.0924851689997)
[2024-11-05 23:25:55,387][flwr][INFO] - configure_evaluate: strategy sampled 10 clients (out of 20)
[2024-11-05 23:25:56,809][flwr][INFO] - aggregate_evaluate: received 10 results and 0 failures
[2024-11-05 23:25:56,809][root][INFO] - EVALUATE_METRICS_AGGREGATION: 0.9307692307692308
[2024-11-05 23:25:56,809][flwr][INFO] - 
[2024-11-05 23:25:56,809][flwr][INFO] - [ROUND 6]
[2024-11-05 23:25:56,810][flwr][INFO] - configure_fit: strategy sampled 10 clients (out of 20)
[2024-11-05 23:26:21,309][flwr][INFO] - aggregate_fit: received 10 results and 0 failures
[2024-11-05 23:26:25,996][flwr][INFO] - fit progress: (6, 0.01469800362470918, {'accuracy': 0.8060897435897436}, 192.7010886950011)
[2024-11-05 23:26:25,996][flwr][INFO] - configure_evaluate: strategy sampled 10 clients (out of 20)
[2024-11-05 23:26:27,605][flwr][INFO] - aggregate_evaluate: received 10 results and 0 failures
[2024-11-05 23:26:27,606][root][INFO] - EVALUATE_METRICS_AGGREGATION: 0.9538461538461538
[2024-11-05 23:26:27,606][flwr][INFO] - 
[2024-11-05 23:26:27,606][flwr][INFO] - [ROUND 7]
[2024-11-05 23:26:27,606][flwr][INFO] - configure_fit: strategy sampled 10 clients (out of 20)
[2024-11-05 23:26:53,252][flwr][INFO] - aggregate_fit: received 10 results and 0 failures
[2024-11-05 23:26:57,747][flwr][INFO] - fit progress: (7, 0.028359257769084368, {'accuracy': 0.7163461538461539}, 224.45264652100013)
[2024-11-05 23:26:57,748][flwr][INFO] - configure_evaluate: strategy sampled 10 clients (out of 20)
[2024-11-05 23:26:59,351][flwr][INFO] - aggregate_evaluate: received 10 results and 0 failures
[2024-11-05 23:26:59,351][root][INFO] - EVALUATE_METRICS_AGGREGATION: 0.9346153846153846
[2024-11-05 23:26:59,351][flwr][INFO] - 
[2024-11-05 23:26:59,351][flwr][INFO] - [ROUND 8]
[2024-11-05 23:26:59,352][flwr][INFO] - configure_fit: strategy sampled 10 clients (out of 20)
[2024-11-05 23:27:27,727][flwr][INFO] - aggregate_fit: received 10 results and 0 failures
[2024-11-05 23:27:32,306][flwr][INFO] - fit progress: (8, 0.026944473158950225, {'accuracy': 0.7483974358974359}, 259.01081593600065)
[2024-11-05 23:27:32,306][flwr][INFO] - configure_evaluate: strategy sampled 10 clients (out of 20)
[2024-11-05 23:27:33,906][flwr][INFO] - aggregate_evaluate: received 10 results and 0 failures
[2024-11-05 23:27:33,906][root][INFO] - EVALUATE_METRICS_AGGREGATION: 0.9501424501424502
[2024-11-05 23:27:33,906][flwr][INFO] - 
[2024-11-05 23:27:33,906][flwr][INFO] - [ROUND 9]
[2024-11-05 23:27:33,907][flwr][INFO] - configure_fit: strategy sampled 10 clients (out of 20)
[2024-11-05 23:28:06,112][flwr][INFO] - aggregate_fit: received 10 results and 0 failures
[2024-11-05 23:28:10,653][flwr][INFO] - fit progress: (9, 0.03443832077960579, {'accuracy': 0.7147435897435898}, 297.3585414900008)
[2024-11-05 23:28:10,654][flwr][INFO] - configure_evaluate: strategy sampled 10 clients (out of 20)
[2024-11-05 23:28:12,083][flwr][INFO] - aggregate_evaluate: received 10 results and 0 failures
[2024-11-05 23:28:12,083][root][INFO] - EVALUATE_METRICS_AGGREGATION: 0.9615384615384615
[2024-11-05 23:28:12,083][flwr][INFO] - 
[2024-11-05 23:28:12,083][flwr][INFO] - [ROUND 10]
[2024-11-05 23:28:12,084][flwr][INFO] - configure_fit: strategy sampled 10 clients (out of 20)
[2024-11-05 23:28:34,563][flwr][INFO] - aggregate_fit: received 10 results and 0 failures
[2024-11-05 23:28:39,227][flwr][INFO] - fit progress: (10, 0.02286661439948381, {'accuracy': 0.7532051282051282}, 325.93257159300083)
[2024-11-05 23:28:39,228][flwr][INFO] - configure_evaluate: strategy sampled 10 clients (out of 20)
[2024-11-05 23:28:40,693][flwr][INFO] - aggregate_evaluate: received 10 results and 0 failures
[2024-11-05 23:28:40,693][root][INFO] - EVALUATE_METRICS_AGGREGATION: 0.9730769230769232
[2024-11-05 23:28:40,693][flwr][INFO] - 
[2024-11-05 23:28:40,693][flwr][INFO] - [ROUND 11]
[2024-11-05 23:28:40,694][flwr][INFO] - configure_fit: strategy sampled 10 clients (out of 20)
[2024-11-05 23:29:14,798][flwr][INFO] - aggregate_fit: received 10 results and 0 failures
[2024-11-05 23:29:19,794][flwr][INFO] - fit progress: (11, 0.03557858558782848, {'accuracy': 0.7275641025641025}, 366.49948315500114)
[2024-11-05 23:29:19,795][flwr][INFO] - configure_evaluate: strategy sampled 10 clients (out of 20)
[2024-11-05 23:29:21,548][flwr][INFO] - aggregate_evaluate: received 10 results and 0 failures
[2024-11-05 23:29:21,548][root][INFO] - EVALUATE_METRICS_AGGREGATION: 0.9653846153846153
[2024-11-05 23:29:21,548][flwr][INFO] - 
[2024-11-05 23:29:21,548][flwr][INFO] - [ROUND 12]
[2024-11-05 23:29:21,549][flwr][INFO] - configure_fit: strategy sampled 10 clients (out of 20)
[2024-11-05 23:29:45,496][flwr][INFO] - aggregate_fit: received 10 results and 0 failures
[2024-11-05 23:29:50,815][flwr][INFO] - fit progress: (12, 0.03201388990288624, {'accuracy': 0.7355769230769231}, 397.52059044499947)
[2024-11-05 23:29:50,816][flwr][INFO] - configure_evaluate: strategy sampled 10 clients (out of 20)
[2024-11-05 23:29:52,454][flwr][INFO] - aggregate_evaluate: received 10 results and 0 failures
[2024-11-05 23:29:52,454][root][INFO] - EVALUATE_METRICS_AGGREGATION: 0.9539886039886041
[2024-11-05 23:29:52,454][flwr][INFO] - 
[2024-11-05 23:29:52,454][flwr][INFO] - [ROUND 13]
[2024-11-05 23:29:52,455][flwr][INFO] - configure_fit: strategy sampled 10 clients (out of 20)
[2024-11-05 23:30:27,546][flwr][INFO] - aggregate_fit: received 10 results and 0 failures
[2024-11-05 23:30:32,609][flwr][INFO] - fit progress: (13, 0.029328919055376153, {'accuracy': 0.7483974358974359}, 439.31403904800027)
[2024-11-05 23:30:32,609][flwr][INFO] - configure_evaluate: strategy sampled 10 clients (out of 20)
[2024-11-05 23:30:34,458][flwr][INFO] - aggregate_evaluate: received 10 results and 0 failures
[2024-11-05 23:30:34,458][root][INFO] - EVALUATE_METRICS_AGGREGATION: 0.9653846153846155
[2024-11-05 23:30:34,459][flwr][INFO] - 
[2024-11-05 23:30:34,459][flwr][INFO] - [ROUND 14]
[2024-11-05 23:30:34,459][flwr][INFO] - configure_fit: strategy sampled 10 clients (out of 20)
[2024-11-05 23:31:12,764][flwr][INFO] - aggregate_fit: received 10 results and 0 failures
[2024-11-05 23:31:17,848][flwr][INFO] - fit progress: (14, 0.029172683766377397, {'accuracy': 0.75}, 484.5533422389999)
[2024-11-05 23:31:17,848][flwr][INFO] - configure_evaluate: strategy sampled 10 clients (out of 20)
[2024-11-05 23:31:19,591][flwr][INFO] - aggregate_evaluate: received 10 results and 0 failures
[2024-11-05 23:31:19,591][root][INFO] - EVALUATE_METRICS_AGGREGATION: 0.9615384615384617
[2024-11-05 23:31:19,591][flwr][INFO] - 
[2024-11-05 23:31:19,591][flwr][INFO] - [ROUND 15]
[2024-11-05 23:31:19,591][flwr][INFO] - configure_fit: strategy sampled 10 clients (out of 20)
[2024-11-05 23:31:46,312][flwr][INFO] - aggregate_fit: received 10 results and 0 failures
[2024-11-05 23:31:51,390][flwr][INFO] - fit progress: (15, 0.04338806174377961, {'accuracy': 0.7163461538461539}, 518.0955803449997)
[2024-11-05 23:31:51,391][flwr][INFO] - configure_evaluate: strategy sampled 10 clients (out of 20)
[2024-11-05 23:31:53,160][flwr][INFO] - aggregate_evaluate: received 10 results and 0 failures
[2024-11-05 23:31:53,160][root][INFO] - EVALUATE_METRICS_AGGREGATION: 0.9538461538461538
[2024-11-05 23:31:53,173][flwr][INFO] - 
[2024-11-05 23:31:53,173][flwr][INFO] - [SUMMARY]
[2024-11-05 23:31:53,173][flwr][INFO] - Run finished 15 round(s) in 519.87s
[2024-11-05 23:31:53,174][flwr][INFO] - 	History (loss, distributed):
[2024-11-05 23:31:53,174][flwr][INFO] - 		round 1: 0.022422370221200492
[2024-11-05 23:31:53,174][flwr][INFO] - 		round 2: 0.014088835318883261
[2024-11-05 23:31:53,174][flwr][INFO] - 		round 3: 0.009391701278778223
[2024-11-05 23:31:53,174][flwr][INFO] - 		round 4: 0.0057151416173348065
[2024-11-05 23:31:53,174][flwr][INFO] - 		round 5: 0.008519664979898013
[2024-11-05 23:31:53,174][flwr][INFO] - 		round 6: 0.005132512447352593
[2024-11-05 23:31:53,174][flwr][INFO] - 		round 7: 0.006823752526501646
[2024-11-05 23:31:53,174][flwr][INFO] - 		round 8: 0.00545596736523076
[2024-11-05 23:31:53,174][flwr][INFO] - 		round 9: 0.005531781876825879
[2024-11-05 23:31:53,174][flwr][INFO] - 		round 10: 0.002893814304445544
[2024-11-05 23:31:53,174][flwr][INFO] - 		round 11: 0.00442805032317455
[2024-11-05 23:31:53,174][flwr][INFO] - 		round 12: 0.004973217877068495
[2024-11-05 23:31:53,174][flwr][INFO] - 		round 13: 0.004391417974749437
[2024-11-05 23:31:53,174][flwr][INFO] - 		round 14: 0.00423074890501224
[2024-11-05 23:31:53,175][flwr][INFO] - 		round 15: 0.006109657207042233
[2024-11-05 23:31:53,175][flwr][INFO] - 	History (loss, centralized):
[2024-11-05 23:31:53,175][flwr][INFO] - 		round 0: 0.022603674003711112
[2024-11-05 23:31:53,175][flwr][INFO] - 		round 1: 0.02200831549289899
[2024-11-05 23:31:53,175][flwr][INFO] - 		round 2: 0.018810477442084216
[2024-11-05 23:31:53,175][flwr][INFO] - 		round 3: 0.02570756523607251
[2024-11-05 23:31:53,175][flwr][INFO] - 		round 4: 0.018645835561283793
[2024-11-05 23:31:53,175][flwr][INFO] - 		round 5: 0.028873220958093252
[2024-11-05 23:31:53,175][flwr][INFO] - 		round 6: 0.01469800362470918
[2024-11-05 23:31:53,175][flwr][INFO] - 		round 7: 0.028359257769084368
[2024-11-05 23:31:53,175][flwr][INFO] - 		round 8: 0.026944473158950225
[2024-11-05 23:31:53,175][flwr][INFO] - 		round 9: 0.03443832077960579
[2024-11-05 23:31:53,175][flwr][INFO] - 		round 10: 0.02286661439948381
[2024-11-05 23:31:53,175][flwr][INFO] - 		round 11: 0.03557858558782848
[2024-11-05 23:31:53,175][flwr][INFO] - 		round 12: 0.03201388990288624
[2024-11-05 23:31:53,175][flwr][INFO] - 		round 13: 0.029328919055376153
[2024-11-05 23:31:53,175][flwr][INFO] - 		round 14: 0.029172683766377397
[2024-11-05 23:31:53,176][flwr][INFO] - 		round 15: 0.04338806174377961
[2024-11-05 23:31:53,176][flwr][INFO] - 	History (metrics, distributed, evaluate):
[2024-11-05 23:31:53,176][flwr][INFO] - 	{'federated_evaluate_accuracy': [(1, 0.7121082621082622),
[2024-11-05 23:31:53,176][flwr][INFO] - 	                                 (2, 0.7696581196581198),
[2024-11-05 23:31:53,176][flwr][INFO] - 	                                 (3, 0.9),
[2024-11-05 23:31:53,176][flwr][INFO] - 	                                 (4, 0.9576923076923078),
[2024-11-05 23:31:53,176][flwr][INFO] - 	                                 (5, 0.9307692307692308),
[2024-11-05 23:31:53,176][flwr][INFO] - 	                                 (6, 0.9538461538461538),
[2024-11-05 23:31:53,176][flwr][INFO] - 	                                 (7, 0.9346153846153846),
[2024-11-05 23:31:53,176][flwr][INFO] - 	                                 (8, 0.9501424501424502),
[2024-11-05 23:31:53,176][flwr][INFO] - 	                                 (9, 0.9615384615384615),
[2024-11-05 23:31:53,176][flwr][INFO] - 	                                 (10, 0.9730769230769232),
[2024-11-05 23:31:53,176][flwr][INFO] - 	                                 (11, 0.9653846153846153),
[2024-11-05 23:31:53,176][flwr][INFO] - 	                                 (12, 0.9539886039886041),
[2024-11-05 23:31:53,176][flwr][INFO] - 	                                 (13, 0.9653846153846155),
[2024-11-05 23:31:53,176][flwr][INFO] - 	                                 (14, 0.9615384615384617),
[2024-11-05 23:31:53,176][flwr][INFO] - 	                                 (15, 0.9538461538461538)]}
[2024-11-05 23:31:53,177][flwr][INFO] - 	History (metrics, centralized):
[2024-11-05 23:31:53,177][flwr][INFO] - 	{'accuracy': [(0, 0.375),
[2024-11-05 23:31:53,177][flwr][INFO] - 	              (1, 0.625),
[2024-11-05 23:31:53,177][flwr][INFO] - 	              (2, 0.625),
[2024-11-05 23:31:53,177][flwr][INFO] - 	              (3, 0.6650641025641025),
[2024-11-05 23:31:53,177][flwr][INFO] - 	              (4, 0.7435897435897436),
[2024-11-05 23:31:53,177][flwr][INFO] - 	              (5, 0.7035256410256411),
[2024-11-05 23:31:53,177][flwr][INFO] - 	              (6, 0.8060897435897436),
[2024-11-05 23:31:53,177][flwr][INFO] - 	              (7, 0.7163461538461539),
[2024-11-05 23:31:53,177][flwr][INFO] - 	              (8, 0.7483974358974359),
[2024-11-05 23:31:53,177][flwr][INFO] - 	              (9, 0.7147435897435898),
[2024-11-05 23:31:53,177][flwr][INFO] - 	              (10, 0.7532051282051282),
[2024-11-05 23:31:53,177][flwr][INFO] - 	              (11, 0.7275641025641025),
[2024-11-05 23:31:53,177][flwr][INFO] - 	              (12, 0.7355769230769231),
[2024-11-05 23:31:53,177][flwr][INFO] - 	              (13, 0.7483974358974359),
[2024-11-05 23:31:53,177][flwr][INFO] - 	              (14, 0.75),
[2024-11-05 23:31:53,177][flwr][INFO] - 	              (15, 0.7163461538461539)]}
[2024-11-05 23:31:53,178][flwr][INFO] - 
