[2024-11-16 19:05:49,187][flwr][WARNING] - Both server and strategy were provided, ignoring strategy
[2024-11-16 19:05:49,187][flwr][INFO] - Starting Flower simulation, config: ServerConfig(num_rounds=2, round_timeout=None)
[2024-11-16 19:05:54,530][flwr][INFO] - Flower VCE: Ray initialized with resources: {'accelerator_type:G': 1.0, 'GPU': 1.0, 'CPU': 12.0, 'object_store_memory': 3108585062.0, 'node:192.168.1.29': 1.0, 'node:__internal_head__': 1.0, 'memory': 6217170126.0}
[2024-11-16 19:05:54,530][flwr][INFO] - Flower VCE: Resources for each Virtual Client: {'num_cpus': 4, 'num_gpus': 0.5}
[2024-11-16 19:05:54,537][flwr][INFO] - Flower VCE: Creating VirtualClientEngineActorPool with 2 actors
[2024-11-16 19:05:54,537][flwr][INFO] - Initializing global parameters
[2024-11-16 19:05:54,538][flwr][INFO] - Requesting initial parameters from one random client
[2024-11-16 19:05:57,826][flwr][INFO] - Received initial parameters from one random client
[2024-11-16 19:05:57,826][flwr][INFO] - Evaluating initial parameters
[2024-11-16 19:06:10,544][flwr][INFO] - initial parameters (loss, other metrics): 0.6706422215852982, {'accuracy': 0.6073717948717948}
[2024-11-16 19:06:10,544][flwr][INFO] - FL starting
[2024-11-16 19:06:10,545][flwr][DEBUG] - fit_round 1: strategy sampled 10 clients (out of 20)
[2024-11-16 19:06:27,281][flwr][DEBUG] - fit_round 1 received 10 results and 0 failures
[2024-11-16 19:06:27,627][flwr][WARNING] - No fit_metrics_aggregation_fn provided
[2024-11-16 19:06:41,837][flwr][INFO] - fit progress: (1, 0.665595510067084, {'accuracy': 0.6185897435897436}, 31.292759541000123)
[2024-11-16 19:06:41,838][flwr][INFO] - evaluate_round 1: no clients selected, cancel
[2024-11-16 19:06:41,838][flwr][DEBUG] - fit_round 2: strategy sampled 10 clients (out of 20)
[2024-11-16 19:06:56,059][flwr][DEBUG] - fit_round 2 received 10 results and 0 failures
[2024-11-16 19:07:09,659][flwr][INFO] - fit progress: (2, 0.6728570109758621, {'accuracy': 0.6009615384615384}, 59.11481718799769)
[2024-11-16 19:07:09,660][flwr][INFO] - evaluate_round 2: no clients selected, cancel
[2024-11-16 19:07:09,660][flwr][INFO] - FL finished in 59.11526066899751
[2024-11-16 19:07:09,662][flwr][INFO] - app_fit: losses_distributed []
[2024-11-16 19:07:09,662][flwr][INFO] - app_fit: metrics_distributed_fit {}
[2024-11-16 19:07:09,662][flwr][INFO] - app_fit: metrics_distributed {}
[2024-11-16 19:07:09,662][flwr][INFO] - app_fit: losses_centralized [(0, 0.6706422215852982), (1, 0.665595510067084), (2, 0.6728570109758621)]
[2024-11-16 19:07:09,663][flwr][INFO] - app_fit: metrics_centralized {'accuracy': [(0, 0.6073717948717948), (1, 0.6185897435897436), (2, 0.6009615384615384)]}
