[2024-11-11 22:26:50,467][flwr][WARNING] - Both server and strategy were provided, ignoring strategy
[2024-11-11 22:26:50,468][flwr][INFO] - Starting Flower simulation, config: ServerConfig(num_rounds=15, round_timeout=None)
[2024-11-11 22:26:56,155][flwr][INFO] - Flower VCE: Ray initialized with resources: {'object_store_memory': 3916009881.0, 'GPU': 1.0, 'accelerator_type:G': 1.0, 'node:__internal_head__': 1.0, 'memory': 7832019764.0, 'CPU': 12.0, 'node:192.168.1.236': 1.0}
[2024-11-11 22:26:56,156][flwr][INFO] - Flower VCE: Resources for each Virtual Client: {'num_cpus': 4, 'num_gpus': 0.5}
[2024-11-11 22:26:56,163][flwr][INFO] - Flower VCE: Creating VirtualClientEngineActorPool with 2 actors
[2024-11-11 22:26:56,164][flwr][INFO] - Initializing global parameters
[2024-11-11 22:26:56,164][flwr][INFO] - Requesting initial parameters from one random client
[2024-11-11 22:26:59,794][flwr][INFO] - Received initial parameters from one random client
[2024-11-11 22:26:59,794][flwr][INFO] - Evaluating initial parameters
[2024-11-11 22:27:01,991][flwr][INFO] - initial parameters (loss, other metrics): 0.7062819645955012, {'accuracy': 0.375}
[2024-11-11 22:27:01,992][flwr][INFO] - FL starting
[2024-11-11 22:27:01,992][flwr][DEBUG] - fit_round 1: strategy sampled 10 clients (out of 20)
[2024-11-11 22:27:35,776][flwr][DEBUG] - fit_round 1 received 10 results and 0 failures
[2024-11-11 22:27:35,816][flwr][WARNING] - No fit_metrics_aggregation_fn provided
[2024-11-11 22:27:38,016][flwr][INFO] - fit progress: (1, 0.6814120793953921, {'accuracy': 0.625}, 36.023974841000154)
[2024-11-11 22:27:38,016][flwr][INFO] - evaluate_round 1: no clients selected, cancel
[2024-11-11 22:27:38,016][flwr][DEBUG] - fit_round 2: strategy sampled 10 clients (out of 20)
[2024-11-11 22:28:10,549][flwr][DEBUG] - fit_round 2 received 10 results and 0 failures
[2024-11-11 22:28:12,872][flwr][INFO] - fit progress: (2, 0.6686893793252798, {'accuracy': 0.625}, 70.88011244400013)
[2024-11-11 22:28:12,872][flwr][INFO] - evaluate_round 2: no clients selected, cancel
[2024-11-11 22:28:12,872][flwr][DEBUG] - fit_round 3: strategy sampled 10 clients (out of 20)
