[2024-11-27 01:40:02,816][flwr][WARNING] - Both server and strategy were provided, ignoring strategy
[2024-11-27 01:40:02,816][flwr][INFO] - Starting Flower simulation, config: ServerConfig(num_rounds=30, round_timeout=None)
[2024-11-27 01:40:08,065][flwr][INFO] - Flower VCE: Ray initialized with resources: {'accelerator_type:G': 1.0, 'GPU': 1.0, 'object_store_memory': 4362145382.0, 'node:__internal_head__': 1.0, 'memory': 8724290766.0, 'CPU': 12.0, 'node:192.168.1.62': 1.0}
[2024-11-27 01:40:08,065][flwr][INFO] - Flower VCE: Resources for each Virtual Client: {'num_cpus': 4, 'num_gpus': 1}
[2024-11-27 01:40:08,072][flwr][INFO] - Flower VCE: Creating VirtualClientEngineActorPool with 1 actors
[2024-11-27 01:40:08,073][flwr][INFO] - Initializing global parameters
[2024-11-27 01:40:08,073][flwr][INFO] - Requesting initial parameters from one random client
[2024-11-27 01:40:12,133][flwr][INFO] - Received initial parameters from one random client
[2024-11-27 01:40:12,133][flwr][INFO] - Evaluating initial parameters
[2024-11-27 01:40:16,253][flwr][INFO] - initial parameters (loss, other metrics): 0.6985706432845241, {'accuracy': 0.5271317829457365}
[2024-11-27 01:40:16,253][flwr][INFO] - FL starting
[2024-11-27 01:40:16,253][flwr][DEBUG] - fit_round 1: strategy sampled 6 clients (out of 60)
[2024-11-27 01:40:30,913][flwr][DEBUG] - fit_round 1 received 6 results and 0 failures
[2024-11-27 01:40:31,049][flwr][WARNING] - No fit_metrics_aggregation_fn provided
[2024-11-27 01:40:35,158][flwr][INFO] - fit progress: (1, 0.6959730155708254, {'accuracy': 0.49612403100775193}, 18.905297410999992)
[2024-11-27 01:40:35,158][flwr][INFO] - evaluate_round 1: no clients selected, cancel
[2024-11-27 01:40:35,159][flwr][DEBUG] - fit_round 2: strategy sampled 6 clients (out of 60)
[2024-11-27 01:40:48,826][flwr][DEBUG] - fit_round 2 received 6 results and 0 failures
[2024-11-27 01:40:53,156][flwr][INFO] - fit progress: (2, 0.6953185103660406, {'accuracy': 0.4496124031007752}, 36.90316078700016)
[2024-11-27 01:40:53,157][flwr][INFO] - evaluate_round 2: no clients selected, cancel
[2024-11-27 01:40:53,157][flwr][DEBUG] - fit_round 3: strategy sampled 6 clients (out of 60)
