[2024-11-05 17:53:40,742][flwr][INFO] - Starting Flower simulation, config: num_rounds=15, no round_timeout
[2024-11-05 17:53:45,054][flwr][INFO] - Flower VCE: Ray initialized with resources: {'node:__internal_head__': 1.0, 'CPU': 12.0, 'node:172.16.1.72': 1.0, 'object_store_memory': 2818542796.0, 'memory': 5637085595.0}
[2024-11-05 17:53:45,055][flwr][INFO] - Optimize your simulation with Flower VCE: https://flower.ai/docs/framework/how-to-run-simulations.html
[2024-11-05 17:53:45,055][flwr][INFO] - Flower VCE: Resources for each Virtual Client: {'num_cpus': 2, 'num_gpus': 0.0}
[2024-11-05 17:53:45,072][flwr][INFO] - Flower VCE: Creating VirtualClientEngineActorPool with 6 actors
[2024-11-05 17:53:45,073][flwr][INFO] - [INIT]
[2024-11-05 17:53:45,073][flwr][INFO] - Requesting initial parameters from one random client
[2024-11-05 17:53:48,500][flwr][INFO] - Received initial parameters from one random client
[2024-11-05 17:53:48,501][flwr][INFO] - Starting evaluation of initial global parameters
[2024-11-05 17:53:55,375][flwr][INFO] - initial parameters (loss, other metrics): 0.02171629724594263, {'accuracy': 0.625}
[2024-11-05 17:53:55,376][flwr][INFO] - 
[2024-11-05 17:53:55,376][flwr][INFO] - [ROUND 1]
[2024-11-05 17:53:55,376][flwr][INFO] - configure_fit: strategy sampled 10 clients (out of 20)
[2024-11-05 17:54:06,863][flwr][INFO] - aggregate_fit: received 10 results and 0 failures
[2024-11-05 17:54:06,926][flwr][WARNING] - No fit_metrics_aggregation_fn provided
[2024-11-05 17:54:13,587][flwr][INFO] - fit progress: (1, 0.06834792493035098, {'accuracy': 0.625}, 18.211542897999607)
[2024-11-05 17:54:13,588][flwr][INFO] - configure_evaluate: strategy sampled 10 clients (out of 20)
[2024-11-05 17:54:14,449][flwr][INFO] - aggregate_evaluate: received 10 results and 0 failures
[2024-11-05 17:54:14,449][root][INFO] - EVALUATE_METRICS_AGGREGATION: 0.6849999999999999
[2024-11-05 17:54:14,450][flwr][INFO] - 
[2024-11-05 17:54:14,450][flwr][INFO] - [ROUND 2]
[2024-11-05 17:54:14,450][flwr][INFO] - configure_fit: strategy sampled 10 clients (out of 20)
[2024-11-05 17:54:22,730][flwr][INFO] - aggregate_fit: received 10 results and 0 failures
[2024-11-05 17:54:29,252][flwr][INFO] - fit progress: (2, 0.10682535272070919, {'accuracy': 0.625}, 33.87633619299959)
[2024-11-05 17:54:29,252][flwr][INFO] - configure_evaluate: strategy sampled 10 clients (out of 20)
[2024-11-05 17:54:30,123][flwr][INFO] - aggregate_evaluate: received 10 results and 0 failures
[2024-11-05 17:54:30,123][root][INFO] - EVALUATE_METRICS_AGGREGATION: 0.705
[2024-11-05 17:54:30,123][flwr][INFO] - 
[2024-11-05 17:54:30,123][flwr][INFO] - [ROUND 3]
[2024-11-05 17:54:30,123][flwr][INFO] - configure_fit: strategy sampled 10 clients (out of 20)
[2024-11-05 17:54:38,312][flwr][INFO] - aggregate_fit: received 10 results and 0 failures
[2024-11-05 17:54:45,291][flwr][INFO] - fit progress: (3, 0.23390717842640021, {'accuracy': 0.625}, 49.91574675100128)
[2024-11-05 17:54:45,292][flwr][INFO] - configure_evaluate: strategy sampled 10 clients (out of 20)
[2024-11-05 17:54:46,189][flwr][INFO] - aggregate_evaluate: received 10 results and 0 failures
[2024-11-05 17:54:46,190][root][INFO] - EVALUATE_METRICS_AGGREGATION: 0.765
[2024-11-05 17:54:46,190][flwr][INFO] - 
[2024-11-05 17:54:46,190][flwr][INFO] - [ROUND 4]
[2024-11-05 17:54:46,190][flwr][INFO] - configure_fit: strategy sampled 10 clients (out of 20)
[2024-11-05 17:54:54,662][flwr][INFO] - aggregate_fit: received 10 results and 0 failures
[2024-11-05 17:55:01,408][flwr][INFO] - fit progress: (4, 0.20541542269982016, {'accuracy': 0.625}, 66.03228422100074)
[2024-11-05 17:55:01,408][flwr][INFO] - configure_evaluate: strategy sampled 10 clients (out of 20)
[2024-11-05 17:55:02,270][flwr][INFO] - aggregate_evaluate: received 10 results and 0 failures
[2024-11-05 17:55:02,270][root][INFO] - EVALUATE_METRICS_AGGREGATION: 0.825
[2024-11-05 17:55:02,270][flwr][INFO] - 
[2024-11-05 17:55:02,270][flwr][INFO] - [ROUND 5]
[2024-11-05 17:55:02,271][flwr][INFO] - configure_fit: strategy sampled 10 clients (out of 20)
[2024-11-05 17:55:10,473][flwr][INFO] - aggregate_fit: received 10 results and 0 failures
[2024-11-05 17:55:17,228][flwr][INFO] - fit progress: (5, 0.2019845789226774, {'accuracy': 0.625}, 81.8525910870012)
[2024-11-05 17:55:17,229][flwr][INFO] - configure_evaluate: strategy sampled 10 clients (out of 20)
[2024-11-05 17:55:18,029][flwr][INFO] - aggregate_evaluate: received 10 results and 0 failures
[2024-11-05 17:55:18,029][root][INFO] - EVALUATE_METRICS_AGGREGATION: 0.725
[2024-11-05 17:55:18,029][flwr][INFO] - 
[2024-11-05 17:55:18,029][flwr][INFO] - [ROUND 6]
[2024-11-05 17:55:18,030][flwr][INFO] - configure_fit: strategy sampled 10 clients (out of 20)
[2024-11-05 17:55:26,393][flwr][INFO] - aggregate_fit: received 10 results and 0 failures
[2024-11-05 17:55:33,037][flwr][INFO] - fit progress: (6, 0.157678227692459, {'accuracy': 0.625}, 97.66189957100141)
[2024-11-05 17:55:33,038][flwr][INFO] - configure_evaluate: strategy sampled 10 clients (out of 20)
[2024-11-05 17:55:33,956][flwr][INFO] - aggregate_evaluate: received 10 results and 0 failures
[2024-11-05 17:55:33,956][root][INFO] - EVALUATE_METRICS_AGGREGATION: 0.65
[2024-11-05 17:55:33,956][flwr][INFO] - 
[2024-11-05 17:55:33,956][flwr][INFO] - [ROUND 7]
[2024-11-05 17:55:33,957][flwr][INFO] - configure_fit: strategy sampled 10 clients (out of 20)
[2024-11-05 17:55:41,620][flwr][INFO] - aggregate_fit: received 10 results and 0 failures
[2024-11-05 17:55:48,199][flwr][INFO] - fit progress: (7, 0.17719110039372757, {'accuracy': 0.625}, 112.82340644700162)
[2024-11-05 17:55:48,199][flwr][INFO] - configure_evaluate: strategy sampled 10 clients (out of 20)
[2024-11-05 17:55:49,022][flwr][INFO] - aggregate_evaluate: received 10 results and 0 failures
[2024-11-05 17:55:49,023][root][INFO] - EVALUATE_METRICS_AGGREGATION: 0.7649999999999999
[2024-11-05 17:55:49,023][flwr][INFO] - 
[2024-11-05 17:55:49,023][flwr][INFO] - [ROUND 8]
[2024-11-05 17:55:49,023][flwr][INFO] - configure_fit: strategy sampled 10 clients (out of 20)
[2024-11-05 17:55:56,979][flwr][INFO] - aggregate_fit: received 10 results and 0 failures
[2024-11-05 17:56:03,620][flwr][INFO] - fit progress: (8, 0.08505743577906963, {'accuracy': 0.625}, 128.24436522199903)
[2024-11-05 17:56:03,620][flwr][INFO] - configure_evaluate: strategy sampled 10 clients (out of 20)
[2024-11-05 17:56:04,463][flwr][INFO] - aggregate_evaluate: received 10 results and 0 failures
[2024-11-05 17:56:04,463][root][INFO] - EVALUATE_METRICS_AGGREGATION: 0.635
[2024-11-05 17:56:04,463][flwr][INFO] - 
[2024-11-05 17:56:04,463][flwr][INFO] - [ROUND 9]
[2024-11-05 17:56:04,464][flwr][INFO] - configure_fit: strategy sampled 10 clients (out of 20)
[2024-11-05 17:56:12,593][flwr][INFO] - aggregate_fit: received 10 results and 0 failures
[2024-11-05 17:56:19,301][flwr][INFO] - fit progress: (9, 0.1780536908190649, {'accuracy': 0.625}, 143.92513374099872)
[2024-11-05 17:56:19,301][flwr][INFO] - configure_evaluate: strategy sampled 10 clients (out of 20)
[2024-11-05 17:56:20,182][flwr][INFO] - aggregate_evaluate: received 10 results and 0 failures
[2024-11-05 17:56:20,182][root][INFO] - EVALUATE_METRICS_AGGREGATION: 0.705
[2024-11-05 17:56:20,182][flwr][INFO] - 
[2024-11-05 17:56:20,182][flwr][INFO] - [ROUND 10]
[2024-11-05 17:56:20,182][flwr][INFO] - configure_fit: strategy sampled 10 clients (out of 20)
[2024-11-05 17:56:27,636][flwr][INFO] - aggregate_fit: received 10 results and 0 failures
[2024-11-05 17:56:34,288][flwr][INFO] - fit progress: (10, 0.13554881019608409, {'accuracy': 0.625}, 158.91232500600017)
[2024-11-05 17:56:34,288][flwr][INFO] - configure_evaluate: strategy sampled 10 clients (out of 20)
[2024-11-05 17:56:35,177][flwr][INFO] - aggregate_evaluate: received 10 results and 0 failures
[2024-11-05 17:56:35,177][root][INFO] - EVALUATE_METRICS_AGGREGATION: 0.805
[2024-11-05 17:56:35,177][flwr][INFO] - 
[2024-11-05 17:56:35,177][flwr][INFO] - [ROUND 11]
[2024-11-05 17:56:35,178][flwr][INFO] - configure_fit: strategy sampled 10 clients (out of 20)
[2024-11-05 17:56:42,925][flwr][INFO] - aggregate_fit: received 10 results and 0 failures
[2024-11-05 17:56:49,634][flwr][INFO] - fit progress: (11, 0.29610463671195203, {'accuracy': 0.625}, 174.25827208400005)
[2024-11-05 17:56:49,634][flwr][INFO] - configure_evaluate: strategy sampled 10 clients (out of 20)
[2024-11-05 17:56:50,543][flwr][INFO] - aggregate_evaluate: received 10 results and 0 failures
[2024-11-05 17:56:50,544][root][INFO] - EVALUATE_METRICS_AGGREGATION: 0.6900000000000001
[2024-11-05 17:56:50,544][flwr][INFO] - 
[2024-11-05 17:56:50,544][flwr][INFO] - [ROUND 12]
[2024-11-05 17:56:50,544][flwr][INFO] - configure_fit: strategy sampled 10 clients (out of 20)
[2024-11-05 17:56:58,979][flwr][INFO] - aggregate_fit: received 10 results and 0 failures
[2024-11-05 17:57:05,572][flwr][INFO] - fit progress: (12, 0.2228806577861691, {'accuracy': 0.625}, 190.1966863790003)
[2024-11-05 17:57:05,573][flwr][INFO] - configure_evaluate: strategy sampled 10 clients (out of 20)
[2024-11-05 17:57:06,391][flwr][INFO] - aggregate_evaluate: received 10 results and 0 failures
[2024-11-05 17:57:06,391][root][INFO] - EVALUATE_METRICS_AGGREGATION: 0.735
[2024-11-05 17:57:06,391][flwr][INFO] - 
[2024-11-05 17:57:06,391][flwr][INFO] - [ROUND 13]
[2024-11-05 17:57:06,392][flwr][INFO] - configure_fit: strategy sampled 10 clients (out of 20)
[2024-11-05 17:57:13,978][flwr][INFO] - aggregate_fit: received 10 results and 0 failures
[2024-11-05 17:57:20,491][flwr][INFO] - fit progress: (13, 0.04875212892567596, {'accuracy': 0.625}, 205.11492760699912)
[2024-11-05 17:57:20,491][flwr][INFO] - configure_evaluate: strategy sampled 10 clients (out of 20)
[2024-11-05 17:57:21,425][flwr][INFO] - aggregate_evaluate: received 10 results and 0 failures
[2024-11-05 17:57:21,425][root][INFO] - EVALUATE_METRICS_AGGREGATION: 0.6849999999999999
[2024-11-05 17:57:21,425][flwr][INFO] - 
[2024-11-05 17:57:21,425][flwr][INFO] - [ROUND 14]
[2024-11-05 17:57:21,425][flwr][INFO] - configure_fit: strategy sampled 10 clients (out of 20)
[2024-11-05 17:57:29,417][flwr][INFO] - aggregate_fit: received 10 results and 0 failures
[2024-11-05 17:57:36,179][flwr][INFO] - fit progress: (14, 0.22739257424090725, {'accuracy': 0.625}, 220.80337120400145)
[2024-11-05 17:57:36,179][flwr][INFO] - configure_evaluate: strategy sampled 10 clients (out of 20)
[2024-11-05 17:57:37,031][flwr][INFO] - aggregate_evaluate: received 10 results and 0 failures
[2024-11-05 17:57:37,031][root][INFO] - EVALUATE_METRICS_AGGREGATION: 0.6649999999999999
[2024-11-05 17:57:37,031][flwr][INFO] - 
[2024-11-05 17:57:37,031][flwr][INFO] - [ROUND 15]
[2024-11-05 17:57:37,031][flwr][INFO] - configure_fit: strategy sampled 10 clients (out of 20)
[2024-11-05 17:57:45,123][flwr][INFO] - aggregate_fit: received 10 results and 0 failures
[2024-11-05 17:57:51,726][flwr][INFO] - fit progress: (15, 0.08810995098144467, {'accuracy': 0.625}, 236.35065708600087)
[2024-11-05 17:57:51,727][flwr][INFO] - configure_evaluate: strategy sampled 10 clients (out of 20)
[2024-11-05 17:57:52,663][flwr][INFO] - aggregate_evaluate: received 10 results and 0 failures
[2024-11-05 17:57:52,663][root][INFO] - EVALUATE_METRICS_AGGREGATION: 0.75
[2024-11-05 17:57:52,675][flwr][INFO] - 
[2024-11-05 17:57:52,675][flwr][INFO] - [SUMMARY]
[2024-11-05 17:57:52,675][flwr][INFO] - Run finished 15 round(s) in 237.29s
[2024-11-05 17:57:52,676][flwr][INFO] - 	History (loss, distributed):
[2024-11-05 17:57:52,676][flwr][INFO] - 		round 1: 0.45500122823286804
[2024-11-05 17:57:52,676][flwr][INFO] - 		round 2: 0.6735194709147618
[2024-11-05 17:57:52,676][flwr][INFO] - 		round 3: 1.1432363247871398
[2024-11-05 17:57:52,676][flwr][INFO] - 		round 4: 0.6910658644139764
[2024-11-05 17:57:52,676][flwr][INFO] - 		round 5: 1.1941808231174946
[2024-11-05 17:57:52,676][flwr][INFO] - 		round 6: 1.1221109327673713
[2024-11-05 17:57:52,677][flwr][INFO] - 		round 7: 0.8624498800933326
[2024-11-05 17:57:52,677][flwr][INFO] - 		round 8: 0.6555842111122911
[2024-11-05 17:57:52,677][flwr][INFO] - 		round 9: 1.115750918239351
[2024-11-05 17:57:52,677][flwr][INFO] - 		round 10: 0.5563287663408164
[2024-11-05 17:57:52,677][flwr][INFO] - 		round 11: 1.9124329209327697
[2024-11-05 17:57:52,677][flwr][INFO] - 		round 12: 1.238281729221344
[2024-11-05 17:57:52,677][flwr][INFO] - 		round 13: 0.32225238726940003
[2024-11-05 17:57:52,677][flwr][INFO] - 		round 14: 1.5789945816993713
[2024-11-05 17:57:52,677][flwr][INFO] - 		round 15: 0.43549707960657535
[2024-11-05 17:57:52,677][flwr][INFO] - 	History (loss, centralized):
[2024-11-05 17:57:52,678][flwr][INFO] - 		round 0: 0.02171629724594263
[2024-11-05 17:57:52,678][flwr][INFO] - 		round 1: 0.06834792493035098
[2024-11-05 17:57:52,678][flwr][INFO] - 		round 2: 0.10682535272070919
[2024-11-05 17:57:52,678][flwr][INFO] - 		round 3: 0.23390717842640021
[2024-11-05 17:57:52,678][flwr][INFO] - 		round 4: 0.20541542269982016
[2024-11-05 17:57:52,678][flwr][INFO] - 		round 5: 0.2019845789226774
[2024-11-05 17:57:52,678][flwr][INFO] - 		round 6: 0.157678227692459
[2024-11-05 17:57:52,678][flwr][INFO] - 		round 7: 0.17719110039372757
[2024-11-05 17:57:52,678][flwr][INFO] - 		round 8: 0.08505743577906963
[2024-11-05 17:57:52,678][flwr][INFO] - 		round 9: 0.1780536908190649
[2024-11-05 17:57:52,678][flwr][INFO] - 		round 10: 0.13554881019608409
[2024-11-05 17:57:52,678][flwr][INFO] - 		round 11: 0.29610463671195203
[2024-11-05 17:57:52,679][flwr][INFO] - 		round 12: 0.2228806577861691
[2024-11-05 17:57:52,679][flwr][INFO] - 		round 13: 0.04875212892567596
[2024-11-05 17:57:52,679][flwr][INFO] - 		round 14: 0.22739257424090725
[2024-11-05 17:57:52,679][flwr][INFO] - 		round 15: 0.08810995098144467
[2024-11-05 17:57:52,679][flwr][INFO] - 	History (metrics, distributed, evaluate):
[2024-11-05 17:57:52,679][flwr][INFO] - 	{'federated_evaluate_accuracy': [(1, 0.6849999999999999),
[2024-11-05 17:57:52,679][flwr][INFO] - 	                                 (2, 0.705),
[2024-11-05 17:57:52,679][flwr][INFO] - 	                                 (3, 0.765),
[2024-11-05 17:57:52,679][flwr][INFO] - 	                                 (4, 0.825),
[2024-11-05 17:57:52,679][flwr][INFO] - 	                                 (5, 0.725),
[2024-11-05 17:57:52,679][flwr][INFO] - 	                                 (6, 0.65),
[2024-11-05 17:57:52,680][flwr][INFO] - 	                                 (7, 0.7649999999999999),
[2024-11-05 17:57:52,680][flwr][INFO] - 	                                 (8, 0.635),
[2024-11-05 17:57:52,680][flwr][INFO] - 	                                 (9, 0.705),
[2024-11-05 17:57:52,680][flwr][INFO] - 	                                 (10, 0.805),
[2024-11-05 17:57:52,680][flwr][INFO] - 	                                 (11, 0.6900000000000001),
[2024-11-05 17:57:52,680][flwr][INFO] - 	                                 (12, 0.735),
[2024-11-05 17:57:52,680][flwr][INFO] - 	                                 (13, 0.6849999999999999),
[2024-11-05 17:57:52,680][flwr][INFO] - 	                                 (14, 0.6649999999999999),
[2024-11-05 17:57:52,680][flwr][INFO] - 	                                 (15, 0.75)]}
[2024-11-05 17:57:52,680][flwr][INFO] - 	History (metrics, centralized):
[2024-11-05 17:57:52,680][flwr][INFO] - 	{'accuracy': [(0, 0.625),
[2024-11-05 17:57:52,681][flwr][INFO] - 	              (1, 0.625),
[2024-11-05 17:57:52,681][flwr][INFO] - 	              (2, 0.625),
[2024-11-05 17:57:52,681][flwr][INFO] - 	              (3, 0.625),
[2024-11-05 17:57:52,681][flwr][INFO] - 	              (4, 0.625),
[2024-11-05 17:57:52,681][flwr][INFO] - 	              (5, 0.625),
[2024-11-05 17:57:52,681][flwr][INFO] - 	              (6, 0.625),
[2024-11-05 17:57:52,681][flwr][INFO] - 	              (7, 0.625),
[2024-11-05 17:57:52,681][flwr][INFO] - 	              (8, 0.625),
[2024-11-05 17:57:52,681][flwr][INFO] - 	              (9, 0.625),
[2024-11-05 17:57:52,681][flwr][INFO] - 	              (10, 0.625),
[2024-11-05 17:57:52,681][flwr][INFO] - 	              (11, 0.625),
[2024-11-05 17:57:52,682][flwr][INFO] - 	              (12, 0.625),
[2024-11-05 17:57:52,682][flwr][INFO] - 	              (13, 0.625),
[2024-11-05 17:57:52,682][flwr][INFO] - 	              (14, 0.625),
[2024-11-05 17:57:52,682][flwr][INFO] - 	              (15, 0.625)]}
[2024-11-05 17:57:52,682][flwr][INFO] - 
