[2024-11-27 01:45:11,915][flwr][WARNING] - Both server and strategy were provided, ignoring strategy
[2024-11-27 01:45:11,915][flwr][INFO] - Starting Flower simulation, config: ServerConfig(num_rounds=2, round_timeout=None)
[2024-11-27 01:45:17,608][flwr][INFO] - Flower VCE: Ray initialized with resources: {'object_store_memory': 4175659008.0, 'GPU': 1.0, 'accelerator_type:G': 1.0, 'memory': 8351318016.0, 'node:__internal_head__': 1.0, 'node:192.168.1.62': 1.0, 'CPU': 12.0}
[2024-11-27 01:45:17,608][flwr][INFO] - Flower VCE: Resources for each Virtual Client: {'num_cpus': 4, 'num_gpus': 1}
[2024-11-27 01:45:17,615][flwr][INFO] - Flower VCE: Creating VirtualClientEngineActorPool with 1 actors
[2024-11-27 01:45:17,615][flwr][INFO] - Initializing global parameters
[2024-11-27 01:45:17,615][flwr][INFO] - Requesting initial parameters from one random client
[2024-11-27 01:45:22,136][flwr][INFO] - Received initial parameters from one random client
[2024-11-27 01:45:22,137][flwr][INFO] - Evaluating initial parameters
[2024-11-27 01:45:26,573][flwr][INFO] - initial parameters (loss, other metrics): 0.6887389412221983, {'accuracy': 0.5348837209302325}
[2024-11-27 01:45:26,573][flwr][INFO] - FL starting
[2024-11-27 01:45:26,607][flwr][DEBUG] - fit_round 1: strategy sampled 2 clients (out of 4)
[2024-11-27 01:45:31,995][flwr][DEBUG] - fit_round 1 received 2 results and 0 failures
[2024-11-27 01:45:32,080][flwr][WARNING] - No fit_metrics_aggregation_fn provided
[2024-11-27 01:45:36,492][flwr][INFO] - fit progress: (1, 0.6861008340998214, {'accuracy': 0.5271317829457365}, 9.918482552000569)
[2024-11-27 01:45:36,492][flwr][INFO] - evaluate_round 1: no clients selected, cancel
[2024-11-27 01:45:36,528][flwr][DEBUG] - fit_round 2: strategy sampled 2 clients (out of 4)
[2024-11-27 01:45:40,619][flwr][DEBUG] - fit_round 2 received 2 results and 0 failures
[2024-11-27 01:45:44,939][flwr][INFO] - fit progress: (2, 0.6858148796613827, {'accuracy': 0.5116279069767442}, 18.365492595999967)
[2024-11-27 01:45:44,939][flwr][INFO] - evaluate_round 2: no clients selected, cancel
[2024-11-27 01:45:44,939][flwr][INFO] - FL finished in 18.36592098499932
[2024-11-27 01:45:44,948][flwr][INFO] - app_fit: losses_distributed []
[2024-11-27 01:45:44,948][flwr][INFO] - app_fit: metrics_distributed_fit {}
[2024-11-27 01:45:44,948][flwr][INFO] - app_fit: metrics_distributed {}
[2024-11-27 01:45:44,948][flwr][INFO] - app_fit: losses_centralized [(0, 0.6887389412221983), (1, 0.6861008340998214), (2, 0.6858148796613827)]
[2024-11-27 01:45:44,948][flwr][INFO] - app_fit: metrics_centralized {'accuracy': [(0, 0.5348837209302325), (1, 0.5271317829457365), (2, 0.5116279069767442)]}
