[2024-11-10 01:40:47,970][flwr][WARNING] - Both server and strategy were provided, ignoring strategy
[2024-11-10 01:40:47,971][flwr][INFO] - Starting Flower simulation, config: ServerConfig(num_rounds=2, round_timeout=None)
[2024-11-10 01:40:52,532][flwr][INFO] - Flower VCE: Ray initialized with resources: {'CPU': 12.0, 'node:192.168.1.234': 1.0, 'memory': 6277971150.0, 'node:__internal_head__': 1.0, 'object_store_memory': 3138985574.0, 'GPU': 1.0, 'accelerator_type:G': 1.0}
[2024-11-10 01:40:52,532][flwr][INFO] - Flower VCE: Resources for each Virtual Client: {'num_cpus': 4, 'num_gpus': 0.0}
[2024-11-10 01:40:52,539][flwr][INFO] - Flower VCE: Creating VirtualClientEngineActorPool with 3 actors
[2024-11-10 01:40:52,539][flwr][INFO] - Initializing global parameters
[2024-11-10 01:40:52,540][flwr][INFO] - Requesting initial parameters from one random client
[2024-11-10 01:40:54,147][flwr][INFO] - Received initial parameters from one random client
[2024-11-10 01:40:54,148][flwr][INFO] - Evaluating initial parameters
[2024-11-10 01:40:56,131][flwr][INFO] - initial parameters (loss, other metrics): 2.278721430362799, {'accuracy': 0.375}
[2024-11-10 01:40:56,131][flwr][INFO] - FL starting
[2024-11-10 01:40:56,131][flwr][DEBUG] - fit_round 1: strategy sampled 10 clients (out of 10)
[2024-11-10 01:41:03,797][flwr][DEBUG] - fit_round 1 received 10 results and 0 failures
[2024-11-10 01:41:03,865][flwr][WARNING] - No fit_metrics_aggregation_fn provided
[2024-11-10 01:41:05,910][flwr][INFO] - fit progress: (1, 2.0070883066226273, {'accuracy': 0.625}, 9.778812042000936)
[2024-11-10 01:41:05,910][flwr][INFO] - evaluate_round 1: no clients selected, cancel
[2024-11-10 01:41:05,910][flwr][DEBUG] - fit_round 2: strategy sampled 10 clients (out of 10)
[2024-11-10 01:41:13,570][flwr][DEBUG] - fit_round 2 received 10 results and 0 failures
[2024-11-10 01:41:15,932][flwr][INFO] - fit progress: (2, 1.164644093467639, {'accuracy': 0.625}, 19.80051972000365)
[2024-11-10 01:41:15,932][flwr][INFO] - evaluate_round 2: no clients selected, cancel
[2024-11-10 01:41:15,932][flwr][INFO] - FL finished in 19.800879750000604
[2024-11-10 01:41:15,932][flwr][INFO] - app_fit: losses_distributed []
[2024-11-10 01:41:15,933][flwr][INFO] - app_fit: metrics_distributed_fit {}
[2024-11-10 01:41:15,933][flwr][INFO] - app_fit: metrics_distributed {}
[2024-11-10 01:41:15,933][flwr][INFO] - app_fit: losses_centralized [(0, 2.278721430362799), (1, 2.0070883066226273), (2, 1.164644093467639)]
[2024-11-10 01:41:15,933][flwr][INFO] - app_fit: metrics_centralized {'accuracy': [(0, 0.375), (1, 0.625), (2, 0.625)]}
