[2024-11-23 10:23:30,267][flwr][WARNING] - Both server and strategy were provided, ignoring strategy
[2024-11-23 10:23:30,268][flwr][INFO] - Starting Flower simulation, config: ServerConfig(num_rounds=2, round_timeout=None)
[2024-11-23 10:23:37,071][flwr][INFO] - Flower VCE: Ray initialized with resources: {'memory': 7373453723.0, 'node:192.168.1.62': 1.0, 'CPU': 12.0, 'node:__internal_head__': 1.0, 'GPU': 1.0, 'accelerator_type:G': 1.0, 'object_store_memory': 3686726860.0}
[2024-11-23 10:23:37,072][flwr][INFO] - Flower VCE: Resources for each Virtual Client: {'num_cpus': 4, 'num_gpus': 0.5}
[2024-11-23 10:23:37,093][flwr][INFO] - Flower VCE: Creating VirtualClientEngineActorPool with 2 actors
[2024-11-23 10:23:37,094][flwr][INFO] - Initializing global parameters
[2024-11-23 10:23:37,094][flwr][INFO] - Requesting initial parameters from one random client
[2024-11-23 10:23:40,601][flwr][INFO] - Received initial parameters from one random client
[2024-11-23 10:23:40,601][flwr][INFO] - Evaluating initial parameters
[2024-11-23 10:23:46,233][flwr][INFO] - initial parameters (loss, other metrics): 0.7777071997176769, {'accuracy': 0.20155038759689922}
[2024-11-23 10:23:46,235][flwr][INFO] - FL starting
[2024-11-23 10:23:46,237][flwr][DEBUG] - fit_round 1: strategy sampled 2 clients (out of 4)
[2024-11-23 10:23:50,601][flwr][DEBUG] - fit_round 1 received 2 results and 0 failures
[2024-11-23 10:23:50,725][flwr][WARNING] - No fit_metrics_aggregation_fn provided
[2024-11-23 10:23:56,356][flwr][INFO] - fit progress: (1, 0.7567243945691012, {'accuracy': 0.34108527131782945}, 10.119838464999702)
[2024-11-23 10:23:56,356][flwr][INFO] - evaluate_round 1: no clients selected, cancel
[2024-11-23 10:23:56,357][flwr][DEBUG] - fit_round 2: strategy sampled 2 clients (out of 4)
[2024-11-23 10:23:57,358][flwr][DEBUG] - fit_round 2 received 2 results and 0 failures
[2024-11-23 10:24:03,211][flwr][INFO] - fit progress: (2, 0.7434383806332138, {'accuracy': 0.3798449612403101}, 16.974910096999338)
[2024-11-23 10:24:03,212][flwr][INFO] - evaluate_round 2: no clients selected, cancel
[2024-11-23 10:24:03,212][flwr][INFO] - FL finished in 16.976404099999854
[2024-11-23 10:24:03,213][flwr][INFO] - app_fit: losses_distributed []
[2024-11-23 10:24:03,214][flwr][INFO] - app_fit: metrics_distributed_fit {}
[2024-11-23 10:24:03,214][flwr][INFO] - app_fit: metrics_distributed {}
[2024-11-23 10:24:03,214][flwr][INFO] - app_fit: losses_centralized [(0, 0.7777071997176769), (1, 0.7567243945691012), (2, 0.7434383806332138)]
[2024-11-23 10:24:03,214][flwr][INFO] - app_fit: metrics_centralized {'accuracy': [(0, 0.20155038759689922), (1, 0.34108527131782945), (2, 0.3798449612403101)]}
