[2024-12-03 14:59:13,305][flwr][WARNING] - Both server and strategy were provided, ignoring strategy
[2024-12-03 14:59:13,305][flwr][INFO] - Starting Flower simulation, config: ServerConfig(num_rounds=1, round_timeout=None)
[2024-12-03 14:59:18,618][flwr][INFO] - Flower VCE: Ray initialized with resources: {'node:__internal_head__': 1.0, 'node:192.168.80.77': 1.0, 'CPU': 12.0, 'memory': 7007290983.0, 'accelerator_type:G': 1.0, 'GPU': 1.0, 'object_store_memory': 3503645491.0}
[2024-12-03 14:59:18,618][flwr][INFO] - Flower VCE: Resources for each Virtual Client: {'num_cpus': 4, 'num_gpus': 1}
[2024-12-03 14:59:18,626][flwr][INFO] - Flower VCE: Creating VirtualClientEngineActorPool with 1 actors
[2024-12-03 14:59:18,627][flwr][INFO] - Initializing global parameters
[2024-12-03 14:59:18,627][flwr][INFO] - Requesting initial parameters from one random client
[2024-12-03 14:59:22,708][flwr][INFO] - Received initial parameters from one random client
[2024-12-03 14:59:22,708][flwr][INFO] - Evaluating initial parameters
[2024-12-03 14:59:31,060][flwr][INFO] - initial parameters (loss, other metrics): 0.7253728984862335, {'accuracy': 0.46511627906976744}
[2024-12-03 14:59:31,061][flwr][INFO] - FL starting
[2024-12-03 14:59:31,061][flwr][DEBUG] - fit_round 1: strategy sampled 2 clients (out of 3)
[2024-12-03 14:59:36,851][flwr][DEBUG] - fit_round 1 received 2 results and 0 failures
[2024-12-03 14:59:36,896][flwr][WARNING] - No fit_metrics_aggregation_fn provided
[2024-12-03 14:59:44,815][flwr][INFO] - fit progress: (1, 0.7323072307793669, {'accuracy': 0.46511627906976744}, 13.754517514000327)
[2024-12-03 14:59:44,815][flwr][INFO] - evaluate_round 1: no clients selected, cancel
[2024-12-03 14:59:44,816][flwr][INFO] - FL finished in 13.754864664002525
[2024-12-03 14:59:44,816][flwr][INFO] - app_fit: losses_distributed []
[2024-12-03 14:59:44,816][flwr][INFO] - app_fit: metrics_distributed_fit {}
[2024-12-03 14:59:44,816][flwr][INFO] - app_fit: metrics_distributed {}
[2024-12-03 14:59:44,816][flwr][INFO] - app_fit: losses_centralized [(0, 0.7253728984862335), (1, 0.7323072307793669)]
[2024-12-03 14:59:44,816][flwr][INFO] - app_fit: metrics_centralized {'accuracy': [(0, 0.46511627906976744), (1, 0.46511627906976744)]}
