[2024-11-10 02:29:57,594][flwr][WARNING] - Both server and strategy were provided, ignoring strategy
[2024-11-10 02:29:57,595][flwr][INFO] - Starting Flower simulation, config: ServerConfig(num_rounds=5, round_timeout=None)
[2024-11-10 02:30:02,820][flwr][INFO] - Flower VCE: Ray initialized with resources: {'node:192.168.1.234': 1.0, 'CPU': 12.0, 'object_store_memory': 2975488819.0, 'node:__internal_head__': 1.0, 'GPU': 1.0, 'accelerator_type:G': 1.0, 'memory': 5950977639.0}
[2024-11-10 02:30:02,820][flwr][INFO] - Flower VCE: Resources for each Virtual Client: {'num_cpus': 4, 'num_gpus': 0.0}
[2024-11-10 02:30:02,827][flwr][INFO] - Flower VCE: Creating VirtualClientEngineActorPool with 3 actors
[2024-11-10 02:30:02,827][flwr][INFO] - Initializing global parameters
[2024-11-10 02:30:02,827][flwr][INFO] - Requesting initial parameters from one random client
[2024-11-10 02:30:04,664][flwr][INFO] - Received initial parameters from one random client
[2024-11-10 02:30:04,665][flwr][INFO] - Evaluating initial parameters
[2024-11-10 02:30:06,512][flwr][INFO] - initial parameters (loss, other metrics): 0.7030626092201624, {'accuracy': 0.375}
[2024-11-10 02:30:06,512][flwr][INFO] - FL starting
[2024-11-10 02:30:06,512][flwr][DEBUG] - fit_round 1: strategy sampled 10 clients (out of 20)
[2024-11-10 02:30:12,108][flwr][DEBUG] - fit_round 1 received 10 results and 0 failures
[2024-11-10 02:30:12,147][flwr][WARNING] - No fit_metrics_aggregation_fn provided
[2024-11-10 02:30:14,029][flwr][INFO] - fit progress: (1, 0.6813960014245449, {'accuracy': 0.625}, 7.516512906004209)
[2024-11-10 02:30:14,029][flwr][INFO] - evaluate_round 1: no clients selected, cancel
[2024-11-10 02:30:14,029][flwr][DEBUG] - fit_round 2: strategy sampled 10 clients (out of 20)
[2024-11-10 02:30:19,090][flwr][DEBUG] - fit_round 2 received 10 results and 0 failures
[2024-11-10 02:30:21,128][flwr][INFO] - fit progress: (2, 0.6716933067028339, {'accuracy': 0.625}, 14.61540079900442)
[2024-11-10 02:30:21,128][flwr][INFO] - evaluate_round 2: no clients selected, cancel
[2024-11-10 02:30:21,128][flwr][DEBUG] - fit_round 3: strategy sampled 10 clients (out of 20)
[2024-11-10 02:30:26,407][flwr][DEBUG] - fit_round 3 received 10 results and 0 failures
[2024-11-10 02:30:28,546][flwr][INFO] - fit progress: (3, 0.6659720677595872, {'accuracy': 0.625}, 22.033569318002264)
[2024-11-10 02:30:28,546][flwr][INFO] - evaluate_round 3: no clients selected, cancel
[2024-11-10 02:30:28,546][flwr][DEBUG] - fit_round 4: strategy sampled 10 clients (out of 20)
[2024-11-10 02:30:33,955][flwr][DEBUG] - fit_round 4 received 10 results and 0 failures
[2024-11-10 02:30:35,998][flwr][INFO] - fit progress: (4, 0.6642446044163827, {'accuracy': 0.625}, 29.48561413900461)
[2024-11-10 02:30:35,998][flwr][INFO] - evaluate_round 4: no clients selected, cancel
[2024-11-10 02:30:35,998][flwr][DEBUG] - fit_round 5: strategy sampled 10 clients (out of 20)
[2024-11-10 02:30:41,246][flwr][DEBUG] - fit_round 5 received 10 results and 0 failures
[2024-11-10 02:30:43,243][flwr][INFO] - fit progress: (5, 0.668799761778269, {'accuracy': 0.625}, 36.73039992300619)
[2024-11-10 02:30:43,243][flwr][INFO] - evaluate_round 5: no clients selected, cancel
[2024-11-10 02:30:43,243][flwr][INFO] - FL finished in 36.730797446005454
[2024-11-10 02:30:43,243][flwr][INFO] - app_fit: losses_distributed []
[2024-11-10 02:30:43,244][flwr][INFO] - app_fit: metrics_distributed_fit {}
[2024-11-10 02:30:43,244][flwr][INFO] - app_fit: metrics_distributed {}
[2024-11-10 02:30:43,244][flwr][INFO] - app_fit: losses_centralized [(0, 0.7030626092201624), (1, 0.6813960014245449), (2, 0.6716933067028339), (3, 0.6659720677595872), (4, 0.6642446044163827), (5, 0.668799761778269)]
[2024-11-10 02:30:43,244][flwr][INFO] - app_fit: metrics_centralized {'accuracy': [(0, 0.375), (1, 0.625), (2, 0.625), (3, 0.625), (4, 0.625), (5, 0.625)]}
