[2024-11-27 01:42:23,637][flwr][WARNING] - Both server and strategy were provided, ignoring strategy
[2024-11-27 01:42:23,637][flwr][INFO] - Starting Flower simulation, config: ServerConfig(num_rounds=2, round_timeout=None)
[2024-11-27 01:42:28,772][flwr][INFO] - Flower VCE: Ray initialized with resources: {'node:__internal_head__': 1.0, 'accelerator_type:G': 1.0, 'GPU': 1.0, 'memory': 8532946944.0, 'object_store_memory': 4266473472.0, 'node:192.168.1.62': 1.0, 'CPU': 12.0}
[2024-11-27 01:42:28,772][flwr][INFO] - Flower VCE: Resources for each Virtual Client: {'num_cpus': 4, 'num_gpus': 1}
[2024-11-27 01:42:28,779][flwr][INFO] - Flower VCE: Creating VirtualClientEngineActorPool with 1 actors
[2024-11-27 01:42:28,779][flwr][INFO] - Initializing global parameters
[2024-11-27 01:42:28,779][flwr][INFO] - Requesting initial parameters from one random client
[2024-11-27 01:42:32,895][flwr][INFO] - Received initial parameters from one random client
[2024-11-27 01:42:32,895][flwr][INFO] - Evaluating initial parameters
[2024-11-27 01:42:36,995][flwr][INFO] - initial parameters (loss, other metrics): 0.7199954690859299, {'accuracy': 0.46511627906976744}
[2024-11-27 01:42:36,995][flwr][INFO] - FL starting
[2024-11-27 01:42:36,995][flwr][DEBUG] - fit_round 1: strategy sampled 2 clients (out of 4)
[2024-11-27 01:42:41,668][flwr][DEBUG] - fit_round 1 received 2 results and 0 failures
[2024-11-27 01:42:41,715][flwr][WARNING] - No fit_metrics_aggregation_fn provided
[2024-11-27 01:42:45,936][flwr][INFO] - fit progress: (1, 0.7200499689856241, {'accuracy': 0.46511627906976744}, 8.941529607998746)
[2024-11-27 01:42:45,937][flwr][INFO] - evaluate_round 1: no clients selected, cancel
[2024-11-27 01:42:45,937][flwr][DEBUG] - fit_round 2: strategy sampled 2 clients (out of 4)
[2024-11-27 01:42:49,681][flwr][DEBUG] - fit_round 2 received 2 results and 0 failures
[2024-11-27 01:42:53,857][flwr][INFO] - fit progress: (2, 0.7248294815536618, {'accuracy': 0.46511627906976744}, 16.862597912999263)
[2024-11-27 01:42:53,858][flwr][INFO] - evaluate_round 2: no clients selected, cancel
[2024-11-27 01:42:53,858][flwr][INFO] - FL finished in 16.862989657998696
[2024-11-27 01:42:53,858][flwr][INFO] - app_fit: losses_distributed []
[2024-11-27 01:42:53,859][flwr][INFO] - app_fit: metrics_distributed_fit {}
[2024-11-27 01:42:53,859][flwr][INFO] - app_fit: metrics_distributed {}
[2024-11-27 01:42:53,859][flwr][INFO] - app_fit: losses_centralized [(0, 0.7199954690859299), (1, 0.7200499689856241), (2, 0.7248294815536618)]
[2024-11-27 01:42:53,859][flwr][INFO] - app_fit: metrics_centralized {'accuracy': [(0, 0.46511627906976744), (1, 0.46511627906976744), (2, 0.46511627906976744)]}
