[2024-11-08 14:11:14,079][flwr][WARNING] - Both server and strategy were provided, ignoring strategy
[2024-11-08 14:11:14,079][flwr][INFO] - Starting Flower simulation, config: ServerConfig(num_rounds=50, round_timeout=None)
[2024-11-08 14:11:18,820][flwr][INFO] - Flower VCE: Ray initialized with resources: {'node:172.16.1.86': 1.0, 'memory': 7762808832.0, 'node:__internal_head__': 1.0, 'object_store_memory': 3881404416.0, 'CPU': 12.0, 'GPU': 1.0, 'accelerator_type:G': 1.0}
[2024-11-08 14:11:18,821][flwr][INFO] - Flower VCE: Resources for each Virtual Client: {'num_cpus': 4, 'num_gpus': 0.0}
[2024-11-08 14:11:18,827][flwr][INFO] - Flower VCE: Creating VirtualClientEngineActorPool with 3 actors
[2024-11-08 14:11:18,828][flwr][INFO] - Initializing global parameters
[2024-11-08 14:11:18,828][flwr][INFO] - Requesting initial parameters from one random client
[2024-11-08 14:11:20,464][flwr][INFO] - Received initial parameters from one random client
[2024-11-08 14:11:20,464][flwr][INFO] - Evaluating initial parameters
[2024-11-08 14:11:21,789][flwr][INFO] - initial parameters (loss, other metrics): 2.3043263671875, {'accuracy': 0.1}
[2024-11-08 14:11:21,789][flwr][INFO] - FL starting
[2024-11-08 14:11:21,789][flwr][DEBUG] - fit_round 1: strategy sampled 10 clients (out of 10)
[2024-11-08 14:13:08,338][flwr][DEBUG] - fit_round 1 received 10 results and 0 failures
[2024-11-08 14:13:08,346][flwr][WARNING] - No fit_metrics_aggregation_fn provided
[2024-11-08 14:13:09,728][flwr][INFO] - fit progress: (1, 2.304576171875, {'accuracy': 0.151}, 107.93891904799989)
[2024-11-08 14:13:09,728][flwr][INFO] - evaluate_round 1: no clients selected, cancel
[2024-11-08 14:13:09,728][flwr][DEBUG] - fit_round 2: strategy sampled 10 clients (out of 10)
[2024-11-08 14:15:00,329][flwr][DEBUG] - fit_round 2 received 10 results and 0 failures
[2024-11-08 14:15:01,583][flwr][INFO] - fit progress: (2, 1.9779994140625, {'accuracy': 0.2887}, 219.79379947099983)
[2024-11-08 14:15:01,583][flwr][INFO] - evaluate_round 2: no clients selected, cancel
[2024-11-08 14:15:01,583][flwr][DEBUG] - fit_round 3: strategy sampled 10 clients (out of 10)
[2024-11-08 14:16:47,499][flwr][DEBUG] - fit_round 3 received 10 results and 0 failures
[2024-11-08 14:16:48,772][flwr][INFO] - fit progress: (3, 1.74059453125, {'accuracy': 0.3804}, 326.9824496819999)
[2024-11-08 14:16:48,772][flwr][INFO] - evaluate_round 3: no clients selected, cancel
[2024-11-08 14:16:48,772][flwr][DEBUG] - fit_round 4: strategy sampled 10 clients (out of 10)
[2024-11-08 14:18:33,794][flwr][DEBUG] - fit_round 4 received 10 results and 0 failures
[2024-11-08 14:18:35,138][flwr][INFO] - fit progress: (4, 1.63551337890625, {'accuracy': 0.4218}, 433.34876867599996)
[2024-11-08 14:18:35,138][flwr][INFO] - evaluate_round 4: no clients selected, cancel
[2024-11-08 14:18:35,138][flwr][DEBUG] - fit_round 5: strategy sampled 10 clients (out of 10)
[2024-11-08 14:20:19,893][flwr][DEBUG] - fit_round 5 received 10 results and 0 failures
[2024-11-08 14:20:21,200][flwr][INFO] - fit progress: (5, 1.5497794921875, {'accuracy': 0.454}, 539.410532141)
[2024-11-08 14:20:21,200][flwr][INFO] - evaluate_round 5: no clients selected, cancel
[2024-11-08 14:20:21,200][flwr][DEBUG] - fit_round 6: strategy sampled 10 clients (out of 10)
[2024-11-08 14:22:14,848][flwr][DEBUG] - fit_round 6 received 10 results and 0 failures
[2024-11-08 14:22:16,194][flwr][INFO] - fit progress: (6, 1.51546494140625, {'accuracy': 0.4616}, 654.404530973)
[2024-11-08 14:22:16,194][flwr][INFO] - evaluate_round 6: no clients selected, cancel
[2024-11-08 14:22:16,194][flwr][DEBUG] - fit_round 7: strategy sampled 10 clients (out of 10)
[2024-11-08 14:24:10,045][flwr][DEBUG] - fit_round 7 received 10 results and 0 failures
[2024-11-08 14:24:11,362][flwr][INFO] - fit progress: (7, 1.420692578125, {'accuracy': 0.4985}, 769.572539947)
[2024-11-08 14:24:11,362][flwr][INFO] - evaluate_round 7: no clients selected, cancel
[2024-11-08 14:24:11,362][flwr][DEBUG] - fit_round 8: strategy sampled 10 clients (out of 10)
[2024-11-08 14:26:01,811][flwr][DEBUG] - fit_round 8 received 10 results and 0 failures
[2024-11-08 14:26:03,188][flwr][INFO] - fit progress: (8, 1.3954916015625, {'accuracy': 0.5124}, 881.3990911779999)
[2024-11-08 14:26:03,188][flwr][INFO] - evaluate_round 8: no clients selected, cancel
[2024-11-08 14:26:03,189][flwr][DEBUG] - fit_round 9: strategy sampled 10 clients (out of 10)
[2024-11-08 14:27:51,502][flwr][DEBUG] - fit_round 9 received 10 results and 0 failures
[2024-11-08 14:27:52,839][flwr][INFO] - fit progress: (9, 1.3958203125, {'accuracy': 0.507}, 991.0500168209999)
[2024-11-08 14:27:52,839][flwr][INFO] - evaluate_round 9: no clients selected, cancel
[2024-11-08 14:27:52,839][flwr][DEBUG] - fit_round 10: strategy sampled 10 clients (out of 10)
[2024-11-08 14:29:47,255][flwr][DEBUG] - fit_round 10 received 10 results and 0 failures
[2024-11-08 14:29:48,547][flwr][INFO] - fit progress: (10, 1.3565283203125, {'accuracy': 0.5256}, 1106.7578310749998)
[2024-11-08 14:29:48,547][flwr][INFO] - evaluate_round 10: no clients selected, cancel
[2024-11-08 14:29:48,547][flwr][DEBUG] - fit_round 11: strategy sampled 10 clients (out of 10)
[2024-11-08 14:31:36,569][flwr][DEBUG] - fit_round 11 received 10 results and 0 failures
[2024-11-08 14:31:37,855][flwr][INFO] - fit progress: (11, 1.3311416015625, {'accuracy': 0.5275}, 1216.066003364)
[2024-11-08 14:31:37,855][flwr][INFO] - evaluate_round 11: no clients selected, cancel
[2024-11-08 14:31:37,855][flwr][DEBUG] - fit_round 12: strategy sampled 10 clients (out of 10)
[2024-11-08 14:33:24,560][flwr][DEBUG] - fit_round 12 received 10 results and 0 failures
[2024-11-08 14:33:25,859][flwr][INFO] - fit progress: (12, 1.32860537109375, {'accuracy': 0.5383}, 1324.0694433399997)
[2024-11-08 14:33:25,859][flwr][INFO] - evaluate_round 12: no clients selected, cancel
[2024-11-08 14:33:25,859][flwr][DEBUG] - fit_round 13: strategy sampled 10 clients (out of 10)
[2024-11-08 14:35:20,751][flwr][DEBUG] - fit_round 13 received 10 results and 0 failures
[2024-11-08 14:35:22,079][flwr][INFO] - fit progress: (13, 1.31726787109375, {'accuracy': 0.5395}, 1440.290306444)
[2024-11-08 14:35:22,080][flwr][INFO] - evaluate_round 13: no clients selected, cancel
[2024-11-08 14:35:22,080][flwr][DEBUG] - fit_round 14: strategy sampled 10 clients (out of 10)
[2024-11-08 14:37:11,276][flwr][DEBUG] - fit_round 14 received 10 results and 0 failures
[2024-11-08 14:37:12,666][flwr][INFO] - fit progress: (14, 1.269190625, {'accuracy': 0.5529}, 1550.8772033879998)
[2024-11-08 14:37:12,667][flwr][INFO] - evaluate_round 14: no clients selected, cancel
[2024-11-08 14:37:12,667][flwr][DEBUG] - fit_round 15: strategy sampled 10 clients (out of 10)
[2024-11-08 14:38:58,117][flwr][DEBUG] - fit_round 15 received 10 results and 0 failures
[2024-11-08 14:38:59,454][flwr][INFO] - fit progress: (15, 1.27050419921875, {'accuracy': 0.5527}, 1657.664750273)
[2024-11-08 14:38:59,454][flwr][INFO] - evaluate_round 15: no clients selected, cancel
[2024-11-08 14:38:59,454][flwr][DEBUG] - fit_round 16: strategy sampled 10 clients (out of 10)
[2024-11-08 14:40:48,600][flwr][DEBUG] - fit_round 16 received 10 results and 0 failures
[2024-11-08 14:40:49,933][flwr][INFO] - fit progress: (16, 1.24882958984375, {'accuracy': 0.5582}, 1768.14369473)
[2024-11-08 14:40:49,933][flwr][INFO] - evaluate_round 16: no clients selected, cancel
[2024-11-08 14:40:49,933][flwr][DEBUG] - fit_round 17: strategy sampled 10 clients (out of 10)
[2024-11-08 14:42:38,486][flwr][DEBUG] - fit_round 17 received 10 results and 0 failures
[2024-11-08 14:42:39,803][flwr][INFO] - fit progress: (17, 1.23783857421875, {'accuracy': 0.566}, 1878.0136683469998)
[2024-11-08 14:42:39,803][flwr][INFO] - evaluate_round 17: no clients selected, cancel
[2024-11-08 14:42:39,803][flwr][DEBUG] - fit_round 18: strategy sampled 10 clients (out of 10)
[2024-11-08 14:44:26,322][flwr][DEBUG] - fit_round 18 received 10 results and 0 failures
[2024-11-08 14:44:27,675][flwr][INFO] - fit progress: (18, 1.26561474609375, {'accuracy': 0.5579}, 1985.8853597099999)
[2024-11-08 14:44:27,675][flwr][INFO] - evaluate_round 18: no clients selected, cancel
[2024-11-08 14:44:27,675][flwr][DEBUG] - fit_round 19: strategy sampled 10 clients (out of 10)
[2024-11-08 14:46:26,871][flwr][DEBUG] - fit_round 19 received 10 results and 0 failures
[2024-11-08 14:46:28,195][flwr][INFO] - fit progress: (19, 1.22966474609375, {'accuracy': 0.5657}, 2106.4056024869997)
[2024-11-08 14:46:28,195][flwr][INFO] - evaluate_round 19: no clients selected, cancel
[2024-11-08 14:46:28,195][flwr][DEBUG] - fit_round 20: strategy sampled 10 clients (out of 10)
[2024-11-08 14:48:22,128][flwr][DEBUG] - fit_round 20 received 10 results and 0 failures
[2024-11-08 14:48:23,498][flwr][INFO] - fit progress: (20, 1.22234599609375, {'accuracy': 0.5676}, 2221.7088846019997)
[2024-11-08 14:48:23,498][flwr][INFO] - evaluate_round 20: no clients selected, cancel
[2024-11-08 14:48:23,498][flwr][DEBUG] - fit_round 21: strategy sampled 10 clients (out of 10)
[2024-11-08 14:50:11,152][flwr][DEBUG] - fit_round 21 received 10 results and 0 failures
[2024-11-08 14:50:12,466][flwr][INFO] - fit progress: (21, 1.19962841796875, {'accuracy': 0.5772}, 2330.677041127)
[2024-11-08 14:50:12,466][flwr][INFO] - evaluate_round 21: no clients selected, cancel
[2024-11-08 14:50:12,466][flwr][DEBUG] - fit_round 22: strategy sampled 10 clients (out of 10)
